{"contracts/assimilators/AssimilatorFactory.sol":{"l":{"32":0,"33":0,"35":0,"39":0,"40":0,"48":0,"49":0,"50":0,"51":0,"52":0,"53":0},"path":"/Users/ernestpascual/Downloads/projects/bigmochi/halodao-amm-v2/contracts/assimilators/AssimilatorFactory.sol","s":{"1":0,"2":0,"3":0,"4":0,"5":0,"6":0,"7":0,"8":0,"9":0,"10":0,"11":0,"12":0},"b":{"1":[0,0]},"f":{"1":0,"2":0,"3":0},"fnMap":{"1":{"name":"constructor","line":31,"loc":{"start":{"line":31,"column":4},"end":{"line":36,"column":4}}},"2":{"name":"getAssimilator","line":38,"loc":{"start":{"line":38,"column":4},"end":{"line":41,"column":4}}},"3":{"name":"newBaseAssimilator","line":47,"loc":{"start":{"line":43,"column":4},"end":{"line":54,"column":4}}}},"statementMap":{"1":{"start":{"line":32,"column":8},"end":{"line":32,"column":31}},"2":{"start":{"line":33,"column":8},"end":{"line":33,"column":19}},"3":{"start":{"line":35,"column":8},"end":{"line":35,"column":69}},"4":{"start":{"line":39,"column":8},"end":{"line":39,"column":55}},"5":{"start":{"line":40,"column":8},"end":{"line":40,"column":33}},"6":{"start":{"line":48,"column":8},"end":{"line":48,"column":55}},"7":{"start":{"line":49,"column":8},"end":{"line":49,"column":87}},"8":{"start":{"line":49,"column":44},"end":{"line":49,"column":86}},"9":{"start":{"line":50,"column":8},"end":{"line":50,"column":108}},"10":{"start":{"line":51,"column":8},"end":{"line":51,"column":46}},"11":{"start":{"line":52,"column":8},"end":{"line":52,"column":65}},"12":{"start":{"line":53,"column":8},"end":{"line":53,"column":26}}},"branchMap":{"1":{"line":49,"type":"if","locations":[{"start":{"line":49,"column":8},"end":{"line":49,"column":8}},{"start":{"line":49,"column":8},"end":{"line":49,"column":8}}]}}},"contracts/assimilators/BaseToUsdAssimilator.sol":{"l":{"43":0,"44":0,"45":0,"46":0,"50":0,"51":0,"56":0,"58":0,"60":0,"62":0,"64":0,"66":0,"71":0,"73":0,"75":0,"77":0,"82":0,"84":0,"86":0,"88":0,"98":0,"100":0,"103":0,"106":0,"109":0,"111":0,"113":0,"115":0,"124":0,"126":0,"128":0,"130":0,"132":0,"134":0,"136":0,"141":0,"143":0,"145":0,"147":0,"149":0,"154":0,"156":0,"158":0,"160":0,"165":0,"167":0,"175":0,"177":0,"178":0,"179":0,"181":0,"182":0,"184":0,"195":0,"197":0,"200":0,"202":0,"203":0,"205":0,"210":0,"211":0,"216":0,"218":0,"220":0,"222":0,"232":0,"234":0,"236":0,"238":0,"251":0,"253":0,"255":0,"256":0,"258":0},"path":"/Users/ernestpascual/Downloads/projects/bigmochi/halodao-amm-v2/contracts/assimilators/BaseToUsdAssimilator.sol","s":{"1":0,"2":0,"3":0,"4":0,"5":0,"6":0,"7":0,"8":0,"9":0,"10":0,"11":0,"12":0,"13":0,"14":0,"15":0,"16":0,"17":0,"18":0,"19":0,"20":0,"21":0,"22":0,"23":0,"24":0,"25":0,"26":0,"27":0,"28":0,"29":0,"30":0,"31":0,"32":0,"33":0,"34":0,"35":0,"36":0,"37":0,"38":0,"39":0,"40":0,"41":0,"42":0,"43":0,"44":0,"45":0,"46":0,"47":0,"48":0,"49":0,"50":0,"51":0,"52":0,"53":0,"54":0,"55":0,"56":0,"57":0,"58":0,"59":0,"60":0,"61":0,"62":0,"63":0,"64":0,"65":0,"66":0,"67":0,"68":0,"69":0,"70":0,"71":0,"72":0,"73":0,"74":0,"75":0,"76":0,"77":0,"78":0,"79":0},"b":{"1":[0,0],"2":[0,0],"3":[0,0],"4":[0,0],"5":[0,0],"6":[0,0],"7":[0,0],"8":[0,0],"9":[0,0],"10":[0,0],"11":[0,0],"12":[0,0],"13":[0,0]},"f":{"1":0,"2":0,"3":0,"4":0,"5":0,"6":0,"7":0,"8":0,"9":0,"10":0,"11":0,"12":0,"13":0,"14":0,"15":0,"16":0},"fnMap":{"1":{"name":"constructor","line":37,"loc":{"start":{"line":37,"column":4},"end":{"line":47,"column":4}}},"2":{"name":"getRate","line":49,"loc":{"start":{"line":49,"column":4},"end":{"line":52,"column":4}}},"3":{"name":"intakeRawAndGetBalance","line":55,"loc":{"start":{"line":55,"column":4},"end":{"line":67,"column":4}}},"4":{"name":"intakeRaw","line":70,"loc":{"start":{"line":70,"column":4},"end":{"line":78,"column":4}}},"5":{"name":"intakeNumeraire","line":81,"loc":{"start":{"line":81,"column":4},"end":{"line":89,"column":4}}},"6":{"name":"intakeNumeraireLPRatio","line":92,"loc":{"start":{"line":92,"column":4},"end":{"line":116,"column":4}}},"7":{"name":"outputRawAndGetBalance","line":119,"loc":{"start":{"line":119,"column":4},"end":{"line":137,"column":4}}},"8":{"name":"outputRaw","line":140,"loc":{"start":{"line":140,"column":4},"end":{"line":150,"column":4}}},"9":{"name":"outputNumeraire","line":153,"loc":{"start":{"line":153,"column":4},"end":{"line":161,"column":4}}},"10":{"name":"viewRawAmount","line":164,"loc":{"start":{"line":164,"column":4},"end":{"line":168,"column":4}}},"11":{"name":"_getBalancesFromVault","line":170,"loc":{"start":{"line":170,"column":4},"end":{"line":186,"column":4}}},"12":{"name":"viewRawAmountLPRatio","line":188,"loc":{"start":{"line":188,"column":4},"end":{"line":206,"column":4}}},"13":{"name":"viewNumeraireAmount","line":209,"loc":{"start":{"line":209,"column":4},"end":{"line":212,"column":4}}},"14":{"name":"viewNumeraireBalance","line":215,"loc":{"start":{"line":215,"column":4},"end":{"line":223,"column":4}}},"15":{"name":"viewNumeraireAmountAndBalance","line":227,"loc":{"start":{"line":227,"column":4},"end":{"line":239,"column":4}}},"16":{"name":"viewNumeraireBalanceLPRatio","line":244,"loc":{"start":{"line":244,"column":4},"end":{"line":259,"column":4}}}},"statementMap":{"1":{"start":{"line":43,"column":8},"end":{"line":43,"column":35}},"2":{"start":{"line":44,"column":8},"end":{"line":44,"column":29}},"3":{"start":{"line":45,"column":8},"end":{"line":45,"column":25}},"4":{"start":{"line":46,"column":8},"end":{"line":46,"column":23}},"5":{"start":{"line":50,"column":8},"end":{"line":50,"column":57}},"6":{"start":{"line":51,"column":8},"end":{"line":51,"column":29}},"7":{"start":{"line":56,"column":8},"end":{"line":56,"column":90}},"8":{"start":{"line":58,"column":8},"end":{"line":58,"column":82}},"9":{"start":{"line":60,"column":8},"end":{"line":60,"column":61}},"10":{"start":{"line":62,"column":8},"end":{"line":62,"column":33}},"11":{"start":{"line":64,"column":8},"end":{"line":64,"column":63}},"12":{"start":{"line":66,"column":8},"end":{"line":66,"column":61}},"13":{"start":{"line":71,"column":8},"end":{"line":71,"column":90}},"14":{"start":{"line":73,"column":8},"end":{"line":73,"column":82}},"15":{"start":{"line":75,"column":8},"end":{"line":75,"column":33}},"16":{"start":{"line":77,"column":8},"end":{"line":77,"column":61}},"17":{"start":{"line":82,"column":8},"end":{"line":82,"column":33}},"18":{"start":{"line":84,"column":8},"end":{"line":84,"column":59}},"19":{"start":{"line":86,"column":8},"end":{"line":86,"column":90}},"20":{"start":{"line":88,"column":8},"end":{"line":88,"column":82}},"21":{"start":{"line":98,"column":8},"end":{"line":98,"column":58}},"22":{"start":{"line":100,"column":8},"end":{"line":100,"column":40}},"23":{"start":{"line":100,"column":32},"end":{"line":100,"column":40}},"24":{"start":{"line":103,"column":8},"end":{"line":103,"column":63}},"25":{"start":{"line":106,"column":8},"end":{"line":106,"column":76}},"26":{"start":{"line":109,"column":8},"end":{"line":109,"column":69}},"27":{"start":{"line":111,"column":8},"end":{"line":111,"column":59}},"28":{"start":{"line":113,"column":8},"end":{"line":113,"column":90}},"29":{"start":{"line":115,"column":8},"end":{"line":115,"column":82}},"30":{"start":{"line":124,"column":8},"end":{"line":124,"column":33}},"31":{"start":{"line":126,"column":8},"end":{"line":126,"column":60}},"32":{"start":{"line":128,"column":8},"end":{"line":128,"column":74}},"33":{"start":{"line":130,"column":8},"end":{"line":130,"column":77}},"34":{"start":{"line":132,"column":8},"end":{"line":132,"column":61}},"35":{"start":{"line":134,"column":8},"end":{"line":134,"column":52}},"36":{"start":{"line":136,"column":8},"end":{"line":136,"column":63}},"37":{"start":{"line":141,"column":8},"end":{"line":141,"column":33}},"38":{"start":{"line":143,"column":8},"end":{"line":143,"column":58}},"39":{"start":{"line":145,"column":8},"end":{"line":145,"column":74}},"40":{"start":{"line":147,"column":8},"end":{"line":147,"column":77}},"41":{"start":{"line":149,"column":8},"end":{"line":149,"column":52}},"42":{"start":{"line":154,"column":8},"end":{"line":154,"column":33}},"43":{"start":{"line":156,"column":8},"end":{"line":156,"column":59}},"44":{"start":{"line":158,"column":8},"end":{"line":158,"column":65}},"45":{"start":{"line":160,"column":8},"end":{"line":160,"column":77}},"46":{"start":{"line":165,"column":8},"end":{"line":165,"column":33}},"47":{"start":{"line":167,"column":8},"end":{"line":167,"column":59}},"48":{"start":{"line":175,"column":8},"end":{"line":175,"column":111}},"49":{"start":{"line":177,"column":8},"end":{"line":177,"column":6609}},"50":{"start":{"line":178,"column":12},"end":{"line":178,"column":37}},"51":{"start":{"line":179,"column":12},"end":{"line":179,"column":38}},"52":{"start":{"line":180,"column":15},"end":{"line":180,"column":6761}},"53":{"start":{"line":181,"column":12},"end":{"line":181,"column":37}},"54":{"start":{"line":182,"column":12},"end":{"line":182,"column":38}},"55":{"start":{"line":184,"column":12},"end":{"line":184,"column":117}},"56":{"start":{"line":195,"column":8},"end":{"line":195,"column":101}},"57":{"start":{"line":197,"column":8},"end":{"line":197,"column":39}},"58":{"start":{"line":197,"column":31},"end":{"line":197,"column":39}},"59":{"start":{"line":200,"column":8},"end":{"line":200,"column":61}},"60":{"start":{"line":202,"column":8},"end":{"line":202,"column":52}},"61":{"start":{"line":203,"column":8},"end":{"line":203,"column":67}},"62":{"start":{"line":205,"column":8},"end":{"line":205,"column":59}},"63":{"start":{"line":210,"column":8},"end":{"line":210,"column":33}},"64":{"start":{"line":211,"column":8},"end":{"line":211,"column":61}},"65":{"start":{"line":216,"column":8},"end":{"line":216,"column":33}},"66":{"start":{"line":218,"column":8},"end":{"line":218,"column":86}},"67":{"start":{"line":220,"column":8},"end":{"line":220,"column":63}},"68":{"start":{"line":220,"column":31},"end":{"line":220,"column":63}},"69":{"start":{"line":222,"column":8},"end":{"line":222,"column":67}},"70":{"start":{"line":232,"column":8},"end":{"line":232,"column":33}},"71":{"start":{"line":234,"column":8},"end":{"line":234,"column":61}},"72":{"start":{"line":236,"column":8},"end":{"line":236,"column":86}},"73":{"start":{"line":238,"column":8},"end":{"line":238,"column":67}},"74":{"start":{"line":251,"column":8},"end":{"line":251,"column":101}},"75":{"start":{"line":253,"column":8},"end":{"line":253,"column":63}},"76":{"start":{"line":253,"column":31},"end":{"line":253,"column":63}},"77":{"start":{"line":255,"column":8},"end":{"line":255,"column":52}},"78":{"start":{"line":256,"column":8},"end":{"line":256,"column":86}},"79":{"start":{"line":258,"column":8},"end":{"line":258,"column":59}}},"branchMap":{"1":{"line":58,"type":"if","locations":[{"start":{"line":58,"column":8},"end":{"line":58,"column":8}},{"start":{"line":58,"column":8},"end":{"line":58,"column":8}}]},"2":{"line":73,"type":"if","locations":[{"start":{"line":73,"column":8},"end":{"line":73,"column":8}},{"start":{"line":73,"column":8},"end":{"line":73,"column":8}}]},"3":{"line":88,"type":"if","locations":[{"start":{"line":88,"column":8},"end":{"line":88,"column":8}},{"start":{"line":88,"column":8},"end":{"line":88,"column":8}}]},"4":{"line":100,"type":"if","locations":[{"start":{"line":100,"column":8},"end":{"line":100,"column":8}},{"start":{"line":100,"column":8},"end":{"line":100,"column":8}}]},"5":{"line":115,"type":"if","locations":[{"start":{"line":115,"column":8},"end":{"line":115,"column":8}},{"start":{"line":115,"column":8},"end":{"line":115,"column":8}}]},"6":{"line":130,"type":"if","locations":[{"start":{"line":130,"column":8},"end":{"line":130,"column":8}},{"start":{"line":130,"column":8},"end":{"line":130,"column":8}}]},"7":{"line":147,"type":"if","locations":[{"start":{"line":147,"column":8},"end":{"line":147,"column":8}},{"start":{"line":147,"column":8},"end":{"line":147,"column":8}}]},"8":{"line":160,"type":"if","locations":[{"start":{"line":160,"column":8},"end":{"line":160,"column":8}},{"start":{"line":160,"column":8},"end":{"line":160,"column":8}}]},"9":{"line":177,"type":"if","locations":[{"start":{"line":177,"column":8},"end":{"line":177,"column":8}},{"start":{"line":177,"column":8},"end":{"line":177,"column":8}}]},"10":{"line":180,"type":"if","locations":[{"start":{"line":180,"column":15},"end":{"line":180,"column":15}},{"start":{"line":180,"column":15},"end":{"line":180,"column":15}}]},"11":{"line":197,"type":"if","locations":[{"start":{"line":197,"column":8},"end":{"line":197,"column":8}},{"start":{"line":197,"column":8},"end":{"line":197,"column":8}}]},"12":{"line":220,"type":"if","locations":[{"start":{"line":220,"column":8},"end":{"line":220,"column":8}},{"start":{"line":220,"column":8},"end":{"line":220,"column":8}}]},"13":{"line":253,"type":"if","locations":[{"start":{"line":253,"column":8},"end":{"line":253,"column":8}},{"start":{"line":253,"column":8},"end":{"line":253,"column":8}}]}}},"contracts/assimilators/UsdcToUsdAssimilator.sol":{"l":{"34":0,"35":0,"42":0,"46":0,"49":0,"51":0,"54":0,"56":0,"58":0,"62":0,"65":0,"67":0,"69":0,"73":0,"75":0,"77":0,"80":0,"89":0,"91":0,"94":0,"102":0,"104":0,"106":0,"109":0,"111":0,"114":0,"116":0,"120":0,"122":0,"124":0,"126":0,"128":0,"132":0,"134":0,"136":0,"138":0,"142":0,"144":0,"154":0,"158":0,"160":0,"168":0,"170":0,"171":0,"173":0,"175":0,"182":0,"184":0,"186":0,"188":0,"200":0,"202":0,"203":0,"205":0,"214":0,"216":0,"218":0,"220":0},"path":"/Users/ernestpascual/Downloads/projects/bigmochi/halodao-amm-v2/contracts/assimilators/UsdcToUsdAssimilator.sol","s":{"1":0,"2":0,"3":0,"4":0,"5":0,"6":0,"7":0,"8":0,"9":0,"10":0,"11":0,"12":0,"13":0,"14":0,"15":0,"16":0,"17":0,"18":0,"19":0,"20":0,"21":0,"22":0,"23":0,"24":0,"25":0,"26":0,"27":0,"28":0,"29":0,"30":0,"31":0,"32":0,"33":0,"34":0,"35":0,"36":0,"37":0,"38":0,"39":0,"40":0,"41":0,"42":0,"43":0,"44":0,"45":0,"46":0,"47":0,"48":0,"49":0,"50":0,"51":0,"52":0,"53":0,"54":0,"55":0,"56":0,"57":0,"58":0,"59":0,"60":0},"b":{"1":[0,0],"2":[0,0],"3":[0,0],"4":[0,0],"5":[0,0],"6":[0,0],"7":[0,0],"8":[0,0],"9":[0,0],"10":[0,0],"11":[0,0]},"f":{"1":0,"2":0,"3":0,"4":0,"5":0,"6":0,"7":0,"8":0,"9":0,"10":0,"11":0,"12":0,"13":0,"14":0,"15":0,"16":0},"fnMap":{"1":{"name":"constructor","line":33,"loc":{"start":{"line":33,"column":4},"end":{"line":36,"column":4}}},"2":{"name":"getRate","line":41,"loc":{"start":{"line":41,"column":4},"end":{"line":43,"column":4}}},"3":{"name":"intakeRawAndGetBalance","line":45,"loc":{"start":{"line":45,"column":4},"end":{"line":59,"column":4}}},"4":{"name":"intakeRaw","line":61,"loc":{"start":{"line":61,"column":4},"end":{"line":70,"column":4}}},"5":{"name":"intakeNumeraire","line":72,"loc":{"start":{"line":72,"column":4},"end":{"line":81,"column":4}}},"6":{"name":"intakeNumeraireLPRatio","line":83,"loc":{"start":{"line":83,"column":4},"end":{"line":95,"column":4}}},"7":{"name":"outputRawAndGetBalance","line":97,"loc":{"start":{"line":97,"column":4},"end":{"line":117,"column":4}}},"8":{"name":"outputRaw","line":119,"loc":{"start":{"line":119,"column":4},"end":{"line":129,"column":4}}},"9":{"name":"outputNumeraire","line":131,"loc":{"start":{"line":131,"column":4},"end":{"line":139,"column":4}}},"10":{"name":"viewRawAmount","line":141,"loc":{"start":{"line":141,"column":4},"end":{"line":145,"column":4}}},"11":{"name":"viewRawAmountLPRatio","line":147,"loc":{"start":{"line":147,"column":4},"end":{"line":155,"column":4}}},"12":{"name":"viewNumeraireAmount","line":157,"loc":{"start":{"line":157,"column":4},"end":{"line":161,"column":4}}},"13":{"name":"_getBalancesFromVault","line":163,"loc":{"start":{"line":163,"column":4},"end":{"line":179,"column":4}}},"14":{"name":"viewNumeraireBalance","line":181,"loc":{"start":{"line":181,"column":4},"end":{"line":189,"column":4}}},"15":{"name":"viewNumeraireBalanceLPRatio","line":193,"loc":{"start":{"line":193,"column":4},"end":{"line":207,"column":4}}},"16":{"name":"viewNumeraireAmountAndBalance","line":209,"loc":{"start":{"line":209,"column":4},"end":{"line":221,"column":4}}}},"statementMap":{"1":{"start":{"line":34,"column":8},"end":{"line":34,"column":23}},"2":{"start":{"line":35,"column":8},"end":{"line":35,"column":19}},"3":{"start":{"line":42,"column":8},"end":{"line":42,"column":45}},"4":{"start":{"line":46,"column":8},"end":{"line":46,"column":77}},"5":{"start":{"line":49,"column":8},"end":{"line":49,"column":69}},"6":{"start":{"line":51,"column":8},"end":{"line":51,"column":56}},"7":{"start":{"line":54,"column":8},"end":{"line":54,"column":33}},"8":{"start":{"line":56,"column":8},"end":{"line":56,"column":59}},"9":{"start":{"line":58,"column":8},"end":{"line":58,"column":57}},"10":{"start":{"line":62,"column":8},"end":{"line":62,"column":77}},"11":{"start":{"line":65,"column":8},"end":{"line":65,"column":69}},"12":{"start":{"line":67,"column":8},"end":{"line":67,"column":33}},"13":{"start":{"line":69,"column":8},"end":{"line":69,"column":57}},"14":{"start":{"line":73,"column":8},"end":{"line":73,"column":33}},"15":{"start":{"line":75,"column":8},"end":{"line":75,"column":55}},"16":{"start":{"line":77,"column":8},"end":{"line":77,"column":77}},"17":{"start":{"line":80,"column":8},"end":{"line":80,"column":69}},"18":{"start":{"line":89,"column":8},"end":{"line":89,"column":39}},"19":{"start":{"line":91,"column":8},"end":{"line":91,"column":77}},"20":{"start":{"line":94,"column":8},"end":{"line":94,"column":69}},"21":{"start":{"line":102,"column":8},"end":{"line":102,"column":33}},"22":{"start":{"line":104,"column":8},"end":{"line":104,"column":55}},"23":{"start":{"line":106,"column":8},"end":{"line":106,"column":56}},"24":{"start":{"line":109,"column":8},"end":{"line":109,"column":64}},"25":{"start":{"line":111,"column":8},"end":{"line":111,"column":56}},"26":{"start":{"line":114,"column":8},"end":{"line":114,"column":43}},"27":{"start":{"line":116,"column":8},"end":{"line":116,"column":59}},"28":{"start":{"line":120,"column":8},"end":{"line":120,"column":33}},"29":{"start":{"line":122,"column":8},"end":{"line":122,"column":53}},"30":{"start":{"line":124,"column":8},"end":{"line":124,"column":56}},"31":{"start":{"line":126,"column":8},"end":{"line":126,"column":64}},"32":{"start":{"line":128,"column":8},"end":{"line":128,"column":43}},"33":{"start":{"line":132,"column":8},"end":{"line":132,"column":33}},"34":{"start":{"line":134,"column":8},"end":{"line":134,"column":55}},"35":{"start":{"line":136,"column":8},"end":{"line":136,"column":52}},"36":{"start":{"line":138,"column":8},"end":{"line":138,"column":64}},"37":{"start":{"line":142,"column":8},"end":{"line":142,"column":33}},"38":{"start":{"line":144,"column":8},"end":{"line":144,"column":55}},"39":{"start":{"line":154,"column":8},"end":{"line":154,"column":39}},"40":{"start":{"line":158,"column":8},"end":{"line":158,"column":33}},"41":{"start":{"line":160,"column":8},"end":{"line":160,"column":57}},"42":{"start":{"line":168,"column":8},"end":{"line":168,"column":111}},"43":{"start":{"line":170,"column":8},"end":{"line":170,"column":5449}},"44":{"start":{"line":171,"column":12},"end":{"line":171,"column":38}},"45":{"start":{"line":172,"column":15},"end":{"line":172,"column":5561}},"46":{"start":{"line":173,"column":12},"end":{"line":173,"column":38}},"47":{"start":{"line":175,"column":12},"end":{"line":175,"column":5691}},"48":{"start":{"line":182,"column":8},"end":{"line":182,"column":33}},"49":{"start":{"line":184,"column":8},"end":{"line":184,"column":82}},"50":{"start":{"line":186,"column":8},"end":{"line":186,"column":63}},"51":{"start":{"line":186,"column":31},"end":{"line":186,"column":63}},"52":{"start":{"line":188,"column":8},"end":{"line":188,"column":63}},"53":{"start":{"line":200,"column":8},"end":{"line":200,"column":111}},"54":{"start":{"line":202,"column":8},"end":{"line":202,"column":6707}},"55":{"start":{"line":203,"column":12},"end":{"line":203,"column":45}},"56":{"start":{"line":205,"column":12},"end":{"line":205,"column":45}},"57":{"start":{"line":214,"column":8},"end":{"line":214,"column":33}},"58":{"start":{"line":216,"column":8},"end":{"line":216,"column":57}},"59":{"start":{"line":218,"column":8},"end":{"line":218,"column":82}},"60":{"start":{"line":220,"column":8},"end":{"line":220,"column":63}}},"branchMap":{"1":{"line":49,"type":"if","locations":[{"start":{"line":49,"column":8},"end":{"line":49,"column":8}},{"start":{"line":49,"column":8},"end":{"line":49,"column":8}}]},"2":{"line":65,"type":"if","locations":[{"start":{"line":65,"column":8},"end":{"line":65,"column":8}},{"start":{"line":65,"column":8},"end":{"line":65,"column":8}}]},"3":{"line":80,"type":"if","locations":[{"start":{"line":80,"column":8},"end":{"line":80,"column":8}},{"start":{"line":80,"column":8},"end":{"line":80,"column":8}}]},"4":{"line":94,"type":"if","locations":[{"start":{"line":94,"column":8},"end":{"line":94,"column":8}},{"start":{"line":94,"column":8},"end":{"line":94,"column":8}}]},"5":{"line":109,"type":"if","locations":[{"start":{"line":109,"column":8},"end":{"line":109,"column":8}},{"start":{"line":109,"column":8},"end":{"line":109,"column":8}}]},"6":{"line":126,"type":"if","locations":[{"start":{"line":126,"column":8},"end":{"line":126,"column":8}},{"start":{"line":126,"column":8},"end":{"line":126,"column":8}}]},"7":{"line":138,"type":"if","locations":[{"start":{"line":138,"column":8},"end":{"line":138,"column":8}},{"start":{"line":138,"column":8},"end":{"line":138,"column":8}}]},"8":{"line":170,"type":"if","locations":[{"start":{"line":170,"column":8},"end":{"line":170,"column":8}},{"start":{"line":170,"column":8},"end":{"line":170,"column":8}}]},"9":{"line":172,"type":"if","locations":[{"start":{"line":172,"column":15},"end":{"line":172,"column":15}},{"start":{"line":172,"column":15},"end":{"line":172,"column":15}}]},"10":{"line":186,"type":"if","locations":[{"start":{"line":186,"column":8},"end":{"line":186,"column":8}},{"start":{"line":186,"column":8},"end":{"line":186,"column":8}}]},"11":{"line":202,"type":"if","locations":[{"start":{"line":202,"column":8},"end":{"line":202,"column":8}},{"start":{"line":202,"column":8},"end":{"line":202,"column":8}}]}}},"contracts/core/Assimilators.sol":{"l":{"30":0,"33":0,"36":0,"42":0,"46":0,"50":0,"62":0,"74":0,"83":0,"91":0,"101":0,"111":0,"113":0,"117":0,"119":0,"123":0,"125":0,"134":0,"142":0,"150":0,"152":0,"154":0,"162":0,"164":0,"166":0,"174":0,"176":0},"path":"/Users/ernestpascual/Downloads/projects/bigmochi/halodao-amm-v2/contracts/core/Assimilators.sol","s":{"1":0,"2":0,"3":0,"4":0,"5":0,"6":0,"7":0,"8":0,"9":0,"10":0,"11":0,"12":0,"13":0,"14":0,"15":0,"16":0,"17":0,"18":0,"19":0,"20":0,"21":0,"22":0,"23":0,"24":0,"25":0,"26":0},"b":{"1":[0,0]},"f":{"1":0,"2":0,"3":0,"4":0,"5":0,"6":0,"7":0,"8":0,"9":0,"10":0,"11":0,"12":0,"13":0,"14":0,"15":0},"fnMap":{"1":{"name":"delegate","line":29,"loc":{"start":{"line":29,"column":4},"end":{"line":43,"column":4}}},"2":{"name":"getRate","line":45,"loc":{"start":{"line":45,"column":4},"end":{"line":47,"column":4}}},"3":{"name":"viewRawAmount","line":49,"loc":{"start":{"line":49,"column":4},"end":{"line":51,"column":4}}},"4":{"name":"viewRawAmountLPRatio","line":53,"loc":{"start":{"line":53,"column":4},"end":{"line":71,"column":4}}},"5":{"name":"viewNumeraireAmount","line":73,"loc":{"start":{"line":73,"column":4},"end":{"line":75,"column":4}}},"6":{"name":"viewNumeraireAmountAndBalance","line":77,"loc":{"start":{"line":77,"column":4},"end":{"line":84,"column":4}}},"7":{"name":"viewNumeraireBalance","line":86,"loc":{"start":{"line":86,"column":4},"end":{"line":92,"column":4}}},"8":{"name":"viewNumeraireBalanceLPRatio","line":94,"loc":{"start":{"line":94,"column":4},"end":{"line":108,"column":4}}},"9":{"name":"intakeRaw","line":110,"loc":{"start":{"line":110,"column":4},"end":{"line":114,"column":4}}},"10":{"name":"intakeRawAndGetBalance","line":116,"loc":{"start":{"line":116,"column":4},"end":{"line":120,"column":4}}},"11":{"name":"intakeNumeraire","line":122,"loc":{"start":{"line":122,"column":4},"end":{"line":126,"column":4}}},"12":{"name":"intakeNumeraireLPRatio","line":128,"loc":{"start":{"line":128,"column":4},"end":{"line":143,"column":4}}},"13":{"name":"outputRaw","line":145,"loc":{"start":{"line":145,"column":4},"end":{"line":155,"column":4}}},"14":{"name":"outputRawAndGetBalance","line":157,"loc":{"start":{"line":157,"column":4},"end":{"line":167,"column":4}}},"15":{"name":"outputNumeraire","line":169,"loc":{"start":{"line":169,"column":4},"end":{"line":177,"column":4}}}},"statementMap":{"1":{"start":{"line":30,"column":8},"end":{"line":30,"column":77}},"2":{"start":{"line":33,"column":8},"end":{"line":33,"column":79}},"3":{"start":{"line":42,"column":8},"end":{"line":42,"column":26}},"4":{"start":{"line":46,"column":8},"end":{"line":46,"column":47}},"5":{"start":{"line":50,"column":8},"end":{"line":50,"column":57}},"6":{"start":{"line":62,"column":8},"end":{"line":62,"column":2113}},"7":{"start":{"line":74,"column":8},"end":{"line":74,"column":60}},"8":{"start":{"line":83,"column":8},"end":{"line":83,"column":93}},"9":{"start":{"line":91,"column":8},"end":{"line":91,"column":70}},"10":{"start":{"line":101,"column":8},"end":{"line":101,"column":3301}},"11":{"start":{"line":111,"column":8},"end":{"line":111,"column":84}},"12":{"start":{"line":113,"column":8},"end":{"line":113,"column":58}},"13":{"start":{"line":117,"column":8},"end":{"line":117,"column":97}},"14":{"start":{"line":119,"column":8},"end":{"line":119,"column":74}},"15":{"start":{"line":123,"column":8},"end":{"line":123,"column":90}},"16":{"start":{"line":125,"column":8},"end":{"line":125,"column":59}},"17":{"start":{"line":134,"column":8},"end":{"line":134,"column":4478}},"18":{"start":{"line":142,"column":8},"end":{"line":142,"column":59}},"19":{"start":{"line":150,"column":8},"end":{"line":150,"column":90}},"20":{"start":{"line":152,"column":8},"end":{"line":152,"column":58}},"21":{"start":{"line":154,"column":8},"end":{"line":154,"column":24}},"22":{"start":{"line":162,"column":8},"end":{"line":162,"column":103}},"23":{"start":{"line":164,"column":8},"end":{"line":164,"column":74}},"24":{"start":{"line":166,"column":8},"end":{"line":166,"column":24}},"25":{"start":{"line":174,"column":8},"end":{"line":174,"column":102}},"26":{"start":{"line":176,"column":8},"end":{"line":176,"column":59}}},"branchMap":{"1":{"line":30,"type":"if","locations":[{"start":{"line":30,"column":8},"end":{"line":30,"column":8}},{"start":{"line":30,"column":8},"end":{"line":30,"column":8}}]}}},"contracts/core/CurveMath.sol":{"l":{"40":0,"41":0,"43":0,"53":0,"55":0,"56":0,"57":0,"67":0,"68":0,"70":0,"71":0,"73":0,"74":0,"76":0,"78":0,"81":0,"83":0,"84":0,"86":0,"87":0,"89":0,"91":0,"105":0,"107":0,"108":0,"110":0,"111":0,"113":0,"114":0,"116":0,"117":0,"118":0,"119":0,"122":0,"123":0,"125":0,"127":0,"129":0,"131":0,"133":0,"135":0,"139":0,"149":0,"151":0,"152":0,"154":0,"155":0,"156":0,"157":0,"159":0,"160":0,"163":0,"164":0,"165":0,"166":0,"167":0,"169":0,"170":0,"172":0,"174":0,"176":0,"179":0,"180":0,"182":0,"192":0,"194":0,"196":0,"198":0,"209":0,"211":0,"213":0,"215":0,"217":0,"228":0,"229":0,"231":0,"232":0,"234":0,"235":0,"237":0,"239":0,"240":0,"242":0,"243":0,"245":0,"246":0,"250":0,"252":0,"254":0,"255":0,"256":0,"258":0,"259":0,"261":0,"262":0},"path":"/Users/ernestpascual/Downloads/projects/bigmochi/halodao-amm-v2/contracts/core/CurveMath.sol","s":{"1":0,"2":0,"3":0,"4":0,"5":0,"6":0,"7":0,"8":0,"9":0,"10":0,"11":0,"12":0,"13":0,"14":0,"15":0,"16":0,"17":0,"18":0,"19":0,"20":0,"21":0,"22":0,"23":0,"24":0,"25":0,"26":0,"27":0,"28":0,"29":0,"30":0,"31":0,"32":0,"33":0,"34":0,"35":0,"36":0,"37":0,"38":0,"39":0,"40":0,"41":0,"42":0,"43":0,"44":0,"45":0,"46":0,"47":0,"48":0,"49":0,"50":0,"51":0,"52":0,"53":0,"54":0,"55":0,"56":0,"57":0,"58":0,"59":0,"60":0,"61":0,"62":0,"63":0,"64":0,"65":0,"66":0,"67":0,"68":0,"69":0,"70":0,"71":0,"72":0,"73":0,"74":0,"75":0,"76":0,"77":0,"78":0,"79":0,"80":0,"81":0,"82":0,"83":0,"84":0,"85":0,"86":0,"87":0,"88":0,"89":0,"90":0,"91":0,"92":0,"93":0,"94":0,"95":0,"96":0,"97":0,"98":0,"99":0},"b":{"1":[0,0],"2":[0,0],"3":[0,0],"4":[0,0],"5":[0,0],"6":[0,0],"7":[0,0],"8":[0,0],"9":[0,0],"10":[0,0],"11":[0,0],"12":[0,0],"13":[0,0],"14":[0,0],"15":[0,0],"16":[0,0],"17":[0,0],"18":[0,0],"19":[0,0]},"f":{"1":0,"2":0,"3":0,"4":0,"5":0,"6":0,"7":0,"8":0},"fnMap":{"1":{"name":"calculateFee","line":34,"loc":{"start":{"line":34,"column":4},"end":{"line":44,"column":4}}},"2":{"name":"calculateFee","line":46,"loc":{"start":{"line":46,"column":4},"end":{"line":59,"column":4}}},"3":{"name":"calculateMicroFee","line":61,"loc":{"start":{"line":61,"column":4},"end":{"line":94,"column":4}}},"4":{"name":"calculateTrade","line":96,"loc":{"start":{"line":96,"column":4},"end":{"line":140,"column":4}}},"5":{"name":"calculateLiquidityMembrane","line":142,"loc":{"start":{"line":142,"column":4},"end":{"line":184,"column":4}}},"6":{"name":"enforceSwapInvariant","line":186,"loc":{"start":{"line":186,"column":4},"end":{"line":199,"column":4}}},"7":{"name":"enforceLiquidityInvariant","line":201,"loc":{"start":{"line":201,"column":4},"end":{"line":218,"column":4}}},"8":{"name":"enforceHalts","line":220,"loc":{"start":{"line":220,"column":4},"end":{"line":267,"column":4}}}},"statementMap":{"1":{"start":{"line":40,"column":8},"end":{"line":40,"column":33}},"2":{"start":{"line":41,"column":8},"end":{"line":41,"column":35}},"3":{"start":{"line":43,"column":8},"end":{"line":43,"column":65}},"4":{"start":{"line":53,"column":8},"end":{"line":53,"column":38}},"5":{"start":{"line":55,"column":8},"end":{"line":55,"column":1819}},"6":{"start":{"line":56,"column":12},"end":{"line":56,"column":50}},"7":{"start":{"line":57,"column":12},"end":{"line":57,"column":69}},"8":{"start":{"line":67,"column":8},"end":{"line":67,"column":2171}},"9":{"start":{"line":68,"column":12},"end":{"line":68,"column":55}},"10":{"start":{"line":70,"column":12},"end":{"line":70,"column":2281}},"11":{"start":{"line":71,"column":16},"end":{"line":71,"column":53}},"12":{"start":{"line":73,"column":16},"end":{"line":73,"column":44}},"13":{"start":{"line":74,"column":16},"end":{"line":74,"column":38}},"14":{"start":{"line":76,"column":16},"end":{"line":76,"column":42}},"15":{"start":{"line":76,"column":32},"end":{"line":76,"column":41}},"16":{"start":{"line":78,"column":16},"end":{"line":78,"column":42}},"17":{"start":{"line":79,"column":19},"end":{"line":79,"column":26}},"18":{"start":{"line":81,"column":12},"end":{"line":81,"column":55}},"19":{"start":{"line":83,"column":12},"end":{"line":83,"column":2657}},"20":{"start":{"line":84,"column":16},"end":{"line":84,"column":53}},"21":{"start":{"line":86,"column":16},"end":{"line":86,"column":44}},"22":{"start":{"line":87,"column":16},"end":{"line":87,"column":38}},"23":{"start":{"line":89,"column":16},"end":{"line":89,"column":42}},"24":{"start":{"line":89,"column":32},"end":{"line":89,"column":41}},"25":{"start":{"line":91,"column":16},"end":{"line":91,"column":42}},"26":{"start":{"line":92,"column":19},"end":{"line":92,"column":26}},"27":{"start":{"line":105,"column":8},"end":{"line":105,"column":30}},"28":{"start":{"line":107,"column":8},"end":{"line":107,"column":37}},"29":{"start":{"line":108,"column":8},"end":{"line":108,"column":48}},"30":{"start":{"line":110,"column":8},"end":{"line":110,"column":69}},"31":{"start":{"line":111,"column":8},"end":{"line":111,"column":19}},"32":{"start":{"line":113,"column":8},"end":{"line":113,"column":3450}},"33":{"start":{"line":114,"column":12},"end":{"line":114,"column":63}},"34":{"start":{"line":116,"column":12},"end":{"line":116,"column":29}},"35":{"start":{"line":118,"column":16},"end":{"line":118,"column":38}},"36":{"start":{"line":119,"column":16},"end":{"line":119,"column":116}},"37":{"start":{"line":122,"column":12},"end":{"line":122,"column":3788}},"38":{"start":{"line":123,"column":16},"end":{"line":123,"column":55}},"39":{"start":{"line":125,"column":16},"end":{"line":125,"column":71}},"40":{"start":{"line":127,"column":16},"end":{"line":127,"column":76}},"41":{"start":{"line":129,"column":16},"end":{"line":129,"column":65}},"42":{"start":{"line":131,"column":16},"end":{"line":131,"column":33}},"43":{"start":{"line":133,"column":16},"end":{"line":133,"column":55}},"44":{"start":{"line":135,"column":16},"end":{"line":135,"column":74}},"45":{"start":{"line":139,"column":8},"end":{"line":139,"column":50}},"46":{"start":{"line":149,"column":8},"end":{"line":149,"column":73}},"47":{"start":{"line":151,"column":8},"end":{"line":151,"column":21}},"48":{"start":{"line":152,"column":8},"end":{"line":152,"column":19}},"49":{"start":{"line":155,"column":12},"end":{"line":155,"column":37}},"50":{"start":{"line":156,"column":12},"end":{"line":156,"column":39}},"51":{"start":{"line":157,"column":12},"end":{"line":157,"column":52}},"52":{"start":{"line":159,"column":12},"end":{"line":159,"column":73}},"53":{"start":{"line":160,"column":12},"end":{"line":160,"column":71}},"54":{"start":{"line":163,"column":8},"end":{"line":163,"column":42}},"55":{"start":{"line":164,"column":8},"end":{"line":164,"column":44}},"56":{"start":{"line":165,"column":8},"end":{"line":165,"column":42}},"57":{"start":{"line":166,"column":8},"end":{"line":166,"column":58}},"58":{"start":{"line":167,"column":8},"end":{"line":167,"column":31}},"59":{"start":{"line":169,"column":8},"end":{"line":169,"column":5288}},"60":{"start":{"line":170,"column":12},"end":{"line":170,"column":37}},"61":{"start":{"line":171,"column":15},"end":{"line":171,"column":5368}},"62":{"start":{"line":172,"column":12},"end":{"line":172,"column":64}},"63":{"start":{"line":174,"column":12},"end":{"line":174,"column":70}},"64":{"start":{"line":176,"column":12},"end":{"line":176,"column":58}},"65":{"start":{"line":179,"column":8},"end":{"line":179,"column":5627}},"66":{"start":{"line":180,"column":12},"end":{"line":180,"column":55}},"67":{"start":{"line":182,"column":12},"end":{"line":182,"column":89}},"68":{"start":{"line":192,"column":8},"end":{"line":192,"column":40}},"69":{"start":{"line":194,"column":8},"end":{"line":194,"column":42}},"70":{"start":{"line":196,"column":8},"end":{"line":196,"column":44}},"71":{"start":{"line":198,"column":8},"end":{"line":198,"column":84}},"72":{"start":{"line":209,"column":8},"end":{"line":209,"column":71}},"73":{"start":{"line":209,"column":65},"end":{"line":209,"column":71}},"74":{"start":{"line":211,"column":8},"end":{"line":211,"column":71}},"75":{"start":{"line":213,"column":8},"end":{"line":213,"column":85}},"76":{"start":{"line":215,"column":8},"end":{"line":215,"column":60}},"77":{"start":{"line":217,"column":8},"end":{"line":217,"column":89}},"78":{"start":{"line":228,"column":8},"end":{"line":228,"column":39}},"79":{"start":{"line":229,"column":8},"end":{"line":229,"column":35}},"80":{"start":{"line":231,"column":8},"end":{"line":231,"column":7114}},"81":{"start":{"line":232,"column":12},"end":{"line":232,"column":52}},"82":{"start":{"line":234,"column":12},"end":{"line":234,"column":7225}},"83":{"start":{"line":235,"column":16},"end":{"line":235,"column":49}},"84":{"start":{"line":237,"column":16},"end":{"line":237,"column":56}},"85":{"start":{"line":239,"column":16},"end":{"line":239,"column":7383}},"86":{"start":{"line":240,"column":20},"end":{"line":240,"column":76}},"87":{"start":{"line":242,"column":20},"end":{"line":242,"column":7512}},"88":{"start":{"line":243,"column":24},"end":{"line":243,"column":53}},"89":{"start":{"line":245,"column":20},"end":{"line":245,"column":7636}},"90":{"start":{"line":246,"column":24},"end":{"line":246,"column":53}},"91":{"start":{"line":250,"column":16},"end":{"line":250,"column":49}},"92":{"start":{"line":252,"column":16},"end":{"line":252,"column":56}},"93":{"start":{"line":254,"column":16},"end":{"line":254,"column":7923}},"94":{"start":{"line":255,"column":20},"end":{"line":255,"column":59}},"95":{"start":{"line":256,"column":20},"end":{"line":256,"column":51}},"96":{"start":{"line":258,"column":20},"end":{"line":258,"column":8089}},"97":{"start":{"line":259,"column":24},"end":{"line":259,"column":53}},"98":{"start":{"line":261,"column":20},"end":{"line":261,"column":8213}},"99":{"start":{"line":262,"column":24},"end":{"line":262,"column":53}}},"branchMap":{"1":{"line":67,"type":"if","locations":[{"start":{"line":67,"column":8},"end":{"line":67,"column":8}},{"start":{"line":67,"column":8},"end":{"line":67,"column":8}}]},"2":{"line":70,"type":"if","locations":[{"start":{"line":70,"column":12},"end":{"line":70,"column":12}},{"start":{"line":70,"column":12},"end":{"line":70,"column":12}}]},"3":{"line":76,"type":"if","locations":[{"start":{"line":76,"column":16},"end":{"line":76,"column":16}},{"start":{"line":76,"column":16},"end":{"line":76,"column":16}}]},"4":{"line":83,"type":"if","locations":[{"start":{"line":83,"column":12},"end":{"line":83,"column":12}},{"start":{"line":83,"column":12},"end":{"line":83,"column":12}}]},"5":{"line":89,"type":"if","locations":[{"start":{"line":89,"column":16},"end":{"line":89,"column":16}},{"start":{"line":89,"column":16},"end":{"line":89,"column":16}}]},"6":{"line":122,"type":"if","locations":[{"start":{"line":122,"column":12},"end":{"line":122,"column":12}},{"start":{"line":122,"column":12},"end":{"line":122,"column":12}}]},"7":{"line":169,"type":"if","locations":[{"start":{"line":169,"column":8},"end":{"line":169,"column":8}},{"start":{"line":169,"column":8},"end":{"line":169,"column":8}}]},"8":{"line":171,"type":"if","locations":[{"start":{"line":171,"column":15},"end":{"line":171,"column":15}},{"start":{"line":171,"column":15},"end":{"line":171,"column":15}}]},"9":{"line":179,"type":"if","locations":[{"start":{"line":179,"column":8},"end":{"line":179,"column":8}},{"start":{"line":179,"column":8},"end":{"line":179,"column":8}}]},"10":{"line":198,"type":"if","locations":[{"start":{"line":198,"column":8},"end":{"line":198,"column":8}},{"start":{"line":198,"column":8},"end":{"line":198,"column":8}}]},"11":{"line":209,"type":"if","locations":[{"start":{"line":209,"column":8},"end":{"line":209,"column":8}},{"start":{"line":209,"column":8},"end":{"line":209,"column":8}}]},"12":{"line":217,"type":"if","locations":[{"start":{"line":217,"column":8},"end":{"line":217,"column":8}},{"start":{"line":217,"column":8},"end":{"line":217,"column":8}}]},"13":{"line":234,"type":"if","locations":[{"start":{"line":234,"column":12},"end":{"line":234,"column":12}},{"start":{"line":234,"column":12},"end":{"line":234,"column":12}}]},"14":{"line":239,"type":"if","locations":[{"start":{"line":239,"column":16},"end":{"line":239,"column":16}},{"start":{"line":239,"column":16},"end":{"line":239,"column":16}}]},"15":{"line":242,"type":"if","locations":[{"start":{"line":242,"column":20},"end":{"line":242,"column":20}},{"start":{"line":242,"column":20},"end":{"line":242,"column":20}}]},"16":{"line":245,"type":"if","locations":[{"start":{"line":245,"column":20},"end":{"line":245,"column":20}},{"start":{"line":245,"column":20},"end":{"line":245,"column":20}}]},"17":{"line":254,"type":"if","locations":[{"start":{"line":254,"column":16},"end":{"line":254,"column":16}},{"start":{"line":254,"column":16},"end":{"line":254,"column":16}}]},"18":{"line":258,"type":"if","locations":[{"start":{"line":258,"column":20},"end":{"line":258,"column":20}},{"start":{"line":258,"column":20},"end":{"line":258,"column":20}}]},"19":{"line":261,"type":"if","locations":[{"start":{"line":261,"column":20},"end":{"line":261,"column":20}},{"start":{"line":261,"column":20},"end":{"line":261,"column":20}}]}}},"contracts/core/FXSwaps.sol":{"l":{"28":0,"29":0,"31":0,"32":0,"34":0,"43":0,"45":0,"46":0,"48":0,"56":0,"58":0,"60":0,"69":0,"71":0,"72":0,"83":0,"84":0,"87":0,"95":0,"101":0,"102":0,"105":0,"107":0,"127":0,"128":0,"129":0,"131":0,"132":0,"133":0,"135":0,"136":0,"137":0,"139":0,"140":0,"143":0,"144":0,"147":0,"148":0,"150":0,"170":0,"171":0,"172":0,"174":0,"175":0,"176":0,"178":0,"179":0,"181":0,"182":0,"185":0,"186":0,"189":0,"190":0,"192":0,"197":0,"206":0},"path":"/Users/ernestpascual/Downloads/projects/bigmochi/halodao-amm-v2/contracts/core/FXSwaps.sol","s":{"1":0,"2":0,"3":0,"4":0,"5":0,"6":0,"7":0,"8":0,"9":0,"10":0,"11":0,"12":0,"13":0,"14":0,"15":0,"16":0,"17":0,"18":0,"19":0,"20":0,"21":0,"22":0,"23":0,"24":0,"25":0,"26":0,"27":0,"28":0,"29":0,"30":0,"31":0,"32":0,"33":0,"34":0,"35":0,"36":0,"37":0,"38":0,"39":0,"40":0,"41":0,"42":0,"43":0,"44":0,"45":0,"46":0,"47":0,"48":0,"49":0,"50":0,"51":0,"52":0,"53":0,"54":0,"55":0,"56":0},"b":{"1":[0,0],"2":[0,0],"3":[0,0],"4":[0,0],"5":[0,0],"6":[0,0],"7":[0,0],"8":[0,0]},"f":{"1":0,"2":0,"3":0,"4":0,"5":0,"6":0,"7":0},"fnMap":{"1":{"name":"getOriginAndTarget","line":23,"loc":{"start":{"line":23,"column":4},"end":{"line":35,"column":4}}},"2":{"name":"viewOriginSwap","line":37,"loc":{"start":{"line":37,"column":4},"end":{"line":61,"column":4}}},"3":{"name":"viewTargetSwap","line":63,"loc":{"start":{"line":63,"column":4},"end":{"line":108,"column":4}}},"4":{"name":"viewTargetSwapData","line":110,"loc":{"start":{"line":110,"column":4},"end":{"line":151,"column":4}}},"5":{"name":"viewOriginSwapData","line":153,"loc":{"start":{"line":153,"column":4},"end":{"line":193,"column":4}}},"6":{"name":"_viewNumeraireBalance","line":196,"loc":{"start":{"line":196,"column":4},"end":{"line":198,"column":4}}},"7":{"name":"_viewNumeraireAmountAndBalance","line":201,"loc":{"start":{"line":201,"column":4},"end":{"line":207,"column":4}}}},"statementMap":{"1":{"start":{"line":28,"column":8},"end":{"line":28,"column":62}},"2":{"start":{"line":29,"column":8},"end":{"line":29,"column":62}},"3":{"start":{"line":31,"column":8},"end":{"line":31,"column":69}},"4":{"start":{"line":32,"column":8},"end":{"line":32,"column":69}},"5":{"start":{"line":34,"column":8},"end":{"line":34,"column":23}},"6":{"start":{"line":43,"column":8},"end":{"line":43,"column":116}},"7":{"start":{"line":45,"column":8},"end":{"line":45,"column":1500}},"8":{"start":{"line":46,"column":12},"end":{"line":46,"column":112}},"9":{"start":{"line":48,"column":8},"end":{"line":48,"column":1606}},"10":{"start":{"line":56,"column":8},"end":{"line":56,"column":90}},"11":{"start":{"line":58,"column":8},"end":{"line":58,"column":46}},"12":{"start":{"line":60,"column":8},"end":{"line":60,"column":62}},"13":{"start":{"line":69,"column":8},"end":{"line":69,"column":116}},"14":{"start":{"line":71,"column":8},"end":{"line":71,"column":2408}},"15":{"start":{"line":72,"column":12},"end":{"line":72,"column":112}},"16":{"start":{"line":83,"column":8},"end":{"line":83,"column":2904}},"17":{"start":{"line":84,"column":12},"end":{"line":84,"column":84}},"18":{"start":{"line":87,"column":8},"end":{"line":87,"column":3116}},"19":{"start":{"line":95,"column":8},"end":{"line":95,"column":90}},"20":{"start":{"line":101,"column":8},"end":{"line":101,"column":3545}},"21":{"start":{"line":102,"column":12},"end":{"line":102,"column":67}},"22":{"start":{"line":105,"column":8},"end":{"line":105,"column":46}},"23":{"start":{"line":107,"column":8},"end":{"line":107,"column":56}},"24":{"start":{"line":127,"column":8},"end":{"line":127,"column":45}},"25":{"start":{"line":128,"column":8},"end":{"line":128,"column":54}},"26":{"start":{"line":129,"column":8},"end":{"line":129,"column":54}},"27":{"start":{"line":131,"column":8},"end":{"line":131,"column":4322}},"28":{"start":{"line":132,"column":12},"end":{"line":132,"column":4378}},"29":{"start":{"line":133,"column":16},"end":{"line":133,"column":70}},"30":{"start":{"line":135,"column":16},"end":{"line":135,"column":27}},"31":{"start":{"line":136,"column":16},"end":{"line":136,"column":81}},"32":{"start":{"line":137,"column":16},"end":{"line":137,"column":32}},"33":{"start":{"line":139,"column":16},"end":{"line":139,"column":31}},"34":{"start":{"line":140,"column":16},"end":{"line":140,"column":41}},"35":{"start":{"line":143,"column":12},"end":{"line":143,"column":30}},"36":{"start":{"line":144,"column":12},"end":{"line":144,"column":30}},"37":{"start":{"line":147,"column":8},"end":{"line":147,"column":32}},"38":{"start":{"line":148,"column":8},"end":{"line":148,"column":69}},"39":{"start":{"line":150,"column":8},"end":{"line":150,"column":53}},"40":{"start":{"line":170,"column":8},"end":{"line":170,"column":45}},"41":{"start":{"line":171,"column":8},"end":{"line":171,"column":54}},"42":{"start":{"line":172,"column":8},"end":{"line":172,"column":54}},"43":{"start":{"line":174,"column":8},"end":{"line":174,"column":5519}},"44":{"start":{"line":175,"column":12},"end":{"line":175,"column":5575}},"45":{"start":{"line":176,"column":16},"end":{"line":176,"column":70}},"46":{"start":{"line":178,"column":16},"end":{"line":178,"column":27}},"47":{"start":{"line":179,"column":16},"end":{"line":179,"column":81}},"48":{"start":{"line":181,"column":16},"end":{"line":181,"column":31}},"49":{"start":{"line":182,"column":16},"end":{"line":182,"column":41}},"50":{"start":{"line":185,"column":12},"end":{"line":185,"column":30}},"51":{"start":{"line":186,"column":12},"end":{"line":186,"column":30}},"52":{"start":{"line":189,"column":8},"end":{"line":189,"column":32}},"53":{"start":{"line":190,"column":8},"end":{"line":190,"column":69}},"54":{"start":{"line":192,"column":8},"end":{"line":192,"column":53}},"55":{"start":{"line":197,"column":8},"end":{"line":197,"column":110}},"56":{"start":{"line":206,"column":8},"end":{"line":206,"column":107}}},"branchMap":{"1":{"line":31,"type":"if","locations":[{"start":{"line":31,"column":8},"end":{"line":31,"column":8}},{"start":{"line":31,"column":8},"end":{"line":31,"column":8}}]},"2":{"line":32,"type":"if","locations":[{"start":{"line":32,"column":8},"end":{"line":32,"column":8}},{"start":{"line":32,"column":8},"end":{"line":32,"column":8}}]},"3":{"line":45,"type":"if","locations":[{"start":{"line":45,"column":8},"end":{"line":45,"column":8}},{"start":{"line":45,"column":8},"end":{"line":45,"column":8}}]},"4":{"line":71,"type":"if","locations":[{"start":{"line":71,"column":8},"end":{"line":71,"column":8}},{"start":{"line":71,"column":8},"end":{"line":71,"column":8}}]},"5":{"line":83,"type":"if","locations":[{"start":{"line":83,"column":8},"end":{"line":83,"column":8}},{"start":{"line":83,"column":8},"end":{"line":83,"column":8}}]},"6":{"line":101,"type":"if","locations":[{"start":{"line":101,"column":8},"end":{"line":101,"column":8}},{"start":{"line":101,"column":8},"end":{"line":101,"column":8}}]},"7":{"line":132,"type":"if","locations":[{"start":{"line":132,"column":12},"end":{"line":132,"column":12}},{"start":{"line":132,"column":12},"end":{"line":132,"column":12}}]},"8":{"line":175,"type":"if","locations":[{"start":{"line":175,"column":12},"end":{"line":175,"column":12}},{"start":{"line":175,"column":12},"end":{"line":175,"column":12}}]}}},"contracts/core/interfaces/IAssimilator.sol":{"l":{},"path":"/Users/ernestpascual/Downloads/projects/bigmochi/halodao-amm-v2/contracts/core/interfaces/IAssimilator.sol","s":{},"b":{},"f":{},"fnMap":{},"statementMap":{},"branchMap":{}},"contracts/core/interfaces/IOracle.sol":{"l":{},"path":"/Users/ernestpascual/Downloads/projects/bigmochi/halodao-amm-v2/contracts/core/interfaces/IOracle.sol","s":{},"b":{},"f":{},"fnMap":{},"statementMap":{},"branchMap":{}},"contracts/core/lib/ABDKMath64x64.sol":{"l":{"35":0,"36":0,"47":0,"58":0,"59":0,"70":0,"71":0,"82":0,"83":0,"84":0,"95":0,"106":0,"107":0,"108":0,"119":0,"120":0,"121":0,"132":0,"133":0,"134":0,"146":0,"147":0,"149":0,"151":0,"152":0,"153":0,"154":0,"156":0,"157":0,"158":0,"160":0,"161":0,"162":0,"164":0,"166":0,"168":0,"182":0,"184":0,"186":0,"187":0,"189":0,"190":0,"192":0,"194":0,"206":0,"207":0,"208":0,"209":0,"221":0,"223":0,"224":0,"225":0,"226":0,"228":0,"229":0,"230":0,"232":0,"233":0,"234":0,"235":0,"237":0,"238":0,"251":0,"252":0,"253":0,"254":0,"264":0,"265":0,"275":0,"276":0,"287":0,"288":0,"289":0,"290":0,"301":0,"313":0,"314":0,"315":0,"317":0,"329":0,"330":0,"331":0,"332":0,"335":0,"336":0,"339":0,"341":0,"342":0,"343":0,"345":0,"346":0,"357":0,"358":0,"368":0,"370":0,"371":0,"372":0,"373":0,"374":0,"375":0,"376":0,"377":0,"378":0,"380":0,"381":0,"382":0,"383":0,"384":0,"385":0,"386":0,"389":0,"399":0,"401":0,"412":0,"414":0,"416":0,"418":0,"419":0,"420":0,"421":0,"422":0,"423":0,"424":0,"425":0,"426":0,"427":0,"428":0,"429":0,"430":0,"431":0,"432":0,"433":0,"434":0,"435":0,"436":0,"437":0,"438":0,"439":0,"440":0,"441":0,"442":0,"443":0,"444":0,"445":0,"446":0,"447":0,"448":0,"449":0,"450":0,"451":0,"452":0,"453":0,"454":0,"455":0,"456":0,"457":0,"458":0,"459":0,"460":0,"461":0,"462":0,"463":0,"464":0,"465":0,"466":0,"467":0,"468":0,"469":0,"470":0,"471":0,"472":0,"473":0,"474":0,"475":0,"476":0,"477":0,"478":0,"479":0,"480":0,"481":0,"482":0,"483":0,"484":0,"485":0,"486":0,"487":0,"488":0,"489":0,"490":0,"491":0,"492":0,"493":0,"494":0,"495":0,"496":0,"497":0,"498":0,"499":0,"500":0,"501":0,"502":0,"503":0,"504":0,"505":0,"506":0,"507":0,"508":0,"509":0,"510":0,"511":0,"512":0,"513":0,"514":0,"515":0,"516":0,"517":0,"518":0,"519":0,"520":0,"521":0,"522":0,"523":0,"524":0,"525":0,"526":0,"527":0,"528":0,"529":0,"530":0,"531":0,"532":0,"533":0,"534":0,"535":0,"536":0,"537":0,"538":0,"539":0,"540":0,"541":0,"542":0,"543":0,"544":0,"545":0,"547":0,"548":0,"550":0,"560":0,"562":0,"564":0,"577":0,"579":0,"581":0,"582":0,"584":0,"585":0,"586":0,"587":0,"588":0,"589":0,"590":0,"591":0,"593":0,"594":0,"596":0,"597":0,"599":0,"600":0,"602":0,"603":0,"604":0,"605":0,"606":0,"608":0,"610":0,"613":0,"614":0,"626":0,"629":0,"630":0,"631":0,"632":0,"633":0,"634":0,"635":0,"636":0,"637":0,"638":0,"640":0,"641":0,"644":0,"645":0,"647":0,"648":0,"649":0,"650":0,"651":0,"652":0,"654":0,"655":0,"657":0,"658":0,"660":0,"661":0,"662":0,"663":0,"665":0,"666":0,"668":0,"669":0,"673":0,"676":0,"688":0,"690":0,"691":0,"692":0,"693":0,"694":0,"695":0,"696":0,"697":0,"698":0,"699":0,"700":0,"701":0,"702":0,"703":0,"704":0,"705":0,"706":0,"707":0},"path":"/Users/ernestpascual/Downloads/projects/bigmochi/halodao-amm-v2/contracts/core/lib/ABDKMath64x64.sol","s":{"1":0,"2":0,"3":0,"4":0,"5":0,"6":0,"7":0,"8":0,"9":0,"10":0,"11":0,"12":0,"13":0,"14":0,"15":0,"16":0,"17":0,"18":0,"19":0,"20":0,"21":0,"22":0,"23":0,"24":0,"25":0,"26":0,"27":0,"28":0,"29":0,"30":0,"31":0,"32":0,"33":0,"34":0,"35":0,"36":0,"37":0,"38":0,"39":0,"40":0,"41":0,"42":0,"43":0,"44":0,"45":0,"46":0,"47":0,"48":0,"49":0,"50":0,"51":0,"52":0,"53":0,"54":0,"55":0,"56":0,"57":0,"58":0,"59":0,"60":0,"61":0,"62":0,"63":0,"64":0,"65":0,"66":0,"67":0,"68":0,"69":0,"70":0,"71":0,"72":0,"73":0,"74":0,"75":0,"76":0,"77":0,"78":0,"79":0,"80":0,"81":0,"82":0,"83":0,"84":0,"85":0,"86":0,"87":0,"88":0,"89":0,"90":0,"91":0,"92":0,"93":0,"94":0,"95":0,"96":0,"97":0,"98":0,"99":0,"100":0,"101":0,"102":0,"103":0,"104":0,"105":0,"106":0,"107":0,"108":0,"109":0,"110":0,"111":0,"112":0,"113":0,"114":0,"115":0,"116":0,"117":0,"118":0,"119":0,"120":0,"121":0,"122":0,"123":0,"124":0,"125":0,"126":0,"127":0,"128":0,"129":0,"130":0,"131":0,"132":0,"133":0,"134":0,"135":0,"136":0,"137":0,"138":0,"139":0,"140":0,"141":0,"142":0,"143":0,"144":0,"145":0,"146":0,"147":0,"148":0,"149":0,"150":0,"151":0,"152":0,"153":0,"154":0,"155":0,"156":0,"157":0,"158":0,"159":0,"160":0,"161":0,"162":0,"163":0,"164":0,"165":0,"166":0,"167":0,"168":0,"169":0,"170":0,"171":0,"172":0,"173":0,"174":0,"175":0,"176":0,"177":0,"178":0,"179":0,"180":0,"181":0,"182":0,"183":0,"184":0,"185":0,"186":0,"187":0,"188":0,"189":0,"190":0,"191":0,"192":0,"193":0,"194":0,"195":0,"196":0,"197":0,"198":0,"199":0,"200":0,"201":0,"202":0,"203":0,"204":0,"205":0,"206":0,"207":0,"208":0,"209":0,"210":0,"211":0,"212":0,"213":0,"214":0,"215":0,"216":0,"217":0,"218":0,"219":0,"220":0,"221":0,"222":0,"223":0,"224":0,"225":0,"226":0,"227":0,"228":0,"229":0,"230":0,"231":0,"232":0,"233":0,"234":0,"235":0,"236":0,"237":0,"238":0,"239":0,"240":0,"241":0,"242":0,"243":0,"244":0,"245":0,"246":0,"247":0,"248":0,"249":0,"250":0,"251":0,"252":0,"253":0,"254":0,"255":0,"256":0,"257":0,"258":0,"259":0,"260":0,"261":0,"262":0,"263":0,"264":0,"265":0,"266":0,"267":0,"268":0,"269":0,"270":0,"271":0,"272":0,"273":0,"274":0,"275":0,"276":0,"277":0,"278":0,"279":0,"280":0,"281":0,"282":0,"283":0,"284":0,"285":0,"286":0,"287":0,"288":0,"289":0,"290":0,"291":0,"292":0,"293":0,"294":0,"295":0,"296":0,"297":0,"298":0,"299":0,"300":0,"301":0,"302":0,"303":0,"304":0,"305":0,"306":0,"307":0,"308":0,"309":0,"310":0,"311":0,"312":0,"313":0,"314":0,"315":0,"316":0,"317":0,"318":0,"319":0,"320":0,"321":0,"322":0,"323":0,"324":0,"325":0,"326":0,"327":0,"328":0,"329":0,"330":0,"331":0,"332":0,"333":0,"334":0,"335":0,"336":0,"337":0,"338":0,"339":0,"340":0,"341":0,"342":0,"343":0,"344":0,"345":0,"346":0,"347":0,"348":0,"349":0,"350":0,"351":0,"352":0,"353":0,"354":0,"355":0,"356":0,"357":0,"358":0,"359":0,"360":0,"361":0,"362":0,"363":0,"364":0,"365":0,"366":0,"367":0,"368":0,"369":0,"370":0,"371":0,"372":0,"373":0,"374":0,"375":0,"376":0,"377":0,"378":0,"379":0,"380":0,"381":0,"382":0,"383":0,"384":0,"385":0,"386":0,"387":0,"388":0,"389":0,"390":0,"391":0,"392":0,"393":0,"394":0,"395":0,"396":0,"397":0,"398":0,"399":0,"400":0,"401":0},"b":{"1":[0,0],"2":[0,0],"3":[0,0],"4":[0,0],"5":[0,0],"6":[0,0],"7":[0,0],"8":[0,0],"9":[0,0],"10":[0,0],"11":[0,0],"12":[0,0],"13":[0,0],"14":[0,0],"15":[0,0],"16":[0,0],"17":[0,0],"18":[0,0],"19":[0,0],"20":[0,0],"21":[0,0],"22":[0,0],"23":[0,0],"24":[0,0],"25":[0,0],"26":[0,0],"27":[0,0],"28":[0,0],"29":[0,0],"30":[0,0],"31":[0,0],"32":[0,0],"33":[0,0],"34":[0,0],"35":[0,0],"36":[0,0],"37":[0,0],"38":[0,0],"39":[0,0],"40":[0,0],"41":[0,0],"42":[0,0],"43":[0,0],"44":[0,0],"45":[0,0],"46":[0,0],"47":[0,0],"48":[0,0],"49":[0,0],"50":[0,0],"51":[0,0],"52":[0,0],"53":[0,0],"54":[0,0],"55":[0,0],"56":[0,0],"57":[0,0],"58":[0,0],"59":[0,0],"60":[0,0],"61":[0,0],"62":[0,0],"63":[0,0],"64":[0,0],"65":[0,0],"66":[0,0],"67":[0,0],"68":[0,0],"69":[0,0],"70":[0,0],"71":[0,0],"72":[0,0],"73":[0,0],"74":[0,0],"75":[0,0],"76":[0,0],"77":[0,0],"78":[0,0],"79":[0,0],"80":[0,0],"81":[0,0],"82":[0,0],"83":[0,0],"84":[0,0],"85":[0,0],"86":[0,0],"87":[0,0],"88":[0,0],"89":[0,0],"90":[0,0],"91":[0,0],"92":[0,0],"93":[0,0],"94":[0,0],"95":[0,0],"96":[0,0],"97":[0,0],"98":[0,0],"99":[0,0],"100":[0,0],"101":[0,0],"102":[0,0],"103":[0,0],"104":[0,0],"105":[0,0],"106":[0,0],"107":[0,0],"108":[0,0],"109":[0,0],"110":[0,0],"111":[0,0],"112":[0,0],"113":[0,0],"114":[0,0],"115":[0,0],"116":[0,0],"117":[0,0],"118":[0,0],"119":[0,0],"120":[0,0],"121":[0,0],"122":[0,0],"123":[0,0],"124":[0,0],"125":[0,0],"126":[0,0],"127":[0,0],"128":[0,0],"129":[0,0],"130":[0,0],"131":[0,0],"132":[0,0],"133":[0,0],"134":[0,0],"135":[0,0],"136":[0,0],"137":[0,0],"138":[0,0],"139":[0,0],"140":[0,0],"141":[0,0],"142":[0,0],"143":[0,0],"144":[0,0],"145":[0,0],"146":[0,0],"147":[0,0],"148":[0,0],"149":[0,0],"150":[0,0],"151":[0,0],"152":[0,0],"153":[0,0],"154":[0,0],"155":[0,0],"156":[0,0],"157":[0,0]},"f":{"1":0,"2":0,"3":0,"4":0,"5":0,"6":0,"7":0,"8":0,"9":0,"10":0,"11":0,"12":0,"13":0,"14":0,"15":0,"16":0,"17":0,"18":0,"19":0,"20":0,"21":0,"22":0,"23":0,"24":0,"25":0,"26":0,"27":0,"28":0},"fnMap":{"1":{"name":"fromInt","line":34,"loc":{"start":{"line":34,"column":2},"end":{"line":37,"column":2}}},"2":{"name":"toInt","line":46,"loc":{"start":{"line":46,"column":2},"end":{"line":48,"column":2}}},"3":{"name":"fromUInt","line":57,"loc":{"start":{"line":57,"column":2},"end":{"line":60,"column":2}}},"4":{"name":"toUInt","line":69,"loc":{"start":{"line":69,"column":2},"end":{"line":72,"column":2}}},"5":{"name":"from128x128","line":81,"loc":{"start":{"line":81,"column":2},"end":{"line":85,"column":2}}},"6":{"name":"to128x128","line":94,"loc":{"start":{"line":94,"column":2},"end":{"line":96,"column":2}}},"7":{"name":"add","line":105,"loc":{"start":{"line":105,"column":2},"end":{"line":109,"column":2}}},"8":{"name":"sub","line":118,"loc":{"start":{"line":118,"column":2},"end":{"line":122,"column":2}}},"9":{"name":"mul","line":131,"loc":{"start":{"line":131,"column":2},"end":{"line":135,"column":2}}},"10":{"name":"muli","line":145,"loc":{"start":{"line":145,"column":2},"end":{"line":171,"column":2}}},"11":{"name":"mulu","line":181,"loc":{"start":{"line":181,"column":2},"end":{"line":195,"column":2}}},"12":{"name":"div","line":205,"loc":{"start":{"line":205,"column":2},"end":{"line":210,"column":2}}},"13":{"name":"divi","line":220,"loc":{"start":{"line":220,"column":2},"end":{"line":240,"column":2}}},"14":{"name":"divu","line":250,"loc":{"start":{"line":250,"column":2},"end":{"line":255,"column":2}}},"15":{"name":"neg","line":263,"loc":{"start":{"line":263,"column":2},"end":{"line":266,"column":2}}},"16":{"name":"abs","line":274,"loc":{"start":{"line":274,"column":2},"end":{"line":277,"column":2}}},"17":{"name":"inv","line":286,"loc":{"start":{"line":286,"column":2},"end":{"line":291,"column":2}}},"18":{"name":"avg","line":300,"loc":{"start":{"line":300,"column":2},"end":{"line":302,"column":2}}},"19":{"name":"gavg","line":312,"loc":{"start":{"line":312,"column":2},"end":{"line":318,"column":2}}},"20":{"name":"pow","line":328,"loc":{"start":{"line":328,"column":2},"end":{"line":348,"column":2}}},"21":{"name":"sqrt","line":356,"loc":{"start":{"line":356,"column":2},"end":{"line":359,"column":2}}},"22":{"name":"log_2","line":367,"loc":{"start":{"line":367,"column":2},"end":{"line":390,"column":2}}},"23":{"name":"ln","line":398,"loc":{"start":{"line":398,"column":2},"end":{"line":403,"column":2}}},"24":{"name":"exp_2","line":411,"loc":{"start":{"line":411,"column":2},"end":{"line":551,"column":2}}},"25":{"name":"exp","line":559,"loc":{"start":{"line":559,"column":2},"end":{"line":566,"column":2}}},"26":{"name":"divuu","line":576,"loc":{"start":{"line":576,"column":2},"end":{"line":615,"column":2}}},"27":{"name":"powu","line":625,"loc":{"start":{"line":625,"column":2},"end":{"line":678,"column":2}}},"28":{"name":"sqrtu","line":687,"loc":{"start":{"line":687,"column":2},"end":{"line":709,"column":2}}}},"statementMap":{"1":{"start":{"line":35,"column":4},"end":{"line":35,"column":64}},"2":{"start":{"line":36,"column":4},"end":{"line":36,"column":27}},"3":{"start":{"line":47,"column":4},"end":{"line":47,"column":26}},"4":{"start":{"line":58,"column":4},"end":{"line":58,"column":36}},"5":{"start":{"line":59,"column":4},"end":{"line":59,"column":27}},"6":{"start":{"line":70,"column":4},"end":{"line":70,"column":19}},"7":{"start":{"line":71,"column":4},"end":{"line":71,"column":27}},"8":{"start":{"line":82,"column":4},"end":{"line":82,"column":27}},"9":{"start":{"line":83,"column":4},"end":{"line":83,"column":55}},"10":{"start":{"line":84,"column":4},"end":{"line":84,"column":26}},"11":{"start":{"line":95,"column":4},"end":{"line":95,"column":27}},"12":{"start":{"line":106,"column":4},"end":{"line":106,"column":33}},"13":{"start":{"line":107,"column":4},"end":{"line":107,"column":55}},"14":{"start":{"line":108,"column":4},"end":{"line":108,"column":26}},"15":{"start":{"line":119,"column":4},"end":{"line":119,"column":33}},"16":{"start":{"line":120,"column":4},"end":{"line":120,"column":55}},"17":{"start":{"line":121,"column":4},"end":{"line":121,"column":26}},"18":{"start":{"line":132,"column":4},"end":{"line":132,"column":39}},"19":{"start":{"line":133,"column":4},"end":{"line":133,"column":55}},"20":{"start":{"line":134,"column":4},"end":{"line":134,"column":26}},"21":{"start":{"line":146,"column":4},"end":{"line":146,"column":4746}},"22":{"start":{"line":147,"column":6},"end":{"line":147,"column":4834}},"23":{"start":{"line":149,"column":6},"end":{"line":149,"column":21}},"24":{"start":{"line":151,"column":6},"end":{"line":151,"column":33}},"25":{"start":{"line":152,"column":6},"end":{"line":152,"column":4989}},"26":{"start":{"line":153,"column":8},"end":{"line":153,"column":13}},"27":{"start":{"line":154,"column":8},"end":{"line":154,"column":28}},"28":{"start":{"line":156,"column":6},"end":{"line":156,"column":5063}},"29":{"start":{"line":157,"column":8},"end":{"line":157,"column":13}},"30":{"start":{"line":158,"column":8},"end":{"line":158,"column":39}},"31":{"start":{"line":160,"column":6},"end":{"line":160,"column":52}},"32":{"start":{"line":161,"column":6},"end":{"line":161,"column":5239}},"33":{"start":{"line":162,"column":8},"end":{"line":162,"column":5339}},"34":{"start":{"line":164,"column":8},"end":{"line":164,"column":39}},"35":{"start":{"line":166,"column":8},"end":{"line":166,"column":5546}},"36":{"start":{"line":168,"column":8},"end":{"line":168,"column":38}},"37":{"start":{"line":182,"column":4},"end":{"line":182,"column":24}},"38":{"start":{"line":182,"column":16},"end":{"line":182,"column":24}},"39":{"start":{"line":184,"column":4},"end":{"line":184,"column":19}},"40":{"start":{"line":186,"column":4},"end":{"line":186,"column":79}},"41":{"start":{"line":187,"column":4},"end":{"line":187,"column":41}},"42":{"start":{"line":189,"column":4},"end":{"line":189,"column":69}},"43":{"start":{"line":190,"column":4},"end":{"line":190,"column":12}},"44":{"start":{"line":192,"column":4},"end":{"line":192,"column":6352}},"45":{"start":{"line":194,"column":4},"end":{"line":194,"column":18}},"46":{"start":{"line":206,"column":4},"end":{"line":206,"column":19}},"47":{"start":{"line":207,"column":4},"end":{"line":207,"column":42}},"48":{"start":{"line":208,"column":4},"end":{"line":208,"column":55}},"49":{"start":{"line":209,"column":4},"end":{"line":209,"column":26}},"50":{"start":{"line":221,"column":4},"end":{"line":221,"column":19}},"51":{"start":{"line":223,"column":4},"end":{"line":223,"column":31}},"52":{"start":{"line":224,"column":4},"end":{"line":224,"column":7301}},"53":{"start":{"line":225,"column":6},"end":{"line":225,"column":11}},"54":{"start":{"line":226,"column":6},"end":{"line":226,"column":26}},"55":{"start":{"line":228,"column":4},"end":{"line":228,"column":7404}},"56":{"start":{"line":229,"column":6},"end":{"line":229,"column":11}},"57":{"start":{"line":230,"column":6},"end":{"line":230,"column":37}},"58":{"start":{"line":232,"column":4},"end":{"line":232,"column":61}},"59":{"start":{"line":233,"column":4},"end":{"line":233,"column":7581}},"60":{"start":{"line":234,"column":6},"end":{"line":234,"column":67}},"61":{"start":{"line":235,"column":6},"end":{"line":235,"column":37}},"62":{"start":{"line":237,"column":6},"end":{"line":237,"column":67}},"63":{"start":{"line":238,"column":6},"end":{"line":238,"column":36}},"64":{"start":{"line":251,"column":4},"end":{"line":251,"column":19}},"65":{"start":{"line":252,"column":4},"end":{"line":252,"column":33}},"66":{"start":{"line":253,"column":4},"end":{"line":253,"column":42}},"67":{"start":{"line":254,"column":4},"end":{"line":254,"column":26}},"68":{"start":{"line":264,"column":4},"end":{"line":264,"column":27}},"69":{"start":{"line":265,"column":4},"end":{"line":265,"column":13}},"70":{"start":{"line":275,"column":4},"end":{"line":275,"column":27}},"71":{"start":{"line":276,"column":4},"end":{"line":276,"column":25}},"72":{"start":{"line":287,"column":4},"end":{"line":287,"column":19}},"73":{"start":{"line":288,"column":4},"end":{"line":288,"column":68}},"74":{"start":{"line":289,"column":4},"end":{"line":289,"column":55}},"75":{"start":{"line":290,"column":4},"end":{"line":290,"column":26}},"76":{"start":{"line":301,"column":4},"end":{"line":301,"column":50}},"77":{"start":{"line":313,"column":4},"end":{"line":313,"column":38}},"78":{"start":{"line":314,"column":4},"end":{"line":314,"column":19}},"79":{"start":{"line":315,"column":4},"end":{"line":315,"column":10287}},"80":{"start":{"line":317,"column":4},"end":{"line":317,"column":39}},"81":{"start":{"line":329,"column":4},"end":{"line":329,"column":26}},"82":{"start":{"line":330,"column":4},"end":{"line":330,"column":31}},"83":{"start":{"line":331,"column":4},"end":{"line":331,"column":10781}},"84":{"start":{"line":332,"column":6},"end":{"line":332,"column":49}},"85":{"start":{"line":335,"column":6},"end":{"line":335,"column":60}},"86":{"start":{"line":336,"column":6},"end":{"line":336,"column":31}},"87":{"start":{"line":339,"column":4},"end":{"line":339,"column":24}},"88":{"start":{"line":341,"column":4},"end":{"line":341,"column":11039}},"89":{"start":{"line":342,"column":6},"end":{"line":342,"column":67}},"90":{"start":{"line":343,"column":6},"end":{"line":343,"column":37}},"91":{"start":{"line":345,"column":6},"end":{"line":345,"column":67}},"92":{"start":{"line":346,"column":6},"end":{"line":346,"column":36}},"93":{"start":{"line":357,"column":4},"end":{"line":357,"column":19}},"94":{"start":{"line":358,"column":4},"end":{"line":358,"column":45}},"95":{"start":{"line":368,"column":4},"end":{"line":368,"column":18}},"96":{"start":{"line":370,"column":4},"end":{"line":370,"column":18}},"97":{"start":{"line":371,"column":4},"end":{"line":371,"column":17}},"98":{"start":{"line":372,"column":4},"end":{"line":372,"column":59}},"99":{"start":{"line":372,"column":37},"end":{"line":372,"column":45}},"100":{"start":{"line":372,"column":48},"end":{"line":372,"column":56}},"101":{"start":{"line":373,"column":4},"end":{"line":373,"column":51}},"102":{"start":{"line":373,"column":29},"end":{"line":373,"column":37}},"103":{"start":{"line":373,"column":40},"end":{"line":373,"column":48}},"104":{"start":{"line":374,"column":4},"end":{"line":374,"column":47}},"105":{"start":{"line":374,"column":25},"end":{"line":374,"column":33}},"106":{"start":{"line":374,"column":36},"end":{"line":374,"column":44}},"107":{"start":{"line":375,"column":4},"end":{"line":375,"column":43}},"108":{"start":{"line":375,"column":23},"end":{"line":375,"column":30}},"109":{"start":{"line":375,"column":33},"end":{"line":375,"column":40}},"110":{"start":{"line":376,"column":4},"end":{"line":376,"column":42}},"111":{"start":{"line":376,"column":22},"end":{"line":376,"column":29}},"112":{"start":{"line":376,"column":32},"end":{"line":376,"column":39}},"113":{"start":{"line":377,"column":4},"end":{"line":377,"column":41}},"114":{"start":{"line":377,"column":21},"end":{"line":377,"column":28}},"115":{"start":{"line":377,"column":31},"end":{"line":377,"column":38}},"116":{"start":{"line":378,"column":4},"end":{"line":378,"column":27}},"117":{"start":{"line":378,"column":19},"end":{"line":378,"column":26}},"118":{"start":{"line":380,"column":4},"end":{"line":380,"column":34}},"119":{"start":{"line":381,"column":4},"end":{"line":381,"column":51}},"120":{"start":{"line":382,"column":4},"end":{"line":382,"column":12428}},"121":{"start":{"line":383,"column":6},"end":{"line":383,"column":13}},"122":{"start":{"line":384,"column":6},"end":{"line":384,"column":27}},"123":{"start":{"line":385,"column":6},"end":{"line":385,"column":19}},"124":{"start":{"line":386,"column":6},"end":{"line":386,"column":31}},"125":{"start":{"line":389,"column":4},"end":{"line":389,"column":26}},"126":{"start":{"line":399,"column":4},"end":{"line":399,"column":18}},"127":{"start":{"line":401,"column":4},"end":{"line":401,"column":12955}},"128":{"start":{"line":412,"column":4},"end":{"line":412,"column":37}},"129":{"start":{"line":414,"column":4},"end":{"line":414,"column":43}},"130":{"start":{"line":414,"column":35},"end":{"line":414,"column":43}},"131":{"start":{"line":416,"column":4},"end":{"line":416,"column":55}},"132":{"start":{"line":418,"column":4},"end":{"line":418,"column":13453}},"133":{"start":{"line":419,"column":6},"end":{"line":419,"column":65}},"134":{"start":{"line":420,"column":4},"end":{"line":420,"column":13557}},"135":{"start":{"line":421,"column":6},"end":{"line":421,"column":65}},"136":{"start":{"line":422,"column":4},"end":{"line":422,"column":13661}},"137":{"start":{"line":423,"column":6},"end":{"line":423,"column":65}},"138":{"start":{"line":424,"column":4},"end":{"line":424,"column":13765}},"139":{"start":{"line":425,"column":6},"end":{"line":425,"column":65}},"140":{"start":{"line":426,"column":4},"end":{"line":426,"column":13869}},"141":{"start":{"line":427,"column":6},"end":{"line":427,"column":65}},"142":{"start":{"line":428,"column":4},"end":{"line":428,"column":13972}},"143":{"start":{"line":429,"column":6},"end":{"line":429,"column":65}},"144":{"start":{"line":430,"column":4},"end":{"line":430,"column":14075}},"145":{"start":{"line":431,"column":6},"end":{"line":431,"column":65}},"146":{"start":{"line":432,"column":4},"end":{"line":432,"column":14178}},"147":{"start":{"line":433,"column":6},"end":{"line":433,"column":65}},"148":{"start":{"line":434,"column":4},"end":{"line":434,"column":14281}},"149":{"start":{"line":435,"column":6},"end":{"line":435,"column":65}},"150":{"start":{"line":436,"column":4},"end":{"line":436,"column":14383}},"151":{"start":{"line":437,"column":6},"end":{"line":437,"column":65}},"152":{"start":{"line":438,"column":4},"end":{"line":438,"column":14485}},"153":{"start":{"line":439,"column":6},"end":{"line":439,"column":65}},"154":{"start":{"line":440,"column":4},"end":{"line":440,"column":14587}},"155":{"start":{"line":441,"column":6},"end":{"line":441,"column":65}},"156":{"start":{"line":442,"column":4},"end":{"line":442,"column":14689}},"157":{"start":{"line":443,"column":6},"end":{"line":443,"column":65}},"158":{"start":{"line":444,"column":4},"end":{"line":444,"column":14790}},"159":{"start":{"line":445,"column":6},"end":{"line":445,"column":65}},"160":{"start":{"line":446,"column":4},"end":{"line":446,"column":14891}},"161":{"start":{"line":447,"column":6},"end":{"line":447,"column":65}},"162":{"start":{"line":448,"column":4},"end":{"line":448,"column":14992}},"163":{"start":{"line":449,"column":6},"end":{"line":449,"column":65}},"164":{"start":{"line":450,"column":4},"end":{"line":450,"column":15093}},"165":{"start":{"line":451,"column":6},"end":{"line":451,"column":65}},"166":{"start":{"line":452,"column":4},"end":{"line":452,"column":15193}},"167":{"start":{"line":453,"column":6},"end":{"line":453,"column":65}},"168":{"start":{"line":454,"column":4},"end":{"line":454,"column":15293}},"169":{"start":{"line":455,"column":6},"end":{"line":455,"column":65}},"170":{"start":{"line":456,"column":4},"end":{"line":456,"column":15393}},"171":{"start":{"line":457,"column":6},"end":{"line":457,"column":65}},"172":{"start":{"line":458,"column":4},"end":{"line":458,"column":15493}},"173":{"start":{"line":459,"column":6},"end":{"line":459,"column":65}},"174":{"start":{"line":460,"column":4},"end":{"line":460,"column":15592}},"175":{"start":{"line":461,"column":6},"end":{"line":461,"column":65}},"176":{"start":{"line":462,"column":4},"end":{"line":462,"column":15691}},"177":{"start":{"line":463,"column":6},"end":{"line":463,"column":65}},"178":{"start":{"line":464,"column":4},"end":{"line":464,"column":15790}},"179":{"start":{"line":465,"column":6},"end":{"line":465,"column":65}},"180":{"start":{"line":466,"column":4},"end":{"line":466,"column":15889}},"181":{"start":{"line":467,"column":6},"end":{"line":467,"column":65}},"182":{"start":{"line":468,"column":4},"end":{"line":468,"column":15987}},"183":{"start":{"line":469,"column":6},"end":{"line":469,"column":65}},"184":{"start":{"line":470,"column":4},"end":{"line":470,"column":16085}},"185":{"start":{"line":471,"column":6},"end":{"line":471,"column":65}},"186":{"start":{"line":472,"column":4},"end":{"line":472,"column":16183}},"187":{"start":{"line":473,"column":6},"end":{"line":473,"column":65}},"188":{"start":{"line":474,"column":4},"end":{"line":474,"column":16281}},"189":{"start":{"line":475,"column":6},"end":{"line":475,"column":65}},"190":{"start":{"line":476,"column":4},"end":{"line":476,"column":16378}},"191":{"start":{"line":477,"column":6},"end":{"line":477,"column":65}},"192":{"start":{"line":478,"column":4},"end":{"line":478,"column":16475}},"193":{"start":{"line":479,"column":6},"end":{"line":479,"column":65}},"194":{"start":{"line":480,"column":4},"end":{"line":480,"column":16572}},"195":{"start":{"line":481,"column":6},"end":{"line":481,"column":65}},"196":{"start":{"line":482,"column":4},"end":{"line":482,"column":16669}},"197":{"start":{"line":483,"column":6},"end":{"line":483,"column":65}},"198":{"start":{"line":484,"column":4},"end":{"line":484,"column":16765}},"199":{"start":{"line":485,"column":6},"end":{"line":485,"column":65}},"200":{"start":{"line":486,"column":4},"end":{"line":486,"column":16861}},"201":{"start":{"line":487,"column":6},"end":{"line":487,"column":65}},"202":{"start":{"line":488,"column":4},"end":{"line":488,"column":16957}},"203":{"start":{"line":489,"column":6},"end":{"line":489,"column":65}},"204":{"start":{"line":490,"column":4},"end":{"line":490,"column":17053}},"205":{"start":{"line":491,"column":6},"end":{"line":491,"column":65}},"206":{"start":{"line":492,"column":4},"end":{"line":492,"column":17148}},"207":{"start":{"line":493,"column":6},"end":{"line":493,"column":65}},"208":{"start":{"line":494,"column":4},"end":{"line":494,"column":17243}},"209":{"start":{"line":495,"column":6},"end":{"line":495,"column":65}},"210":{"start":{"line":496,"column":4},"end":{"line":496,"column":17338}},"211":{"start":{"line":497,"column":6},"end":{"line":497,"column":65}},"212":{"start":{"line":498,"column":4},"end":{"line":498,"column":17433}},"213":{"start":{"line":499,"column":6},"end":{"line":499,"column":65}},"214":{"start":{"line":500,"column":4},"end":{"line":500,"column":17527}},"215":{"start":{"line":501,"column":6},"end":{"line":501,"column":65}},"216":{"start":{"line":502,"column":4},"end":{"line":502,"column":17621}},"217":{"start":{"line":503,"column":6},"end":{"line":503,"column":65}},"218":{"start":{"line":504,"column":4},"end":{"line":504,"column":17715}},"219":{"start":{"line":505,"column":6},"end":{"line":505,"column":65}},"220":{"start":{"line":506,"column":4},"end":{"line":506,"column":17809}},"221":{"start":{"line":507,"column":6},"end":{"line":507,"column":65}},"222":{"start":{"line":508,"column":4},"end":{"line":508,"column":17902}},"223":{"start":{"line":509,"column":6},"end":{"line":509,"column":65}},"224":{"start":{"line":510,"column":4},"end":{"line":510,"column":17995}},"225":{"start":{"line":511,"column":6},"end":{"line":511,"column":65}},"226":{"start":{"line":512,"column":4},"end":{"line":512,"column":18088}},"227":{"start":{"line":513,"column":6},"end":{"line":513,"column":65}},"228":{"start":{"line":514,"column":4},"end":{"line":514,"column":18181}},"229":{"start":{"line":515,"column":6},"end":{"line":515,"column":65}},"230":{"start":{"line":516,"column":4},"end":{"line":516,"column":18273}},"231":{"start":{"line":517,"column":6},"end":{"line":517,"column":65}},"232":{"start":{"line":518,"column":4},"end":{"line":518,"column":18365}},"233":{"start":{"line":519,"column":6},"end":{"line":519,"column":65}},"234":{"start":{"line":520,"column":4},"end":{"line":520,"column":18457}},"235":{"start":{"line":521,"column":6},"end":{"line":521,"column":65}},"236":{"start":{"line":522,"column":4},"end":{"line":522,"column":18549}},"237":{"start":{"line":523,"column":6},"end":{"line":523,"column":65}},"238":{"start":{"line":524,"column":4},"end":{"line":524,"column":18640}},"239":{"start":{"line":525,"column":6},"end":{"line":525,"column":65}},"240":{"start":{"line":526,"column":4},"end":{"line":526,"column":18731}},"241":{"start":{"line":527,"column":6},"end":{"line":527,"column":65}},"242":{"start":{"line":528,"column":4},"end":{"line":528,"column":18822}},"243":{"start":{"line":529,"column":6},"end":{"line":529,"column":65}},"244":{"start":{"line":530,"column":4},"end":{"line":530,"column":18913}},"245":{"start":{"line":531,"column":6},"end":{"line":531,"column":65}},"246":{"start":{"line":532,"column":4},"end":{"line":532,"column":19003}},"247":{"start":{"line":533,"column":6},"end":{"line":533,"column":65}},"248":{"start":{"line":534,"column":4},"end":{"line":534,"column":19093}},"249":{"start":{"line":535,"column":6},"end":{"line":535,"column":65}},"250":{"start":{"line":536,"column":4},"end":{"line":536,"column":19183}},"251":{"start":{"line":537,"column":6},"end":{"line":537,"column":65}},"252":{"start":{"line":538,"column":4},"end":{"line":538,"column":19273}},"253":{"start":{"line":539,"column":6},"end":{"line":539,"column":65}},"254":{"start":{"line":540,"column":4},"end":{"line":540,"column":19362}},"255":{"start":{"line":541,"column":6},"end":{"line":541,"column":65}},"256":{"start":{"line":542,"column":4},"end":{"line":542,"column":19451}},"257":{"start":{"line":543,"column":6},"end":{"line":543,"column":65}},"258":{"start":{"line":544,"column":4},"end":{"line":544,"column":19540}},"259":{"start":{"line":545,"column":6},"end":{"line":545,"column":65}},"260":{"start":{"line":547,"column":4},"end":{"line":547,"column":38}},"261":{"start":{"line":548,"column":4},"end":{"line":548,"column":42}},"262":{"start":{"line":550,"column":4},"end":{"line":550,"column":26}},"263":{"start":{"line":560,"column":4},"end":{"line":560,"column":37}},"264":{"start":{"line":562,"column":4},"end":{"line":562,"column":43}},"265":{"start":{"line":562,"column":35},"end":{"line":562,"column":43}},"266":{"start":{"line":564,"column":4},"end":{"line":564,"column":20103}},"267":{"start":{"line":577,"column":4},"end":{"line":577,"column":19}},"268":{"start":{"line":579,"column":4},"end":{"line":579,"column":18}},"269":{"start":{"line":581,"column":4},"end":{"line":581,"column":20550}},"270":{"start":{"line":582,"column":6},"end":{"line":582,"column":27}},"271":{"start":{"line":584,"column":6},"end":{"line":584,"column":23}},"272":{"start":{"line":585,"column":6},"end":{"line":585,"column":27}},"273":{"start":{"line":586,"column":6},"end":{"line":586,"column":53}},"274":{"start":{"line":586,"column":31},"end":{"line":586,"column":39}},"275":{"start":{"line":586,"column":42},"end":{"line":586,"column":50}},"276":{"start":{"line":587,"column":6},"end":{"line":587,"column":49}},"277":{"start":{"line":587,"column":27},"end":{"line":587,"column":35}},"278":{"start":{"line":587,"column":38},"end":{"line":587,"column":46}},"279":{"start":{"line":588,"column":6},"end":{"line":588,"column":45}},"280":{"start":{"line":588,"column":25},"end":{"line":588,"column":32}},"281":{"start":{"line":588,"column":35},"end":{"line":588,"column":42}},"282":{"start":{"line":589,"column":6},"end":{"line":589,"column":44}},"283":{"start":{"line":589,"column":24},"end":{"line":589,"column":31}},"284":{"start":{"line":589,"column":34},"end":{"line":589,"column":41}},"285":{"start":{"line":590,"column":6},"end":{"line":590,"column":43}},"286":{"start":{"line":590,"column":23},"end":{"line":590,"column":30}},"287":{"start":{"line":590,"column":33},"end":{"line":590,"column":40}},"288":{"start":{"line":591,"column":6},"end":{"line":591,"column":29}},"289":{"start":{"line":591,"column":21},"end":{"line":591,"column":28}},"290":{"start":{"line":593,"column":6},"end":{"line":593,"column":59}},"291":{"start":{"line":594,"column":6},"end":{"line":594,"column":59}},"292":{"start":{"line":596,"column":6},"end":{"line":596,"column":38}},"293":{"start":{"line":597,"column":6},"end":{"line":597,"column":68}},"294":{"start":{"line":599,"column":6},"end":{"line":599,"column":27}},"295":{"start":{"line":600,"column":6},"end":{"line":600,"column":26}},"296":{"start":{"line":602,"column":6},"end":{"line":602,"column":26}},"297":{"start":{"line":602,"column":19},"end":{"line":602,"column":25}},"298":{"start":{"line":603,"column":6},"end":{"line":603,"column":13}},"299":{"start":{"line":604,"column":6},"end":{"line":604,"column":19}},"300":{"start":{"line":605,"column":6},"end":{"line":605,"column":26}},"301":{"start":{"line":605,"column":19},"end":{"line":605,"column":25}},"302":{"start":{"line":606,"column":6},"end":{"line":606,"column":13}},"303":{"start":{"line":608,"column":6},"end":{"line":608,"column":29}},"304":{"start":{"line":610,"column":6},"end":{"line":610,"column":21}},"305":{"start":{"line":613,"column":4},"end":{"line":613,"column":57}},"306":{"start":{"line":614,"column":4},"end":{"line":614,"column":27}},"307":{"start":{"line":626,"column":4},"end":{"line":626,"column":22032}},"308":{"start":{"line":626,"column":16},"end":{"line":626,"column":57}},"309":{"start":{"line":627,"column":9},"end":{"line":627,"column":22096}},"310":{"start":{"line":627,"column":21},"end":{"line":627,"column":29}},"311":{"start":{"line":629,"column":6},"end":{"line":629
[...]
:{"line":217,"column":55}},"47":{"start":{"line":220,"column":8},"end":{"line":220,"column":38}},"48":{"start":{"line":221,"column":8},"end":{"line":221,"column":40}},"49":{"start":{"line":223,"column":8},"end":{"line":223,"column":9357}},"50":{"start":{"line":224,"column":12},"end":{"line":224,"column":35}},"51":{"start":{"line":226,"column":12},"end":{"line":226,"column":9504}},"52":{"start":{"line":228,"column":12},"end":{"line":228,"column":55}},"53":{"start":{"line":230,"column":12},"end":{"line":230,"column":83}},"54":{"start":{"line":231,"column":12},"end":{"line":231,"column":85}},"55":{"start":{"line":232,"column":12},"end":{"line":232,"column":71}},"56":{"start":{"line":235,"column":12},"end":{"line":235,"column":9951}},"57":{"start":{"line":239,"column":16},"end":{"line":239,"column":67}},"58":{"start":{"line":240,"column":16},"end":{"line":240,"column":105}},"59":{"start":{"line":241,"column":16},"end":{"line":241,"column":80}},"60":{"start":{"line":242,"column":16},"end":{"line":242,"column":62}},"61":{"start":{"line":246,"column":12},"end":{"line":246,"column":52}},"62":{"start":{"line":247,"column":12},"end":{"line":247,"column":34}},"63":{"start":{"line":248,"column":12},"end":{"line":248,"column":40}},"64":{"start":{"line":249,"column":12},"end":{"line":249,"column":42}},"65":{"start":{"line":250,"column":12},"end":{"line":250,"column":52}},"66":{"start":{"line":251,"column":12},"end":{"line":251,"column":56}},"67":{"start":{"line":252,"column":12},"end":{"line":252,"column":42}},"68":{"start":{"line":253,"column":12},"end":{"line":253,"column":43}},"69":{"start":{"line":256,"column":12},"end":{"line":256,"column":28}},"70":{"start":{"line":257,"column":12},"end":{"line":257,"column":29}},"71":{"start":{"line":258,"column":12},"end":{"line":258,"column":87}},"72":{"start":{"line":260,"column":12},"end":{"line":260,"column":78}},"73":{"start":{"line":263,"column":12},"end":{"line":263,"column":117}},"74":{"start":{"line":264,"column":12},"end":{"line":264,"column":11636}},"75":{"start":{"line":285,"column":8},"end":{"line":285,"column":54}},"76":{"start":{"line":286,"column":8},"end":{"line":286,"column":82}},"77":{"start":{"line":288,"column":8},"end":{"line":288,"column":12531}},"78":{"start":{"line":289,"column":12},"end":{"line":289,"column":98}},"79":{"start":{"line":290,"column":15},"end":{"line":290,"column":12701}},"80":{"start":{"line":291,"column":12},"end":{"line":291,"column":105}},"81":{"start":{"line":294,"column":12},"end":{"line":294,"column":89}},"82":{"start":{"line":297,"column":8},"end":{"line":297,"column":90}},"83":{"start":{"line":298,"column":8},"end":{"line":298,"column":89}},"84":{"start":{"line":308,"column":8},"end":{"line":308,"column":13700}},"85":{"start":{"line":315,"column":8},"end":{"line":315,"column":30}},"86":{"start":{"line":316,"column":8},"end":{"line":316,"column":31}},"87":{"start":{"line":319,"column":8},"end":{"line":319,"column":14085}},"88":{"start":{"line":321,"column":12},"end":{"line":321,"column":41}},"89":{"start":{"line":322,"column":12},"end":{"line":322,"column":42}},"90":{"start":{"line":325,"column":12},"end":{"line":325,"column":42}},"91":{"start":{"line":326,"column":12},"end":{"line":326,"column":41}},"92":{"start":{"line":330,"column":8},"end":{"line":330,"column":14518}},"93":{"start":{"line":338,"column":8},"end":{"line":338,"column":14880}},"94":{"start":{"line":347,"column":8},"end":{"line":347,"column":96}},"95":{"start":{"line":348,"column":8},"end":{"line":348,"column":98}},"96":{"start":{"line":351,"column":8},"end":{"line":351,"column":15588}},"97":{"start":{"line":358,"column":8},"end":{"line":358,"column":86}},"98":{"start":{"line":359,"column":8},"end":{"line":359,"column":88}},"99":{"start":{"line":379,"column":8},"end":{"line":379,"column":53}},"100":{"start":{"line":380,"column":8},"end":{"line":380,"column":55}},"101":{"start":{"line":381,"column":8},"end":{"line":381,"column":110}},"102":{"start":{"line":384,"column":8},"end":{"line":384,"column":75}},"103":{"start":{"line":385,"column":8},"end":{"line":385,"column":107}},"104":{"start":{"line":387,"column":8},"end":{"line":387,"column":64}},"105":{"start":{"line":388,"column":8},"end":{"line":388,"column":67}},"106":{"start":{"line":395,"column":8},"end":{"line":395,"column":30}},"107":{"start":{"line":396,"column":8},"end":{"line":396,"column":31}},"108":{"start":{"line":399,"column":8},"end":{"line":399,"column":101}},"109":{"start":{"line":400,"column":8},"end":{"line":400,"column":73}},"110":{"start":{"line":401,"column":8},"end":{"line":401,"column":75}},"111":{"start":{"line":403,"column":8},"end":{"line":403,"column":17804}},"112":{"start":{"line":406,"column":12},"end":{"line":406,"column":48}},"113":{"start":{"line":407,"column":12},"end":{"line":407,"column":47}},"114":{"start":{"line":412,"column":8},"end":{"line":412,"column":19}},"115":{"start":{"line":413,"column":8},"end":{"line":413,"column":20}},"116":{"start":{"line":415,"column":8},"end":{"line":415,"column":51}},"117":{"start":{"line":416,"column":8},"end":{"line":416,"column":69}},"118":{"start":{"line":418,"column":8},"end":{"line":418,"column":34}},"119":{"start":{"line":419,"column":8},"end":{"line":419,"column":18482}},"120":{"start":{"line":422,"column":12},"end":{"line":422,"column":63}},"121":{"start":{"line":424,"column":12},"end":{"line":424,"column":47}},"122":{"start":{"line":425,"column":12},"end":{"line":425,"column":97}},"123":{"start":{"line":427,"column":12},"end":{"line":427,"column":18981}},"124":{"start":{"line":428,"column":16},"end":{"line":428,"column":39}},"125":{"start":{"line":429,"column":19},"end":{"line":429,"column":19062}},"126":{"start":{"line":430,"column":16},"end":{"line":430,"column":40}},"127":{"start":{"line":435,"column":8},"end":{"line":435,"column":82}},"128":{"start":{"line":436,"column":8},"end":{"line":436,"column":107}},"129":{"start":{"line":437,"column":8},"end":{"line":437,"column":61}},"130":{"start":{"line":438,"column":8},"end":{"line":438,"column":64}},"131":{"start":{"line":442,"column":8},"end":{"line":442,"column":60}},"132":{"start":{"line":443,"column":8},"end":{"line":443,"column":62}},"133":{"start":{"line":468,"column":8},"end":{"line":468,"column":21346}},"134":{"start":{"line":473,"column":12},"end":{"line":473,"column":59}},"135":{"start":{"line":517,"column":12},"end":{"line":517,"column":79}}},"branchMap":{"1":{"line":141,"type":"if","locations":[{"start":{"line":141,"column":12},"end":{"line":141,"column":12}},{"start":{"line":141,"column":12},"end":{"line":141,"column":12}}]},"2":{"line":145,"type":"if","locations":[{"start":{"line":145,"column":16},"end":{"line":145,"column":16}},{"start":{"line":145,"column":16},"end":{"line":145,"column":16}}]},"3":{"line":148,"type":"if","locations":[{"start":{"line":148,"column":19},"end":{"line":148,"column":19}},{"start":{"line":148,"column":19},"end":{"line":148,"column":19}}]},"4":{"line":193,"type":"if","locations":[{"start":{"line":193,"column":8},"end":{"line":193,"column":8}},{"start":{"line":193,"column":8},"end":{"line":193,"column":8}}]},"5":{"line":235,"type":"if","locations":[{"start":{"line":235,"column":12},"end":{"line":235,"column":12}},{"start":{"line":235,"column":12},"end":{"line":235,"column":12}}]},"6":{"line":288,"type":"if","locations":[{"start":{"line":288,"column":8},"end":{"line":288,"column":8}},{"start":{"line":288,"column":8},"end":{"line":288,"column":8}}]},"7":{"line":290,"type":"if","locations":[{"start":{"line":290,"column":15},"end":{"line":290,"column":15}},{"start":{"line":290,"column":15},"end":{"line":290,"column":15}}]},"8":{"line":319,"type":"if","locations":[{"start":{"line":319,"column":8},"end":{"line":319,"column":8}},{"start":{"line":319,"column":8},"end":{"line":319,"column":8}}]},"9":{"line":403,"type":"if","locations":[{"start":{"line":403,"column":8},"end":{"line":403,"column":8}},{"start":{"line":403,"column":8},"end":{"line":403,"column":8}}]},"10":{"line":427,"type":"if","locations":[{"start":{"line":427,"column":12},"end":{"line":427,"column":12}},{"start":{"line":427,"column":12},"end":{"line":427,"column":12}}]},"11":{"line":429,"type":"if","locations":[{"start":{"line":429,"column":19},"end":{"line":429,"column":19}},{"start":{"line":429,"column":19},"end":{"line":429,"column":19}}]},"12":{"line":468,"type":"if","locations":[{"start":{"line":468,"column":8},"end":{"line":468,"column":8}},{"start":{"line":468,"column":8},"end":{"line":468,"column":8}}]}}},"contracts/mock/vault/UserBalance.sol":{"l":{"53":0,"54":0,"55":0,"61":0,"64":0,"65":0,"67":0,"68":0,"69":0,"70":0,"71":0,"72":0,"75":0,"80":0,"82":0,"88":0,"89":0,"90":0,"93":0,"94":0,"97":0,"98":0,"102":0,"103":0,"105":0,"106":0,"109":0,"116":0,"125":0,"126":0,"136":0,"137":0,"147":0,"148":0,"157":0,"158":0,"159":0,"171":0,"172":0,"173":0,"187":0,"188":0,"190":0,"193":0,"194":0,"210":0,"211":0,"218":0,"238":0,"240":0,"245":0,"246":0,"247":0,"250":0,"253":0},"path":"/Users/ernestpascual/Downloads/projects/bigmochi/halodao-amm-v2/contracts/mock/vault/UserBalance.sol","s":{"1":0,"2":0,"3":0,"4":0,"5":0,"6":0,"7":0,"8":0,"9":0,"10":0,"11":0,"12":0,"13":0,"14":0,"15":0,"16":0,"17":0,"18":0,"19":0,"20":0,"21":0,"22":0,"23":0,"24":0,"25":0,"26":0,"27":0,"28":0,"29":0,"30":0,"31":0,"32":0,"33":0,"34":0,"35":0,"36":0,"37":0,"38":0,"39":0,"40":0,"41":0,"42":0,"43":0,"44":0,"45":0,"46":0,"47":0,"48":0,"49":0,"50":0,"51":0,"52":0,"53":0,"54":0,"55":0},"b":{"1":[0,0],"2":[0,0],"3":[0,0],"4":[0,0],"5":[0,0],"6":[0,0],"7":[0,0],"8":[0,0]},"f":{"1":0,"2":0,"3":0,"4":0,"5":0,"6":0,"7":0,"8":0,"9":0,"10":0,"11":0},"fnMap":{"1":{"name":"getInternalBalance","line":47,"loc":{"start":{"line":47,"column":4},"end":{"line":57,"column":4}}},"2":{"name":"manageUserBalance","line":59,"loc":{"start":{"line":59,"column":4},"end":{"line":117,"column":4}}},"3":{"name":"_depositToInternalBalance","line":119,"loc":{"start":{"line":119,"column":4},"end":{"line":127,"column":4}}},"4":{"name":"_withdrawFromInternalBalance","line":129,"loc":{"start":{"line":129,"column":4},"end":{"line":138,"column":4}}},"5":{"name":"_transferInternalBalance","line":140,"loc":{"start":{"line":140,"column":4},"end":{"line":149,"column":4}}},"6":{"name":"_transferToExternalBalance","line":151,"loc":{"start":{"line":151,"column":4},"end":{"line":161,"column":4}}},"7":{"name":"_increaseInternalBalance","line":166,"loc":{"start":{"line":166,"column":4},"end":{"line":174,"column":4}}},"8":{"name":"_decreaseInternalBalance","line":181,"loc":{"start":{"line":181,"column":4},"end":{"line":195,"column":4}}},"9":{"name":"_setInternalBalance","line":204,"loc":{"start":{"line":204,"column":4},"end":{"line":212,"column":4}}},"10":{"name":"_getInternalBalance","line":217,"loc":{"start":{"line":217,"column":4},"end":{"line":219,"column":4}}},"11":{"name":"_validateUserBalanceOp","line":224,"loc":{"start":{"line":224,"column":4},"end":{"line":254,"column":4}}}},"statementMap":{"1":{"start":{"line":53,"column":8},"end":{"line":53,"column":46}},"2":{"start":{"line":54,"column":8},"end":{"line":54,"column":2615}},"3":{"start":{"line":55,"column":12},"end":{"line":55,"column":61}},"4":{"start":{"line":61,"column":8},"end":{"line":61,"column":30}},"5":{"start":{"line":64,"column":8},"end":{"line":64,"column":43}},"6":{"start":{"line":65,"column":8},"end":{"line":65,"column":37}},"7":{"start":{"line":67,"column":8},"end":{"line":67,"column":3154}},"8":{"start":{"line":68,"column":12},"end":{"line":68,"column":34}},"9":{"start":{"line":69,"column":12},"end":{"line":69,"column":24}},"10":{"start":{"line":70,"column":12},"end":{"line":70,"column":26}},"11":{"start":{"line":71,"column":12},"end":{"line":71,"column":26}},"12":{"start":{"line":72,"column":12},"end":{"line":72,"column":37}},"13":{"start":{"line":75,"column":12},"end":{"line":75,"column":3490}},"14":{"start":{"line":80,"column":12},"end":{"line":80,"column":3672}},"15":{"start":{"line":82,"column":16},"end":{"line":82,"column":77}},"16":{"start":{"line":88,"column":16},"end":{"line":88,"column":4167}},"17":{"start":{"line":89,"column":20},"end":{"line":89,"column":37}},"18":{"start":{"line":90,"column":20},"end":{"line":90,"column":42}},"19":{"start":{"line":93,"column":16},"end":{"line":93,"column":4312}},"20":{"start":{"line":94,"column":20},"end":{"line":94,"column":78}},"21":{"start":{"line":97,"column":20},"end":{"line":97,"column":4553}},"22":{"start":{"line":98,"column":24},"end":{"line":98,"column":58}},"23":{"start":{"line":102,"column":20},"end":{"line":102,"column":75}},"24":{"start":{"line":103,"column":20},"end":{"line":103,"column":51}},"25":{"start":{"line":105,"column":20},"end":{"line":105,"column":4886}},"26":{"start":{"line":106,"column":24},"end":{"line":106,"column":81}},"27":{"start":{"line":109,"column":24},"end":{"line":109,"column":83}},"28":{"start":{"line":116,"column":8},"end":{"line":116,"column":38}},"29":{"start":{"line":125,"column":8},"end":{"line":125,"column":77}},"30":{"start":{"line":126,"column":8},"end":{"line":126,"column":50}},"31":{"start":{"line":136,"column":8},"end":{"line":136,"column":81}},"32":{"start":{"line":137,"column":8},"end":{"line":137,"column":50}},"33":{"start":{"line":147,"column":8},"end":{"line":147,"column":61}},"34":{"start":{"line":148,"column":8},"end":{"line":148,"column":57}},"35":{"start":{"line":157,"column":8},"end":{"line":157,"column":6567}},"36":{"start":{"line":158,"column":12},"end":{"line":158,"column":60}},"37":{"start":{"line":159,"column":12},"end":{"line":159,"column":74}},"38":{"start":{"line":171,"column":8},"end":{"line":171,"column":68}},"39":{"start":{"line":172,"column":8},"end":{"line":172,"column":55}},"40":{"start":{"line":173,"column":8},"end":{"line":173,"column":73}},"41":{"start":{"line":187,"column":8},"end":{"line":187,"column":68}},"42":{"start":{"line":188,"column":8},"end":{"line":188,"column":97}},"43":{"start":{"line":190,"column":8},"end":{"line":190,"column":50}},"44":{"start":{"line":193,"column":8},"end":{"line":193,"column":54}},"45":{"start":{"line":194,"column":8},"end":{"line":194,"column":78}},"46":{"start":{"line":210,"column":8},"end":{"line":210,"column":57}},"47":{"start":{"line":211,"column":8},"end":{"line":211,"column":58}},"48":{"start":{"line":218,"column":8},"end":{"line":218,"column":52}},"49":{"start":{"line":238,"column":8},"end":{"line":238,"column":34}},"50":{"start":{"line":240,"column":8},"end":{"line":240,"column":9662}},"51":{"start":{"line":245,"column":12},"end":{"line":245,"column":10003}},"52":{"start":{"line":246,"column":16},"end":{"line":246,"column":36}},"53":{"start":{"line":247,"column":16},"end":{"line":247,"column":44}},"54":{"start":{"line":250,"column":12},"end":{"line":250,"column":94}},"55":{"start":{"line":253,"column":8},"end":{"line":253,"column":91}}},"branchMap":{"1":{"line":80,"type":"if","locations":[{"start":{"line":80,"column":12},"end":{"line":80,"column":12}},{"start":{"line":80,"column":12},"end":{"line":80,"column":12}}]},"2":{"line":88,"type":"if","locations":[{"start":{"line":88,"column":16},"end":{"line":88,"column":16}},{"start":{"line":88,"column":16},"end":{"line":88,"column":16}}]},"3":{"line":93,"type":"if","locations":[{"start":{"line":93,"column":16},"end":{"line":93,"column":16}},{"start":{"line":93,"column":16},"end":{"line":93,"column":16}}]},"4":{"line":97,"type":"if","locations":[{"start":{"line":97,"column":20},"end":{"line":97,"column":20}},{"start":{"line":97,"column":20},"end":{"line":97,"column":20}}]},"5":{"line":105,"type":"if","locations":[{"start":{"line":105,"column":20},"end":{"line":105,"column":20}},{"start":{"line":105,"column":20},"end":{"line":105,"column":20}}]},"6":{"line":157,"type":"if","locations":[{"start":{"line":157,"column":8},"end":{"line":157,"column":8}},{"start":{"line":157,"column":8},"end":{"line":157,"column":8}}]},"7":{"line":240,"type":"if","locations":[{"start":{"line":240,"column":8},"end":{"line":240,"column":8}},{"start":{"line":240,"column":8},"end":{"line":240,"column":8}}]},"8":{"line":245,"type":"if","locations":[{"start":{"line":245,"column":12},"end":{"line":245,"column":12}},{"start":{"line":245,"column":12},"end":{"line":245,"column":12}}]}}},"contracts/mock/vault/Vault.sol":{"l":{"72":0,"77":0},"path":"/Users/ernestpascual/Downloads/projects/bigmochi/halodao-amm-v2/contracts/mock/vault/Vault.sol","s":{"1":0,"2":0},"b":{},"f":{"1":0,"2":0,"3":0},"fnMap":{"1":{"name":"constructor","line":67,"loc":{"start":{"line":62,"column":4},"end":{"line":69,"column":4}}},"2":{"name":"setPaused","line":71,"loc":{"start":{"line":71,"column":4},"end":{"line":73,"column":4}}},"3":{"name":"WETH","line":76,"loc":{"start":{"line":76,"column":4},"end":{"line":78,"column":4}}}},"statementMap":{"1":{"start":{"line":72,"column":8},"end":{"line":72,"column":25}},"2":{"start":{"line":77,"column":8},"end":{"line":77,"column":22}}},"branchMap":{}},"contracts/mock/vault/VaultAuthorization.sol":{"l":{"72":0,"73":0,"81":0,"85":0,"89":0,"90":0,"94":0,"102":0,"103":0,"107":0,"117":0,"119":0,"123":0,"124":0,"133":0,"138":0,"145":0},"path":"/Users/ernestpascual/Downloads/projects/bigmochi/halodao-amm-v2/contracts/mock/vault/VaultAuthorization.sol","s":{"1":0,"2":0,"3":0,"4":0,"5":0,"6":0,"7":0,"8":0,"9":0,"10":0,"11":0,"12":0,"13":0,"14":0,"15":0},"b":{"1":[0,0],"2":[0,0]},"f":{"1":0,"2":0,"3":0,"4":0,"5":0,"6":0,"7":0,"8":0,"9":0,"10":0,"11":0},"fnMap":{"1":{"name":"authenticateFor","line":71,"loc":{"start":{"line":71,"column":4},"end":{"line":74,"column":4}}},"2":{"name":"constructor","line":79,"loc":{"start":{"line":76,"column":4},"end":{"line":82,"column":4}}},"3":{"name":"setAuthorizer","line":84,"loc":{"start":{"line":84,"column":4},"end":{"line":86,"column":4}}},"4":{"name":"_setAuthorizer","line":88,"loc":{"start":{"line":88,"column":4},"end":{"line":91,"column":4}}},"5":{"name":"getAuthorizer","line":93,"loc":{"start":{"line":93,"column":4},"end":{"line":95,"column":4}}},"6":{"name":"setRelayerApproval","line":101,"loc":{"start":{"line":97,"column":4},"end":{"line":104,"column":4}}},"7":{"name":"hasApprovedRelayer","line":106,"loc":{"start":{"line":106,"column":4},"end":{"line":108,"column":4}}},"8":{"name":"_authenticateFor","line":116,"loc":{"start":{"line":116,"column":4},"end":{"line":127,"column":4}}},"9":{"name":"_hasApprovedRelayer","line":132,"loc":{"start":{"line":132,"column":4},"end":{"line":134,"column":4}}},"10":{"name":"_canPerform","line":136,"loc":{"start":{"line":136,"column":4},"end":{"line":139,"column":4}}},"11":{"name":"_typeHash","line":141,"loc":{"start":{"line":141,"column":4},"end":{"line":173,"column":4}}}},"statementMap":{"1":{"start":{"line":72,"column":8},"end":{"line":72,"column":29}},"2":{"start":{"line":81,"column":8},"end":{"line":81,"column":33}},"3":{"start":{"line":85,"column":8},"end":{"line":85,"column":36}},"4":{"start":{"line":89,"column":8},"end":{"line":89,"column":45}},"5":{"start":{"line":90,"column":8},"end":{"line":90,"column":34}},"6":{"start":{"line":94,"column":8},"end":{"line":94,"column":26}},"7":{"start":{"line":102,"column":8},"end":{"line":102,"column":52}},"8":{"start":{"line":103,"column":8},"end":{"line":103,"column":62}},"9":{"start":{"line":107,"column":8},"end":{"line":107,"column":49}},"10":{"start":{"line":117,"column":8},"end":{"line":117,"column":5295}},"11":{"start":{"line":119,"column":12},"end":{"line":119,"column":32}},"12":{"start":{"line":123,"column":12},"end":{"line":123,"column":5671}},"13":{"start":{"line":124,"column":16},"end":{"line":124,"column":73}},"14":{"start":{"line":133,"column":8},"end":{"line":133,"column":47}},"15":{"start":{"line":138,"column":8},"end":{"line":138,"column":68}}},"branchMap":{"1":{"line":117,"type":"if","locations":[{"start":{"line":117,"column":8},"end":{"line":117,"column":8}},{"start":{"line":117,"column":8},"end":{"line":117,"column":8}}]},"2":{"line":123,"type":"if","locations":[{"start":{"line":123,"column":12},"end":{"line":123,"column":12}},{"start":{"line":123,"column":12},"end":{"line":123,"column":12}}]}}}}