TN:
SF:/Users/ernestpascual/Downloads/projects/bigmochi/halodao-amm-v2/contracts/assimilators/AssimilatorFactory.sol
FN:31,constructor
FN:38,getAssimilator
FN:47,newBaseAssimilator
FNF:3
FNH:3
FNDA:6,constructor
FNDA:1,getAssimilator
FNDA:1,newBaseAssimilator
DA:32,6
DA:33,6
DA:35,6
DA:39,1
DA:40,1
DA:48,1
DA:49,1
DA:50,1
DA:51,1
DA:52,1
DA:53,1
LF:11
LH:11
BRDA:49,1,0,0
BRDA:49,1,1,1
BRF:2
BRH:1
end_of_record
TN:
SF:/Users/ernestpascual/Downloads/projects/bigmochi/halodao-amm-v2/contracts/assimilators/BaseToUsdAssimilator.sol
FN:37,constructor
FN:49,getRate
FN:55,intakeRawAndGetBalance
FN:70,intakeRaw
FN:81,intakeNumeraire
FN:92,intakeNumeraireLPRatio
FN:119,outputRawAndGetBalance
FN:140,outputRaw
FN:153,outputNumeraire
FN:164,viewRawAmount
FN:170,_getBalancesFromVault
FN:188,viewRawAmountLPRatio
FN:209,viewNumeraireAmount
FN:215,viewNumeraireBalance
FN:227,viewNumeraireAmountAndBalance
FN:244,viewNumeraireBalanceLPRatio
FNF:16
FNH:8
FNDA:1,constructor
FNDA:76,getRate
FNDA:0,intakeRawAndGetBalance
FNDA:0,intakeRaw
FNDA:0,intakeNumeraire
FNDA:0,intakeNumeraireLPRatio
FNDA:0,outputRawAndGetBalance
FNDA:0,outputRaw
FNDA:0,outputNumeraire
FNDA:24,viewRawAmount
FNDA:66,_getBalancesFromVault
FNDA:7,viewRawAmountLPRatio
FNDA:0,viewNumeraireAmount
FNDA:47,viewNumeraireBalance
FNDA:3,viewNumeraireAmountAndBalance
FNDA:9,viewNumeraireBalanceLPRatio
DA:43,1
DA:44,1
DA:45,1
DA:46,1
DA:50,76
DA:51,76
DA:56,0
DA:58,0
DA:60,0
DA:62,0
DA:64,0
DA:66,0
DA:71,0
DA:73,0
DA:75,0
DA:77,0
DA:82,0
DA:84,0
DA:86,0
DA:88,0
DA:98,0
DA:100,0
DA:103,0
DA:106,0
DA:109,0
DA:111,0
DA:113,0
DA:115,0
DA:124,0
DA:126,0
DA:128,0
DA:130,0
DA:132,0
DA:134,0
DA:136,0
DA:141,0
DA:143,0
DA:145,0
DA:147,0
DA:149,0
DA:154,0
DA:156,0
DA:158,0
DA:160,0
DA:165,24
DA:167,24
DA:175,66
DA:177,66
DA:178,66
DA:179,66
DA:181,0
DA:182,0
DA:184,0
DA:195,7
DA:197,7
DA:200,7
DA:202,7
DA:203,7
DA:205,7
DA:210,0
DA:211,0
DA:216,47
DA:218,47
DA:220,47
DA:222,43
DA:232,3
DA:234,3
DA:236,3
DA:238,3
DA:251,9
DA:253,9
DA:255,7
DA:256,7
DA:258,7
LF:74
LH:31
BRDA:58,1,0,0
BRDA:58,1,1,0
BRDA:73,2,0,0
BRDA:73,2,1,0
BRDA:88,3,0,0
BRDA:88,3,1,0
BRDA:100,4,0,0
BRDA:100,4,1,0
BRDA:115,5,0,0
BRDA:115,5,1,0
BRDA:130,6,0,0
BRDA:130,6,1,0
BRDA:147,7,0,0
BRDA:147,7,1,0
BRDA:160,8,0,0
BRDA:160,8,1,0
BRDA:177,9,0,66
BRDA:177,9,1,0
BRDA:180,10,0,0
BRDA:180,10,1,0
BRDA:197,11,0,0
BRDA:197,11,1,7
BRDA:220,12,0,4
BRDA:220,12,1,43
BRDA:253,13,0,2
BRDA:253,13,1,7
BRF:26
BRH:6
end_of_record
TN:
SF:/Users/ernestpascual/Downloads/projects/bigmochi/halodao-amm-v2/contracts/assimilators/UsdcToUsdAssimilator.sol
FN:33,constructor
FN:41,getRate
FN:45,intakeRawAndGetBalance
FN:61,intakeRaw
FN:72,intakeNumeraire
FN:83,intakeNumeraireLPRatio
FN:97,outputRawAndGetBalance
FN:119,outputRaw
FN:131,outputNumeraire
FN:141,viewRawAmount
FN:147,viewRawAmountLPRatio
FN:157,viewNumeraireAmount
FN:163,_getBalancesFromVault
FN:181,viewNumeraireBalance
FN:193,viewNumeraireBalanceLPRatio
FN:209,viewNumeraireAmountAndBalance
FNF:16
FNH:8
FNDA:6,constructor
FNDA:75,getRate
FNDA:0,intakeRawAndGetBalance
FNDA:0,intakeRaw
FNDA:0,intakeNumeraire
FNDA:0,intakeNumeraireLPRatio
FNDA:0,outputRawAndGetBalance
FNDA:0,outputRaw
FNDA:0,outputNumeraire
FNDA:25,viewRawAmount
FNDA:7,viewRawAmountLPRatio
FNDA:0,viewNumeraireAmount
FNDA:50,_getBalancesFromVault
FNDA:48,viewNumeraireBalance
FNDA:9,viewNumeraireBalanceLPRatio
FNDA:2,viewNumeraireAmountAndBalance
DA:34,6
DA:35,6
DA:42,75
DA:46,0
DA:49,0
DA:51,0
DA:54,0
DA:56,0
DA:58,0
DA:62,0
DA:65,0
DA:67,0
DA:69,0
DA:73,0
DA:75,0
DA:77,0
DA:80,0
DA:89,0
DA:91,0
DA:94,0
DA:102,0
DA:104,0
DA:106,0
DA:109,0
DA:111,0
DA:114,0
DA:116,0
DA:120,0
DA:122,0
DA:124,0
DA:126,0
DA:128,0
DA:132,0
DA:134,0
DA:136,0
DA:138,0
DA:142,25
DA:144,25
DA:154,7
DA:158,0
DA:160,0
DA:168,50
DA:170,50
DA:171,50
DA:173,0
DA:175,0
DA:182,48
DA:184,48
DA:186,48
DA:188,44
DA:200,9
DA:202,9
DA:203,9
DA:205,0
DA:214,2
DA:216,2
DA:218,2
DA:220,2
LF:58
LH:20
BRDA:49,1,0,0
BRDA:49,1,1,0
BRDA:65,2,0,0
BRDA:65,2,1,0
BRDA:80,3,0,0
BRDA:80,3,1,0
BRDA:94,4,0,0
BRDA:94,4,1,0
BRDA:109,5,0,0
BRDA:109,5,1,0
BRDA:126,6,0,0
BRDA:126,6,1,0
BRDA:138,7,0,0
BRDA:138,7,1,0
BRDA:170,8,0,50
BRDA:170,8,1,0
BRDA:172,9,0,0
BRDA:172,9,1,0
BRDA:186,10,0,4
BRDA:186,10,1,44
BRDA:202,11,0,9
BRDA:202,11,1,0
BRF:22
BRH:4
end_of_record
TN:
SF:/Users/ernestpascual/Downloads/projects/bigmochi/halodao-amm-v2/contracts/core/Assimilators.sol
FN:29,delegate
FN:45,getRate
FN:49,viewRawAmount
FN:53,viewRawAmountLPRatio
FN:73,viewNumeraireAmount
FN:77,viewNumeraireAmountAndBalance
FN:86,viewNumeraireBalance
FN:94,viewNumeraireBalanceLPRatio
FN:110,intakeRaw
FN:116,intakeRawAndGetBalance
FN:122,intakeNumeraire
FN:128,intakeNumeraireLPRatio
FN:145,outputRaw
FN:157,outputRawAndGetBalance
FN:169,outputNumeraire
FNF:15
FNH:6
FNDA:0,delegate
FNDA:2,getRate
FNDA:49,viewRawAmount
FNDA:14,viewRawAmountLPRatio
FNDA:0,viewNumeraireAmount
FNDA:5,viewNumeraireAmountAndBalance
FNDA:95,viewNumeraireBalance
FNDA:18,viewNumeraireBalanceLPRatio
FNDA:0,intakeRaw
FNDA:0,intakeRawAndGetBalance
FNDA:0,intakeNumeraire
FNDA:0,intakeNumeraireLPRatio
FNDA:0,outputRaw
FNDA:0,outputRawAndGetBalance
FNDA:0,outputNumeraire
DA:30,0
DA:33,0
DA:36,0
DA:42,0
DA:46,2
DA:50,49
DA:62,14
DA:74,0
DA:83,5
DA:91,95
DA:101,18
DA:111,0
DA:113,0
DA:117,0
DA:119,0
DA:123,0
DA:125,0
DA:134,0
DA:142,0
DA:150,0
DA:152,0
DA:154,0
DA:162,0
DA:164,0
DA:166,0
DA:174,0
DA:176,0
LF:27
LH:6
BRDA:30,1,0,0
BRDA:30,1,1,0
BRF:2
BRH:0
end_of_record
TN:
SF:/Users/ernestpascual/Downloads/projects/bigmochi/halodao-amm-v2/contracts/core/CurveMath.sol
FN:34,calculateFee
FN:46,calculateFee
FN:61,calculateMicroFee
FN:96,calculateTrade
FN:147,calculateLiquidityMembrane
FN:191,enforceSwapInvariant
FN:206,enforceLiquidityInvariant
FN:225,enforceHalts
FNF:8
FNH:7
FNDA:10,calculateFee
FNDA:40,calculateFee
FNDA:80,calculateMicroFee
FNDA:5,calculateTrade
FNDA:0,calculateLiquidityMembrane
FNDA:5,enforceSwapInvariant
FNDA:14,enforceLiquidityInvariant
FNDA:5,enforceHalts
DA:40,10
DA:41,10
DA:43,10
DA:53,40
DA:55,40
DA:56,80
DA:57,80
DA:67,80
DA:68,42
DA:70,42
DA:71,2
DA:73,2
DA:74,2
DA:76,2
DA:78,2
DA:81,38
DA:83,38
DA:84,0
DA:86,0
DA:87,0
DA:89,0
DA:91,0
DA:105,5
DA:108,5
DA:110,5
DA:111,5
DA:113,5
DA:114,5
DA:115,5
DA:118,5
DA:119,5
DA:120,5
DA:121,5
DA:124,5
DA:127,5
DA:128,5
DA:130,5
DA:132,5
DA:134,5
DA:136,5
DA:138,0
DA:140,0
DA:144,0
DA:154,0
DA:156,0
DA:157,0
DA:159,0
DA:160,0
DA:161,0
DA:162,0
DA:164,0
DA:165,0
DA:168,0
DA:169,0
DA:170,0
DA:171,0
DA:172,0
DA:174,0
DA:175,0
DA:177,0
DA:179,0
DA:181,0
DA:184,0
DA:185,0
DA:187,0
DA:197,5
DA:199,5
DA:201,5
DA:203,5
DA:214,14
DA:216,13
DA:218,13
DA:220,13
DA:222,13
DA:233,5
DA:234,5
DA:236,5
DA:237,10
DA:239,10
DA:240,5
DA:242,5
DA:244,5
DA:245,0
DA:247,0
DA:248,0
DA:250,0
DA:251,0
DA:255,5
DA:257,5
DA:259,5
DA:260,0
DA:261,0
DA:263,0
DA:264,0
DA:266,0
DA:267,0
LF:96
LH:55
BRDA:67,1,0,42
BRDA:67,1,1,38
BRDA:70,2,0,2
BRDA:70,2,1,40
BRDA:76,3,0,0
BRDA:76,3,1,2
BRDA:83,4,0,0
BRDA:83,4,1,38
BRDA:89,5,0,0
BRDA:89,5,1,0
BRDA:127,6,0,5
BRDA:127,6,1,0
BRDA:174,7,0,0
BRDA:174,7,1,0
BRDA:176,8,0,0
BRDA:176,8,1,0
BRDA:184,9,0,0
BRDA:184,9,1,0
BRDA:203,10,0,5
BRDA:203,10,1,0
BRDA:214,11,0,1
BRDA:214,11,1,13
BRDA:222,12,0,13
BRDA:222,12,1,0
BRDA:239,13,0,5
BRDA:239,13,1,5
BRDA:244,14,0,0
BRDA:244,14,1,5
BRDA:247,15,0,0
BRDA:247,15,1,0
BRDA:250,16,0,0
BRDA:250,16,1,0
BRDA:259,17,0,0
BRDA:259,17,1,5
BRDA:263,18,0,0
BRDA:263,18,1,0
BRDA:266,19,0,0
BRDA:266,19,1,0
BRF:38
BRH:15
end_of_record
TN:
SF:/Users/ernestpascual/Downloads/projects/bigmochi/halodao-amm-v2/contracts/core/FXSwaps.sol
FN:23,getOriginAndTarget
FN:37,viewOriginSwap
FN:66,viewTargetSwap
FN:115,viewTargetSwapData
FN:158,viewOriginSwapData
FN:201,_viewNumeraireBalance
FN:206,_viewNumeraireAmountAndBalance
FN:215,_calculateFeeInNumeraire
FNF:8
FNH:8
FNDA:5,getOriginAndTarget
FNDA:4,viewOriginSwap
FNDA:1,viewTargetSwap
FNDA:1,viewTargetSwapData
FNDA:4,viewOriginSwapData
FNDA:5,_viewNumeraireBalance
FNDA:5,_viewNumeraireAmountAndBalance
FNDA:5,_calculateFeeInNumeraire
DA:28,5
DA:29,5
DA:31,5
DA:32,5
DA:34,5
DA:43,4
DA:46,4
DA:47,0
DA:49,4
DA:57,4
DA:60,4
DA:61,4
DA:63,4
DA:72,1
DA:74,1
DA:75,0
DA:86,1
DA:87,1
DA:90,1
DA:98,1
DA:104,1
DA:105,1
DA:108,1
DA:109,1
DA:112,1
DA:132,1
DA:133,1
DA:134,1
DA:136,1
DA:137,2
DA:138,1
DA:140,1
DA:141,1
DA:142,1
DA:144,1
DA:145,1
DA:148,2
DA:149,2
DA:152,1
DA:153,1
DA:155,1
DA:175,4
DA:176,4
DA:177,4
DA:179,4
DA:180,8
DA:181,4
DA:183,4
DA:184,4
DA:186,4
DA:187,4
DA:190,8
DA:191,8
DA:194,4
DA:195,4
DA:197,4
DA:202,5
DA:211,5
DA:221,5
DA:223,5
LF:60
LH:58
BRDA:31,1,0,5
BRDA:31,1,1,0
BRDA:32,2,0,5
BRDA:32,2,1,0
BRDA:46,3,0,0
BRDA:46,3,1,4
BRDA:74,4,0,0
BRDA:74,4,1,1
BRDA:86,5,0,1
BRDA:86,5,1,0
BRDA:104,6,0,1
BRDA:104,6,1,0
BRDA:137,7,0,1
BRDA:137,7,1,1
BRDA:180,8,0,4
BRDA:180,8,1,4
BRF:16
BRH:10
end_of_record
TN:
SF:/Users/ernestpascual/Downloads/projects/bigmochi/halodao-amm-v2/contracts/core/interfaces/IAssimilator.sol
FNF:0
FNH:0
LF:0
LH:0
BRF:0
BRH:0
end_of_record
TN:
SF:/Users/ernestpascual/Downloads/projects/bigmochi/halodao-amm-v2/contracts/core/interfaces/IOracle.sol
FNF:0
FNH:0
LF:0
LH:0
BRF:0
BRH:0
end_of_record
TN:
SF:/Users/ernestpascual/Downloads/projects/bigmochi/halodao-amm-v2/contracts/core/lib/ABDKMath64x64.sol
FN:34,fromInt
FN:46,toInt
FN:57,fromUInt
FN:69,toUInt
FN:81,from128x128
FN:94,to128x128
FN:105,add
FN:118,sub
FN:131,mul
FN:145,muli
FN:181,mulu
FN:205,div
FN:220,divi
FN:250,divu
FN:263,neg
FN:274,abs
FN:286,inv
FN:300,avg
FN:312,gavg
FN:328,pow
FN:356,sqrt
FN:367,log_2
FN:398,ln
FN:411,exp_2
FN:559,exp
FN:576,divuu
FN:625,powu
FN:687,sqrtu
FNF:28
FNH:11
FNDA:0,fromInt
FNDA:0,toInt
FNDA:11,fromUInt
FNDA:5,toUInt
FNDA:0,from128x128
FNDA:0,to128x128
FNDA:85,add
FNDA:42,sub
FNDA:261,mul
FNDA:0,muli
FNDA:121,mulu
FNDA:63,div
FNDA:0,divi
FNDA:181,divu
FNDA:31,neg
FNDA:4,abs
FNDA:0,inv
FNDA:0,avg
FNDA:0,gavg
FNDA:0,pow
FNDA:0,sqrt
FNDA:0,log_2
FNDA:0,ln
FNDA:0,exp_2
FNDA:0,exp
FNDA:181,divuu
FNDA:0,powu
FNDA:0,sqrtu
DA:35,0
DA:36,0
DA:47,0
DA:58,11
DA:59,11
DA:70,5
DA:71,5
DA:82,0
DA:83,0
DA:84,0
DA:95,0
DA:106,85
DA:107,85
DA:108,85
DA:119,42
DA:120,42
DA:121,42
DA:132,261
DA:133,261
DA:134,261
DA:146,0
DA:147,0
DA:149,0
DA:151,0
DA:152,0
DA:153,0
DA:154,0
DA:156,0
DA:157,0
DA:158,0
DA:160,0
DA:161,0
DA:162,0
DA:164,0
DA:166,0
DA:168,0
DA:182,121
DA:184,121
DA:186,121
DA:187,121
DA:189,121
DA:190,121
DA:192,121
DA:194,121
DA:206,63
DA:207,63
DA:208,63
DA:209,63
DA:221,0
DA:223,0
DA:224,0
DA:225,0
DA:226,0
DA:228,0
DA:229,0
DA:230,0
DA:232,0
DA:233,0
DA:234,0
DA:235,0
DA:237,0
DA:238,0
DA:251,181
DA:252,181
DA:253,181
DA:254,181
DA:264,31
DA:265,31
DA:275,4
DA:276,4
DA:287,0
DA:288,0
DA:289,0
DA:290,0
DA:301,0
DA:313,0
DA:314,0
DA:315,0
DA:317,0
DA:329,0
DA:330,0
DA:331,0
DA:332,0
DA:335,0
DA:336,0
DA:339,0
DA:341,0
DA:342,0
DA:343,0
DA:345,0
DA:346,0
DA:357,0
DA:358,0
DA:368,0
DA:370,0
DA:371,0
DA:372,0
DA:373,0
DA:374,0
DA:375,0
DA:376,0
DA:377,0
DA:378,0
DA:380,0
DA:381,0
DA:382,0
DA:383,0
DA:384,0
DA:385,0
DA:386,0
DA:389,0
DA:399,0
DA:401,0
DA:412,0
DA:414,0
DA:416,0
DA:418,0
DA:419,0
DA:420,0
DA:421,0
DA:422,0
DA:423,0
DA:424,0
DA:425,0
DA:426,0
DA:427,0
DA:428,0
DA:429,0
DA:430,0
DA:431,0
DA:432,0
DA:433,0
DA:434,0
DA:435,0
DA:436,0
DA:437,0
DA:438,0
DA:439,0
DA:440,0
DA:441,0
DA:442,0
DA:443,0
DA:444,0
DA:445,0
DA:446,0
DA:447,0
DA:448,0
DA:449,0
DA:450,0
DA:451,0
DA:452,0
DA:453,0
DA:454,0
DA:455,0
DA:456,0
DA:457,0
DA:458,0
DA:459,0
DA:460,0
DA:461,0
DA:462,0
DA:463,0
DA:464,0
DA:465,0
DA:466,0
DA:467,0
DA:468,0
DA:469,0
DA:470,0
DA:471,0
DA:472,0
DA:473,0
DA:474,0
DA:475,0
DA:476,0
DA:477,0
DA:478,0
DA:479,0
DA:480,0
DA:481,0
DA:482,0
DA:483,0
DA:484,0
DA:485,0
DA:486,0
DA:487,0
DA:488,0
DA:489,0
DA:490,0
DA:491,0
DA:492,0
DA:493,0
DA:494,0
DA:495,0
DA:496,0
DA:497,0
DA:498,0
DA:499,0
DA:500,0
DA:501,0
DA:502,0
DA:503,0
DA:504,0
DA:505,0
DA:506,0
DA:507,0
DA:508,0
DA:509,0
DA:510,0
DA:511,0
DA:512,0
DA:513,0
DA:514,0
DA:515,0
DA:516,0
DA:517,0
DA:518,0
DA:519,0
DA:520,0
DA:521,0
DA:522,0
DA:523,0
DA:524,0
DA:525,0
DA:526,0
DA:527,0
DA:528,0
DA:529,0
DA:530,0
DA:531,0
DA:532,0
DA:533,0
DA:534,0
DA:535,0
DA:536,0
DA:537,0
DA:538,0
DA:539,0
DA:540,0
DA:541,0
DA:542,0
DA:543,0
DA:544,0
DA:545,0
DA:547,0
DA:548,0
DA:550,0
DA:560,0
DA:562,0
DA:564,0
DA:577,181
DA:579,181
DA:581,181
DA:582,181
DA:584,0
DA:585,0
DA:586,0
DA:587,0
DA:588,0
DA:589,0
DA:590,0
DA:591,0
DA:593,0
DA:594,0
DA:596,0
DA:597,0
DA:599,0
DA:600,0
DA:602,0
DA:603,0
DA:604,0
DA:605,0
DA:606,0
DA:608,0
DA:610,0
DA:613,181
DA:614,181
DA:626,0
DA:629,0
DA:630,0
DA:631,0
DA:632,0
DA:633,0
DA:634,0
DA:635,0
DA:636,0
DA:637,0
DA:638,0
DA:640,0
DA:641,0
DA:644,0
DA:645,0
DA:647,0
DA:648,0
DA:649,0
DA:650,0
DA:651,0
DA:652,0
DA:654,0
DA:655,0
DA:657,0
DA:658,0
DA:660,0
DA:661,0
DA:662,0
DA:663,0
DA:665,0
DA:666,0
DA:668,0
DA:669,0
DA:673,0
DA:676,0
DA:688,0
DA:690,0
DA:691,0
DA:692,0
DA:693,0
DA:694,0
DA:695,0
DA:696,0
DA:697,0
DA:698,0
DA:699,0
DA:700,0
DA:701,0
DA:702,0
DA:703,0
DA:704,0
DA:705,0
DA:706,0
DA:707,0
LF:331
LH:39
BRDA:35,1,0,0
BRDA:35,1,1,0
BRDA:58,2,0,11
BRDA:58,2,1,0
BRDA:70,3,0,5
BRDA:70,3,1,0
BRDA:83,4,0,0
BRDA:83,4,1,0
BRDA:107,5,0,85
BRDA:107,5,1,0
BRDA:120,6,0,42
BRDA:120,6,1,0
BRDA:133,7,0,261
BRDA:133,7,1,0
BRDA:146,8,0,0
BRDA:146,8,1,0
BRDA:147,9,0,0
BRDA:147,9,1,0
BRDA:152,10,0,0
BRDA:152,10,1,0
BRDA:156,11,0,0
BRDA:156,11,1,0
BRDA:161,12,0,0
BRDA:161,12,1,0
BRDA:162,13,0,0
BRDA:162,13,1,0
BRDA:166,14,0,0
BRDA:166,14,1,0
BRDA:182,15,0,0
BRDA:182,15,1,121
BRDA:184,16,0,121
BRDA:184,16,1,0
BRDA:189,17,0,121
BRDA:189,17,1,0
BRDA:192,18,0,121
BRDA:192,18,1,0
BRDA:206,19,0,63
BRDA:206,19,1,0
BRDA:208,20,0,63
BRDA:208,20,1,0
BRDA:221,21,0,0
BRDA:221,21,1,0
BRDA:224,22,0,0
BRDA:224,22,1,0
BRDA:228,23,0,0
BRDA:228,23,1,0
BRDA:233,24,0,0
BRDA:233,24,1,0
BRDA:234,25,0,0
BRDA:234,25,1,0
BRDA:237,26,0,0
BRDA:237,26,1,0
BRDA:251,27,0,181
BRDA:251,27,1,0
BRDA:253,28,0,181
BRDA:253,28,1,0
BRDA:264,29,0,31
BRDA:264,29,1,0
BRDA:275,30,0,4
BRDA:275,30,1,0
BRDA:287,31,0,0
BRDA:287,31,1,0
BRDA:289,32,0,0
BRDA:289,32,1,0
BRDA:314,33,0,0
BRDA:314,33,1,0
BRDA:315,34,0,0
BRDA:315,34,1,0
BRDA:331,35,0,0
BRDA:331,35,1,0
BRDA:341,36,0,0
BRDA:341,36,1,0
BRDA:342,37,0,0
BRDA:342,37,1,0
BRDA:345,38,0,0
BRDA:345,38,1,0
BRDA:357,39,0,0
BRDA:357,39,1,0
BRDA:368,40,0,0
BRDA:368,40,1,0
BRDA:372,41,0,0
BRDA:372,41,1,0
BRDA:373,42,0,0
BRDA:373,42,1,0
BRDA:374,43,0,0
BRDA:374,43,1,0
BRDA:375,44,0,0
BRDA:375,44,1,0
BRDA:376,45,0,0
BRDA:376,45,1,0
BRDA:377,46,0,0
BRDA:377,46,1,0
BRDA:378,47,0,0
BRDA:378,47,1,0
BRDA:399,48,0,0
BRDA:399,48,1,0
BRDA:412,49,0,0
BRDA:412,49,1,0
BRDA:414,50,0,0
BRDA:414,50,1,0
BRDA:418,51,0,0
BRDA:418,51,1,0
BRDA:420,52,0,0
BRDA:420,52,1,0
BRDA:422,53,0,0
BRDA:422,53,1,0
BRDA:424,54,0,0
BRDA:424,54,1,0
BRDA:426,55,0,0
BRDA:426,55,1,0
BRDA:428,56,0,0
BRDA:428,56,1,0
BRDA:430,57,0,0
BRDA:430,57,1,0
BRDA:432,58,0,0
BRDA:432,58,1,0
BRDA:434,59,0,0
BRDA:434,59,1,0
BRDA:436,60,0,0
BRDA:436,60,1,0
BRDA:438,61,0,0
BRDA:438,61,1,0
BRDA:440,62,0,0
BRDA:440,62,1,0
BRDA:442,63,0,0
BRDA:442,63,1,0
BRDA:444,64,0,0
BRDA:444,64,1,0
BRDA:446,65,0,0
BRDA:446,65,1,0
BRDA:448,66,0,0
BRDA:448,66,1,0
BRDA:450,67,0,0
BRDA:450,67,1,0
BRDA:452,68,0,0
BRDA:452,68,1,0
BRDA:454,69,0,0
BRDA:454,69,1,0
BRDA:456,70,0,0
BRDA:456,70,1,0
BRDA:458,71,0,0
BRDA:458,71,1,0
BRDA:460,72,0,0
BRDA:460,72,1,0
BRDA:462,73,0,0
BRDA:462,73,1,0
BRDA:464,74,0,0
BRDA:464,74,1,0
BRDA:466,75,0,0
BRDA:466,75,1,0
BRDA:468,76,0,0
BRDA:468,76,1,0
BRDA:470,77,0,0
BRDA:470,77,1,0
BRDA:472,78,0,0
BRDA:472,78,1,0
BRDA:474,79,0,0
BRDA:474,79,1,0
BRDA:476,80,0,0
BRDA:476,80,1,0
BRDA:478,81,0,0
BRDA:478,81,1,0
BRDA:480,82,0,0
BRDA:480,82,1,0
BRDA:482,83,0,0
BRDA:482,83,1,0
BRDA:484,84,0,0
BRDA:484,84,1,0
BRDA:486,85,0,0
BRDA:486,85,1,0
BRDA:488,86,0,0
BRDA:488,86,1,0
BRDA:490,87,0,0
BRDA:490,87,1,0
BRDA:492,88,0,0
BRDA:492,88,1,0
BRDA:494,89,0,0
BRDA:494,89,1,0
BRDA:496,90,0,0
BRDA:496,90,1,0
BRDA:498,91,0,0
BRDA:498,91,1,0
BRDA:500,92,0,0
BRDA:500,92,1,0
BRDA:502,93,0,0
BRDA:502,93,1,0
BRDA:504,94,0,0
BRDA:504,94,1,0
BRDA:506,95,0,0
BRDA:506,95,1,0
BRDA:508,96,0,0
BRDA:508,96,1,0
BRDA:510,97,0,0
BRDA:510,97,1,0
BRDA:512,98,0,0
BRDA:512,98,1,0
BRDA:514,99,0,0
BRDA:514,99,1,0
BRDA:516,100,0,0
BRDA:516,100,1,0
BRDA:518,101,0,0
BRDA:518,101,1,0
BRDA:520,102,0,0
BRDA:520,102,1,0
BRDA:522,103,0,0
BRDA:522,103,1,0
BRDA:524,104,0,0
BRDA:524,104,1,0
BRDA:526,105,0,0
BRDA:526,105,1,0
BRDA:528,106,0,0
BRDA:528,106,1,0
BRDA:530,107,0,0
BRDA:530,107,1,0
BRDA:532,108,0,0
BRDA:532,108,1,0
BRDA:534,109,0,0
BRDA:534,109,1,0
BRDA:536,110,0,0
BRDA:536,110,1,0
BRDA:538,111,0,0
BRDA:538,111,1,0
BRDA:540,112,0,0
BRDA:540,112,1,0
BRDA:542,113,0,0
BRDA:542,113,1,0
BRDA:544,114,0,0
BRDA:544,114,1,0
BRDA:548,115,0,0
BRDA:548,115,1,0
BRDA:560,116,0,0
BRDA:560,116,1,0
BRDA:562,117,0,0
BRDA:562,117,1,0
BRDA:577,118,0,181
BRDA:577,118,1,0
BRDA:581,119,0,181
BRDA:581,119,1,0
BRDA:586,120,0,0
BRDA:586,120,1,0
BRDA:587,121,0,0
BRDA:587,121,1,0
BRDA:588,122,0,0
BRDA:588,122,1,0
BRDA:589,123,0,0
BRDA:589,123,1,0
BRDA:590,124,0,0
BRDA:590,124,1,0
BRDA:591,125,0,0
BRDA:591,125,1,0
BRDA:594,126,0,0
BRDA:594,126,1,0
BRDA:602,127,0,0
BRDA:602,127,1,0
BRDA:605,128,0,0
BRDA:605,128,1,0
BRDA:613,129,0,181
BRDA:613,129,1,0
BRDA:626,130,0,0
BRDA:626,130,1,0
BRDA:627,131,0,0
BRDA:627,131,1,0
BRDA:631,132,0,0
BRDA:631,132,1,0
BRDA:632,133,0,0
BRDA:632,133,1,0
BRDA:633,134,0,0
BRDA:633,134,1,0
BRDA:634,135,0,0
BRDA:634,135,1,0
BRDA:635,136,0,0
BRDA:635,136,1,0
BRDA:636,137,0,0
BRDA:636,137,1,0
BRDA:637,138,0,0
BRDA:637,138,1,0
BRDA:638,139,0,0
BRDA:638,139,1,0
BRDA:641,140,0,0
BRDA:641,140,1,0
BRDA:648,141,0,0
BRDA:648,141,1,0
BRDA:652,142,0,0
BRDA:652,142,1,0
BRDA:657,143,0,0
BRDA:657,143,1,0
BRDA:658,144,0,0
BRDA:658,144,1,0
BRDA:663,145,0,0
BRDA:663,145,1,0
BRDA:668,146,0,0
BRDA:668,146,1,0
BRDA:669,147,0,0
BRDA:669,147,1,0
BRDA:673,148,0,0
BRDA:673,148,1,0
BRDA:674,149,0,0
BRDA:674,149,1,0
BRDA:688,150,0,0
BRDA:688,150,1,0
BRDA:692,151,0,0
BRDA:692,151,1,0
BRDA:693,152,0,0
BRDA:693,152,1,0
BRDA:694,153,0,0
BRDA:694,153,1,0
BRDA:695,154,0,0
BRDA:695,154,1,0
BRDA:696,155,0,0
BRDA:696,155,1,0
BRDA:697,156,0,0
BRDA:697,156,1,0
BRDA:698,157,0,0
BRDA:698,157,1,0
BRF:314
BRH:18
end_of_record
TN:
SF:/Users/ernestpascual/Downloads/projects/bigmochi/halodao-amm-v2/contracts/core/lib/ABDKMathQuad.sol
FN:46,fromInt
FN:70,toInt
FN:97,fromUInt
FN:121,toUInt
FN:145,from128x128
FN:169,to128x128
FN:197,from64x64
FN:221,to64x64
FN:248,fromOctuple
FN:283,toOctuple
FN:313,fromDouble
FN:343,toDouble
FN:384,isNaN
FN:396,isInfinity
FN:408,sign
FN:426,cmp
FN:461,eq
FN:482,add
FN:599,sub
FN:622,mul
FN:721,div
FN:799,neg
FN:809,abs
FN:819,sqrt
FN:876,log_2
FN:939,ln
FN:949,pow_2
FN:1130,exp
FN:1141,msb
FNF:29
FNH:0
FNDA:0,fromInt
FNDA:0,toInt
FNDA:0,fromUInt
FNDA:0,toUInt
FNDA:0,from128x128
FNDA:0,to128x128
FNDA:0,from64x64
FNDA:0,to64x64
FNDA:0,fromOctuple
FNDA:0,toOctuple
FNDA:0,fromDouble
FNDA:0,toDouble
FNDA:0,isNaN
FNDA:0,isInfinity
FNDA:0,sign
FNDA:0,cmp
FNDA:0,eq
FNDA:0,add
FNDA:0,sub
FNDA:0,mul
FNDA:0,div
FNDA:0,neg
FNDA:0,abs
FNDA:0,sqrt
FNDA:0,log_2
FNDA:0,ln
FNDA:0,pow_2
FNDA:0,exp
FNDA:0,msb
DA:47,0
DA:50,0
DA:52,0
DA:53,0
DA:56,0
DA:57,0
DA:59,0
DA:71,0
DA:73,0
DA:74,0
DA:76,0
DA:79,0
DA:82,0
DA:83,0
DA:84,0
DA:86,0
DA:87,0
DA:98,0
DA:100,0
DA:102,0
DA:103,0
DA:106,0
DA:108,0
DA:122,0
DA:124,0
DA:126,0
DA:128,0
DA:129,0
DA:132,0
DA:135,0
DA:146,0
DA:149,0
DA:151,0
DA:152,0
DA:155,0
DA:156,0
DA:158,0
DA:170,0
DA:172,0
DA:173,0
DA:175,0
DA:178,0
DA:181,0
DA:182,0
DA:183,0
DA:185,0
DA:186,0
DA:198,0
DA:201,0
DA:203,0
DA:204,0
DA:207,0
DA:208,0
DA:210,0
DA:222,0
DA:224,0
DA:225,0
DA:227,0
DA:230,0
DA:233,0
DA:234,0
DA:235,0
DA:237,0
DA:238,0
DA:249,0
DA:251,0
DA:252,0
DA:254,0
DA:255,0
DA:259,0
DA:260,0
DA:262,0
DA:264,0
DA:265,0
DA:267,0
DA:268,0
DA:271,0
DA:272,0
DA:274,0
DA:284,0
DA:286,0
DA:288,0
DA:290,0
DA:291,0
DA:292,0
DA:293,0
DA:296,0
DA:297,0
DA:300,0
DA:301,0
DA:302,0
DA:304,0
DA:314,0
DA:316,0
DA:318,0
DA:320,0
DA:321,0
DA:322,0
DA:323,0
DA:326,0
DA:327,0
DA:330,0
DA:331,0
DA:332,0
DA:334,0
DA:344,0
DA:346,0
DA:347,0
DA:349,0
DA:350,0
DA:356,0
DA:357,0
DA:361,0
DA:365,0
DA:366,0
DA:368,0
DA:369,0
DA:372,0
DA:373,0
DA:375,0
DA:385,0
DA:397,0
DA:409,0
DA:411,0
DA:413,0
DA:427,0
DA:429,0
DA:431,0
DA:433,0
DA:436,0
DA:438,0
DA:440,0
DA:441,0
DA:443,0
DA:444,0
DA:447,0
DA:462,0
DA:463,0
DA:483,0
DA:484,0
DA:486,0
DA:487,0
DA:488,0
DA:493,0
DA:494,0
DA:495,0
DA:498,0
DA:499,0
DA:500,0
DA:503,0
DA:506,0
DA:508,0
DA:509,0
DA:513,0
DA:514,0
DA:517,0
DA:519,0
DA:520,0
DA:521,0
DA:524,0
DA:525,0
DA:527,0
DA:530,0
DA:536,0
DA:537,0
DA:538,0
DA:540,0
DA:541,0
DA:544,0
DA:549,0
DA:551,0
DA:552,0
DA:555,0
DA:556,0
DA:558,0
DA:560,0
DA:561,0
DA:562,0
DA:564,0
DA:565,0
DA:566,0
DA:567,0
DA:569,0
DA:570,0
DA:574,0
DA:575,0
DA:600,0
DA:623,0
DA:624,0
DA:626,0
DA:627,0
DA:628,0
DA:632,0
DA:636,0
DA:639,0
DA:640,0
DA:643,0
DA:644,0
DA:647,0
DA:648,0
DA:649,0
DA:652,0
DA:654,0
DA:659,0
DA:660,0
DA:661,0
DA:663,0
DA:664,0
DA:666,0
DA:667,0
DA:669,0
DA:670,0
DA:672,0
DA:673,0
DA:675,0
DA:677,0
DA:679,0
DA:682,0
DA:722,0
DA:723,0
DA:725,0
DA:726,0
DA:729,0
DA:732,0
DA:735,0
DA:736,0
DA:739,0
DA:740,0
DA:741,0
DA:742,0
DA:744,0
DA:746,0
DA:747,0
DA:751,0
DA:754,0
DA:755,0
DA:756,0
DA:759,0
DA:761,0
DA:766,0
DA:767,0
DA:768,0
DA:770,0
DA:771,0
DA:773,0
DA:774,0
DA:776,0
DA:778,0
DA:780,0
DA:781,0
DA:783,0
DA:785,0
DA:788,0
DA:800,0
DA:810,0
DA:820,0
DA:822,0
DA:823,0
DA:825,0
DA:826,0
DA:829,0
DA:831,0
DA:832,0
DA:834,0
DA:835,0
DA:836,0
DA:838,0
DA:839,0
DA:840,0
DA:841,0
DA:844,0
DA:845,0
DA:847,0
DA:848,0
DA:849,0
DA:850,0
DA:854,0
DA:855,0
DA:856,0
DA:857,0
DA:858,0
DA:859,0
DA:860,0
DA:861,0
DA:862,0
DA:863,0
DA:865,0
DA:877,0
DA:880,0
DA:881,0
DA:883,0
DA:884,0
DA:887,0
DA:889,0
DA:890,0
DA:891,0
DA:893,0
DA:894,0
DA:895,0
DA:896,0
DA:898,0
DA:899,0
DA:900,0
DA:901,0
DA:903,0
DA:904,0
DA:905,0
DA:909,0
DA:910,0
DA:911,0
DA:912,0
DA:913,0
DA:915,0
DA:916,0
DA:917,0
DA:918,0
DA:920,0
DA:921,0
DA:922,0
DA:923,0
DA:927,0
DA:940,0
DA:950,0
DA:951,0
DA:952,0
DA:954,0
DA:956,0
DA:958,0
DA:960,0
DA:963,0
DA:964,0
DA:966,0
DA:968,0
DA:969,0
DA:971,0
DA:972,0
DA:974,0
DA:975,0
DA:976,0
DA:977,0
DA:978,0
DA:981,0
DA:982,0
DA:983,0
DA:984,0
DA:985,0
DA:986,0
DA:987,0
DA:988,0
DA:989,0
DA:990,0
DA:991,0
DA:992,0
DA:993,0
DA:994,0
DA:995,0
DA:996,0
DA:997,0
DA:998,0
DA:999,0
DA:1000,0
DA:1001,0
DA:1002,0
DA:1003,0
DA:1004,0
DA:1005,0
DA:1006,0
DA:1007,0
DA:1008,0
DA:1009,0
DA:1010,0
DA:1011,0
DA:1012,0
DA:1013,0
DA:1014,0
DA:1015,0
DA:1016,0
DA:1017,0
DA:1018,0
DA:1019,0
DA:1020,0
DA:1021,0
DA:1022,0
DA:1023,0
DA:1024,0
DA:1025,0
DA:1026,0
DA:1027,0
DA:1028,0
DA:1029,0
DA:1030,0
DA:1031,0
DA:1032,0
DA:1033,0
DA:1034,0
DA:1035,0
DA:1036,0
DA:1037,0
DA:1038,0
DA:1039,0
DA:1040,0
DA:1041,0
DA:1042,0
DA:1043,0
DA:1044,0
DA:1045,0
DA:1046,0
DA:1047,0
DA:1048,0
DA:1049,0
DA:1050,0
DA:1051,0
DA:1052,0
DA:1053,0
DA:1054,0
DA:1055,0
DA:1056,0
DA:1057,0
DA:1058,0
DA:1059,0
DA:1060,0
DA:1061,0
DA:1062,0
DA:1063,0
DA:1064,0
DA:1065,0
DA:1066,0
DA:1067,0
DA:1068,0
DA:1069,0
DA:1070,0
DA:1071,0
DA:1072,0
DA:1073,0
DA:1074,0
DA:1075,0
DA:1076,0
DA:1077,0
DA:1078,0
DA:1079,0
DA:1080,0
DA:1081,0
DA:1082,0
DA:1083,0
DA:1084,0
DA:1085,0
DA:1086,0
DA:1087,0
DA:1088,0
DA:1089,0
DA:1090,0
DA:1091,0
DA:1092,0
DA:1093,0
DA:1094,0
DA:1095,0
DA:1096,0
DA:1097,0
DA:1098,0
DA:1099,0
DA:1100,0
DA:1101,0
DA:1102,0
DA:1103,0
DA:1104,0
DA:1105,0
DA:1106,0
DA:1107,0
DA:1109,0
DA:1110,0
DA:1111,0
DA:1113,0
DA:1114,0
DA:1116,0
DA:1117,0
DA:1120,0
DA:1131,0
DA:1142,0
DA:1144,0
DA:1146,0
DA:1147,0
DA:1148,0
DA:1149,0
DA:1150,0
DA:1151,0
DA:1152,0
DA:1153,0
DA:1155,0
LF:488
LH:0
BRDA:47,1,0,0
BRDA:47,1,1,0
BRDA:53,2,0,0
BRDA:53,2,1,0
BRDA:54,3,0,0
BRDA:54,3,1,0
BRDA:57,4,0,0
BRDA:57,4,1,0
BRDA:73,5,0,0
BRDA:73,5,1,0
BRDA:74,6,0,0
BRDA:74,6,1,0
BRDA:79,7,0,0
BRDA:79,7,1,0
BRDA:80,8,0,0
BRDA:80,8,1,0
BRDA:82,9,0,0
BRDA:82,9,1,0
BRDA:83,10,0,0
BRDA:83,10,1,0
BRDA:86,11,0,0
BRDA:86,11,1,0
BRDA:98,12,0,0
BRDA:98,12,1,0
BRDA:103,13,0,0
BRDA:103,13,1,0
BRDA:104,14,0,0
BRDA:104,14,1,0
BRDA:124,15,0,0
BRDA:124,15,1,0
BRDA:126,16,0,0
BRDA:126,16,1,0
BRDA:128,17,0,0
BRDA:128,17,1,0
BRDA:132,18,0,0
BRDA:132,18,1,0
BRDA:133,19,0,0
BRDA:133,19,1,0
BRDA:146,20,0,0
BRDA:146,20,1,0
BRDA:152,21,0,0
BRDA:152,21,1,0
BRDA:153,22,0,0
BRDA:153,22,1,0
BRDA:156,23,0,0
BRDA:156,23,1,0
BRDA:172,24,0,0
BRDA:172,24,1,0
BRDA:173,25,0,0
BRDA:173,25,1,0
BRDA:178,26,0,0
BRDA:178,26,1,0
BRDA:179,27,0,0
BRDA:179,27,1,0
BRDA:181,28,0,0
BRDA:181,28,1,0
BRDA:182,29,0,0
BRDA:182,29,1,0
BRDA:185,30,0,0
BRDA:185,30,1,0
BRDA:198,31,0,0
BRDA:198,31,1,0
BRDA:204,32,0,0
BRDA:204,32,1,0
BRDA:205,33,0,0
BRDA:205,33,1,0
BRDA:208,34,0,0
BRDA:208,34,1,0
BRDA:224,35,0,0
BRDA:224,35,1,0
BRDA:225,36,0,0
BRDA:225,36,1,0
BRDA:230,37,0,0
BRDA:230,37,1,0
BRDA:231,38,0,0
BRDA:231,38,1,0
BRDA:233,39,0,0
BRDA:233,39,1,0
BRDA:234,40,0,0
BRDA:234,40,1,0
BRDA:237,41,0,0
BRDA:237,41,1,0
BRDA:254,42,0,0
BRDA:254,42,1,0
BRDA:255,43,0,0
BRDA:255,43,1,0
BRDA:259,44,0,0
BRDA:259,44,1,0
BRDA:261,45,0,0
BRDA:261,45,1,0
BRDA:263,46,0,0
BRDA:263,46,1,0
BRDA:272,47,0,0
BRDA:272,47,1,0
BRDA:288,48,0,0
BRDA:288,48,1,0
BRDA:289,49,0,0
BRDA:289,49,1,0
BRDA:290,50,0,0
BRDA:290,50,1,0
BRDA:301,51,0,0
BRDA:301,51,1,0
BRDA:318,52,0,0
BRDA:318,52,1,0
BRDA:319,53,0,0
BRDA:319,53,1,0
BRDA:320,54,0,0
BRDA:320,54,1,0
BRDA:331,55,0,0
BRDA:331,55,1,0
BRDA:349,56,0,0
BRDA:349,56,1,0
BRDA:350,57,0,0
BRDA:350,57,1,0
BRDA:356,58,0,0
BRDA:356,58,1,0
BRDA:360,59,0,0
BRDA:360,59,1,0
BRDA:364,60,0,0
BRDA:364,60,1,0
BRDA:373,61,0,0
BRDA:373,61,1,0
BRDA:411,62,0,0
BRDA:411,62,1,0
BRDA:413,63,0,0
BRDA:413,63,1,0
BRDA:414,64,0,0
BRDA:414,64,1,0
BRDA:429,65,0,0
BRDA:429,65,1,0
BRDA:433,66,0,0
BRDA:433,66,1,0
BRDA:436,67,0,0
BRDA:436,67,1,0
BRDA:438,68,0,0
BRDA:438,68,1,0
BRDA:443,69,0,0
BRDA:443,69,1,0
BRDA:444,70,0,0
BRDA:444,70,1,0
BRDA:447,71,0,0
BRDA:447,71,1,0
BRDA:462,72,0,0
BRDA:462,72,1,0
BRDA:486,73,0,0
BRDA:486,73,1,0
BRDA:487,74,0,0
BRDA:487,74,1,0
BRDA:488,75,0,0
BRDA:488,75,1,0
BRDA:491,76,0,0
BRDA:491,76,1,0
BRDA:495,77,0,0
BRDA:495,77,1,0
BRDA:500,78,0,0
BRDA:500,78,1,0
BRDA:503,79,0,0
BRDA:503,79,1,0
BRDA:504,80,0,0
BRDA:504,80,1,0
BRDA:508,81,0,0
BRDA:508,81,1,0
BRDA:509,82,0,0
BRDA:509,82,1,0
BRDA:510,83,0,0
BRDA:510,83,1,0
BRDA:511,84,0,0
BRDA:511,84,1,0
BRDA:512,85,0,0
BRDA:512,85,1,0
BRDA:519,86,0,0
BRDA:519,86,1,0
BRDA:524,87,0,0
BRDA:524,87,1,0
BRDA:527,88,0,0
BRDA:527,88,1,0
BRDA:536,89,0,0
BRDA:536,89,1,0
BRDA:539,90,0,0
BRDA:539,90,1,0
BRDA:544,91,0,0
BRDA:544,91,1,0
BRDA:545,92,0,0
BRDA:545,92,1,0
BRDA:546,93,0,0
BRDA:546,93,1,0
BRDA:547,94,0,0
BRDA:547,94,1,0
BRDA:549,95,0,0
BRDA:549,95,1,0
BRDA:555,96,0,0
BRDA:555,96,1,0
BRDA:560,97,0,0
BRDA:560,97,1,0
BRDA:563,98,0,0
BRDA:563,98,1,0
BRDA:565,99,0,0
BRDA:565,99,1,0
BRDA:574,100,0,0
BRDA:574,100,1,0
BRDA:626,101,0,0
BRDA:626,101,1,0
BRDA:627,102,0,0
BRDA:627,102,1,0
BRDA:628,103,0,0
BRDA:628,103,1,0
BRDA:629,104,0,0
BRDA:629,104,1,0
BRDA:632,105,0,0
BRDA:632,105,1,0
BRDA:635,106,0,0
BRDA:635,106,1,0
BRDA:636,107,0,0
BRDA:636,107,1,0
BRDA:640,108,0,0
BRDA:640,108,1,0
BRDA:644,109,0,0
BRDA:644,109,1,0
BRDA:648,110,0,0
BRDA:648,110,1,0
BRDA:659,111,0,0
BRDA:659,111,1,0
BRDA:662,112,0,0
BRDA:662,112,1,0
BRDA:663,113,0,0
BRDA:663,113,1,0
BRDA:665,114,0,0
BRDA:665,114,1,0
BRDA:668,115,0,0
BRDA:668,115,1,0
BRDA:672,116,0,0
BRDA:672,116,1,0
BRDA:674,117,0,0
BRDA:674,117,1,0
BRDA:725,118,0,0
BRDA:725,118,1,0
BRDA:726,119,0,0
BRDA:726,119,1,0
BRDA:728,120,0,0
BRDA:728,120,1,0
BRDA:729,121,0,0
BRDA:729,121,1,0
BRDA:731,122,0,0
BRDA:731,122,1,0
BRDA:732,123,0,0
BRDA:732,123,1,0
BRDA:736,124,0,0
BRDA:736,124,1,0
BRDA:740,125,0,0
BRDA:740,125,1,0
BRDA:741,126,0,0
BRDA:741,126,1,0
BRDA:755,127,0,0
BRDA:755,127,1,0
BRDA:766,128,0,0
BRDA:766,128,1,0
BRDA:769,129,0,0
BRDA:769,129,1,0
BRDA:772,130,0,0
BRDA:772,130,1,0
BRDA:773,131,0,0
BRDA:773,131,1,0
BRDA:775,132,0,0
BRDA:775,132,1,0
BRDA:780,133,0,0
BRDA:780,133,1,0
BRDA:820,134,0,0
BRDA:820,134,1,0
BRDA:823,135,0,0
BRDA:823,135,1,0
BRDA:826,136,0,0
BRDA:826,136,1,0
BRDA:829,137,0,0
BRDA:829,137,1,0
BRDA:834,138,0,0
BRDA:834,138,1,0
BRDA:835,139,0,0
BRDA:835,139,1,0
BRDA:844,140,0,0
BRDA:844,140,1,0
BRDA:863,141,0,0
BRDA:863,141,1,0
BRDA:877,142,0,0
BRDA:877,142,1,0
BRDA:878,143,0,0
BRDA:878,143,1,0
BRDA:881,144,0,0
BRDA:881,144,1,0
BRDA:884,145,0,0
BRDA:884,145,1,0
BRDA:887,146,0,0
BRDA:887,146,1,0
BRDA:893,147,0,0
BRDA:893,147,1,0
BRDA:899,148,0,0
BRDA:899,148,1,0
BRDA:909,149,0,0
BRDA:909,149,1,0
BRDA:910,150,0,0
BRDA:910,150,1,0
BRDA:954,151,0,0
BRDA:954,151,1,0
BRDA:955,152,0,0
BRDA:955,152,1,0
BRDA:957,153,0,0
BRDA:957,153,1,0
BRDA:960,154,0,0
BRDA:960,154,1,0
BRDA:963,155,0,0
BRDA:963,155,1,0
BRDA:965,156,0,0
BRDA:965,156,1,0
BRDA:968,157,0,0
BRDA:968,157,1,0
BRDA:971,158,0,0
BRDA:971,158,1,0
BRDA:976,159,0,0
BRDA:976,159,1,0
BRDA:982,160,0,0
BRDA:982,160,1,0
BRDA:983,161,0,0
BRDA:983,161,1,0
BRDA:984,162,0,0
BRDA:984,162,1,0
BRDA:985,163,0,0
BRDA:985,163,1,0
BRDA:986,164,0,0
BRDA:986,164,1,0
BRDA:987,165,0,0
BRDA:987,165,1,0
BRDA:988,166,0,0
BRDA:988,166,1,0
BRDA:989,167,0,0
BRDA:989,167,1,0
BRDA:990,168,0,0
BRDA:990,168,1,0
BRDA:991,169,0,0
BRDA:991,169,1,0
BRDA:992,170,0,0
BRDA:992,170,1,0
BRDA:993,171,0,0
BRDA:993,171,1,0
BRDA:994,172,0,0
BRDA:994,172,1,0
BRDA:995,173,0,0
BRDA:995,173,1,0
BRDA:996,174,0,0
BRDA:996,174,1,0
BRDA:997,175,0,0
BRDA:997,175,1,0
BRDA:998,176,0,0
BRDA:998,176,1,0
BRDA:999,177,0,0
BRDA:999,177,1,0
BRDA:1000,178,0,0
BRDA:1000,178,1,0
BRDA:1001,179,0,0
BRDA:1001,179,1,0
BRDA:1002,180,0,0
BRDA:1002,180,1,0
BRDA:1003,181,0,0
BRDA:1003,181,1,0
BRDA:1004,182,0,0
BRDA:1004,182,1,0
BRDA:1005,183,0,0
BRDA:1005,183,1,0
BRDA:1006,184,0,0
BRDA:1006,184,1,0
BRDA:1007,185,0,0
BRDA:1007,185,1,0
BRDA:1008,186,0,0
BRDA:1008,186,1,0
BRDA:1009,187,0,0
BRDA:1009,187,1,0
BRDA:1010,188,0,0
BRDA:1010,188,1,0
BRDA:1011,189,0,0
BRDA:1011,189,1,0
BRDA:1012,190,0,0
BRDA:1012,190,1,0
BRDA:1013,191,0,0
BRDA:1013,191,1,0
BRDA:1014,192,0,0
BRDA:1014,192,1,0
BRDA:1015,193,0,0
BRDA:1015,193,1,0
BRDA:1016,194,0,0
BRDA:1016,194,1,0
BRDA:1017,195,0,0
BRDA:1017,195,1,0
BRDA:1018,196,0,0
BRDA:1018,196,1,0
BRDA:1019,197,0,0
BRDA:1019,197,1,0
BRDA:1020,198,0,0
BRDA:1020,198,1,0
BRDA:1021,199,0,0
BRDA:1021,199,1,0
BRDA:1022,200,0,0
BRDA:1022,200,1,0
BRDA:1023,201,0,0
BRDA:1023,201,1,0
BRDA:1024,202,0,0
BRDA:1024,202,1,0
BRDA:1025,203,0,0
BRDA:1025,203,1,0
BRDA:1026,204,0,0
BRDA:1026,204,1,0
BRDA:1027,205,0,0
BRDA:1027,205,1,0
BRDA:1028,206,0,0
BRDA:1028,206,1,0
BRDA:1029,207,0,0
BRDA:1029,207,1,0
BRDA:1030,208,0,0
BRDA:1030,208,1,0
BRDA:1031,209,0,0
BRDA:1031,209,1,0
BRDA:1032,210,0,0
BRDA:1032,210,1,0
BRDA:1033,211,0,0
BRDA:1033,211,1,0
BRDA:1034,212,0,0
BRDA:1034,212,1,0
BRDA:1035,213,0,0
BRDA:1035,213,1,0
BRDA:1036,214,0,0
BRDA:1036,214,1,0
BRDA:1037,215,0,0
BRDA:1037,215,1,0
BRDA:1038,216,0,0
BRDA:1038,216,1,0
BRDA:1039,217,0,0
BRDA:1039,217,1,0
BRDA:1040,218,0,0
BRDA:1040,218,1,0
BRDA:1041,219,0,0
BRDA:1041,219,1,0
BRDA:1042,220,0,0
BRDA:1042,220,1,0
BRDA:1043,221,0,0
BRDA:1043,221,1,0
BRDA:1044,222,0,0
BRDA:1044,222,1,0
BRDA:1045,223,0,0
BRDA:1045,223,1,0
BRDA:1046,224,0,0
BRDA:1046,224,1,0
BRDA:1047,225,0,0
BRDA:1047,225,1,0
BRDA:1048,226,0,0
BRDA:1048,226,1,0
BRDA:1049,227,0,0
BRDA:1049,227,1,0
BRDA:1050,228,0,0
BRDA:1050,228,1,0
BRDA:1051,229,0,0
BRDA:1051,229,1,0
BRDA:1052,230,0,0
BRDA:1052,230,1,0
BRDA:1053,231,0,0
BRDA:1053,231,1,0
BRDA:1054,232,0,0
BRDA:1054,232,1,0
BRDA:1055,233,0,0
BRDA:1055,233,1,0
BRDA:1056,234,0,0
BRDA:1056,234,1,0
BRDA:1057,235,0,0
BRDA:1057,235,1,0
BRDA:1058,236,0,0
BRDA:1058,236,1,0
BRDA:1059,237,0,0
BRDA:1059,237,1,0
BRDA:1060,238,0,0
BRDA:1060,238,1,0
BRDA:1061,239,0,0
BRDA:1061,239,1,0
BRDA:1062,240,0,0
BRDA:1062,240,1,0
BRDA:1063,241,0,0
BRDA:1063,241,1,0
BRDA:1064,242,0,0
BRDA:1064,242,1,0
BRDA:1065,243,0,0
BRDA:1065,243,1,0
BRDA:1066,244,0,0
BRDA:1066,244,1,0
BRDA:1067,245,0,0
BRDA:1067,245,1,0
BRDA:1068,246,0,0
BRDA:1068,246,1,0
BRDA:1069,247,0,0
BRDA:1069,247,1,0
BRDA:1070,248,0,0
BRDA:1070,248,1,0
BRDA:1071,249,0,0
BRDA:1071,249,1,0
BRDA:1072,250,0,0
BRDA:1072,250,1,0
BRDA:1073,251,0,0
BRDA:1073,251,1,0
BRDA:1074,252,0,0
BRDA:1074,252,1,0
BRDA:1075,253,0,0
BRDA:1075,253,1,0
BRDA:1076,254,0,0
BRDA:1076,254,1,0
BRDA:1077,255,0,0
BRDA:1077,255,1,0
BRDA:1078,256,0,0
BRDA:1078,256,1,0
BRDA:1079,257,0,0
BRDA:1079,257,1,0
BRDA:1080,258,0,0
BRDA:1080,258,1,0
BRDA:1081,259,0,0
BRDA:1081,259,1,0
BRDA:1082,260,0,0
BRDA:1082,260,1,0
BRDA:1083,261,0,0
BRDA:1083,261,1,0
BRDA:1084,262,0,0
BRDA:1084,262,1,0
BRDA:1085,263,0,0
BRDA:1085,263,1,0
BRDA:1086,264,0,0
BRDA:1086,264,1,0
BRDA:1087,265,0,0
BRDA:1087,265,1,0
BRDA:1088,266,0,0
BRDA:1088,266,1,0
BRDA:1089,267,0,0
BRDA:1089,267,1,0
BRDA:1090,268,0,0
BRDA:1090,268,1,0
BRDA:1091,269,0,0
BRDA:1091,269,1,0
BRDA:1092,270,0,0
BRDA:1092,270,1,0
BRDA:1093,271,0,0
BRDA:1093,271,1,0
BRDA:1094,272,0,0
BRDA:1094,272,1,0
BRDA:1095,273,0,0
BRDA:1095,273,1,0
BRDA:1096,274,0,0
BRDA:1096,274,1,0
BRDA:1097,275,0,0
BRDA:1097,275,1,0
BRDA:1098,276,0,0
BRDA:1098,276,1,0
BRDA:1099,277,0,0
BRDA:1099,277,1,0
BRDA:1100,278,0,0
BRDA:1100,278,1,0
BRDA:1101,279,0,0
BRDA:1101,279,1,0
BRDA:1102,280,0,0
BRDA:1102,280,1,0
BRDA:1103,281,0,0
BRDA:1103,281,1,0
BRDA:1104,282,0,0
BRDA:1104,282,1,0
BRDA:1105,283,0,0
BRDA:1105,283,1,0
BRDA:1106,284,0,0
BRDA:1106,284,1,0
BRDA:1107,285,0,0
BRDA:1107,285,1,0
BRDA:1109,286,0,0
BRDA:1109,286,1,0
BRDA:1112,287,0,0
BRDA:1112,287,1,0
BRDA:1142,288,0,0
BRDA:1142,288,1,0
BRDA:1146,289,0,0
BRDA:1146,289,1,0
BRDA:1147,290,0,0
BRDA:1147,290,1,0
BRDA:1148,291,0,0
BRDA:1148,291,1,0
BRDA:1149,292,0,0
BRDA:1149,292,1,0
BRDA:1150,293,0,0
BRDA:1150,293,1,0
BRDA:1151,294,0,0
BRDA:1151,294,1,0
BRDA:1152,295,0,0
BRDA:1152,295,1,0
BRDA:1153,296,0,0
BRDA:1153,296,1,0
BRF:592
BRH:0
end_of_record
TN:
SF:/Users/ernestpascual/Downloads/projects/bigmochi/halodao-amm-v2/contracts/core/lib/OZSafeMath.sol
FN:24,tryAdd
FN:35,trySub
FN:45,tryMul
FN:60,tryDiv
FN:70,tryMod
FN:85,add
FN:101,sub
FN:116,mul
FN:135,div
FN:152,mod
FN:170,sub
FN:194,div
FN:218,mod
FNF:13
FNH:2
FNDA:0,tryAdd
FNDA:0,trySub
FNDA:0,tryMul
FNDA:0,tryDiv
FNDA:0,tryMod
FNDA:0,add
FNDA:0,sub
FNDA:1,mul
FNDA:1,div
FNDA:0,mod
FNDA:0,sub
FNDA:0,div
FNDA:0,mod
DA:25,0
DA:26,0
DA:27,0
DA:36,0
DA:37,0
DA:49,0
DA:50,0
DA:51,0
DA:52,0
DA:61,0
DA:62,0
DA:71,0
DA:72,0
DA:86,0
DA:87,0
DA:88,0
DA:102,0
DA:103,0
DA:117,1
DA:118,1
DA:119,1
DA:120,1
DA:136,1
DA:137,1
DA:153,0
DA:154,0
DA:175,0
DA:176,0
DA:199,0
DA:200,0
DA:223,0
DA:224,0
LF:32
LH:6
BRDA:26,1,0,0
BRDA:26,1,1,0
BRDA:36,2,0,0
BRDA:36,2,1,0
BRDA:49,3,0,0
BRDA:49,3,1,0
BRDA:51,4,0,0
BRDA:51,4,1,0
BRDA:61,5,0,0
BRDA:61,5,1,0
BRDA:71,6,0,0
BRDA:71,6,1,0
BRDA:87,7,0,0
BRDA:87,7,1,0
BRDA:102,8,0,0
BRDA:102,8,1,0
BRDA:117,9,0,0
BRDA:117,9,1,1
BRDA:119,10,0,1
BRDA:119,10,1,0
BRDA:136,11,0,1
BRDA:136,11,1,0
BRDA:153,12,0,0
BRDA:153,12,1,0
BRDA:175,13,0,0
BRDA:175,13,1,0
BRDA:199,14,0,0
BRDA:199,14,1,0
BRDA:223,15,0,0
BRDA:223,15,1,0
BRF:30
BRH:3
end_of_record
TN:
SF:/Users/ernestpascual/Downloads/projects/bigmochi/halodao-amm-v2/contracts/core/lib/UnsafeMath64x64.sol
FN:15,us_mul
FN:29,us_div
FNF:2
FNH:1
FNDA:10,us_mul
FNDA:0,us_div
DA:16,10
DA:17,10
DA:30,0
DA:31,0
LF:4
LH:2
BRF:0
BRH:0
end_of_record
TN:
SF:/Users/ernestpascual/Downloads/projects/bigmochi/halodao-amm-v2/contracts/core/ProportionalLiquidity.sol
FN:29,proportionalDeposit
FN:107,viewProportionalDeposit
FN:164,emergencyProportionalWithdraw
FN:189,proportionalWithdraw
FN:220,viewProportionalWithdraw
FN:244,viewLiquidity
FN:266,getGrossLiquidityAndBalancesForDeposit
FN:293,getGrossLiquidityAndBalances
FN:311,requireLiquidityInvariant
FNF:9
FNH:8
FNDA:4,proportionalDeposit
FNDA:5,viewProportionalDeposit
FNDA:0,emergencyProportionalWithdraw
FNDA:10,proportionalWithdraw
FNDA:10,viewProportionalWithdraw
FNDA:5,viewLiquidity
FNDA:9,getGrossLiquidityAndBalancesForDeposit
FNDA:38,getGrossLiquidityAndBalances
FNDA:14,requireLiquidityInvariant
DA:34,4
DA:36,4
DA:40,4
DA:42,4
DA:45,4
DA:48,4
DA:49,1
DA:51,2
DA:52,2
DA:57,3
DA:58,3
DA:59,3
DA:61,3
DA:62,3
DA:64,3
DA:66,6
DA:68,6
DA:80,4
DA:82,4
DA:84,4
DA:85,3
DA:86,3
DA:99,4
DA:102,4
DA:104,4
DA:112,5
DA:114,5
DA:116,5
DA:119,5
DA:120,1
DA:121,2
DA:129,4
DA:130,4
DA:131,4
DA:132,4
DA:133,4
DA:136,4
DA:137,8
DA:139,8
DA:150,5
DA:152,5
DA:154,5
DA:155,4
DA:156,4
DA:159,5
DA:161,5
DA:169,0
DA:171,0
DA:173,0
DA:175,0
DA:176,0
DA:178,0
DA:181,0
DA:182,0
DA:186,0
DA:194,10
DA:196,10
DA:198,10
DA:202,10
DA:203,10
DA:205,10
DA:207,10
DA:208,20
DA:209,20
DA:210,20
DA:213,10
DA:217,10
DA:226,10
DA:228,10
DA:230,10
DA:232,10
DA:234,10
DA:235,20
DA:238,10
DA:249,5
DA:251,5
DA:253,5
DA:255,10
DA:259,10
DA:260,10
DA:263,5
DA:271,9
DA:273,9
DA:274,9
DA:275,9
DA:277,9
DA:278,18
DA:286,18
DA:287,18
DA:290,9
DA:298,38
DA:300,38
DA:302,38
DA:303,76
DA:304,76
DA:305,76
DA:308,38
DA:319,14
DA:322,14
DA:323,28
DA:327,14
DA:329,14
DA:330,14
DA:331,14
DA:333,14
DA:335,14
DA:337,14
LF:107
LH:98
BRDA:48,1,0,1
BRDA:48,1,1,3
BRDA:84,2,0,3
BRDA:84,2,1,1
BRDA:119,3,0,1
BRDA:119,3,1,4
BRDA:154,4,0,4
BRDA:154,4,1,1
BRF:8
BRH:8
end_of_record
TN:
SF:/Users/ernestpascual/Downloads/projects/bigmochi/halodao-amm-v2/contracts/core/Storage.sol
FNF:0
FNH:0
LF:0
LH:0
BRF:0
BRH:0
end_of_record
TN:
SF:/Users/ernestpascual/Downloads/projects/bigmochi/halodao-amm-v2/contracts/FXPool.sol
FN:61,deadline
FN:74,constructor
FN:91,initialize
FN:118,getVault
FN:124,getPoolId
FN:130,getFee
FN:154,setParams
FN:185,includeAsset
FN:232,viewParameters
FN:263,onSwap
FN:329,onJoinPool
FN:377,onExitPool
FN:415,setPaused
FN:427,setCap
FN:435,setEmergency
FN:442,setCollectorAddress
FN:452,liquidity
FN:458,assimilator
FN:463,viewDeposit
FN:470,viewWithdraw
FN:476,_convertToNumeraire
FN:483,_getAssetIndex
FN:496,_enforceCap
FN:504,_calculateAndStorePoolFee
FN:513,_mintProtocolFees
FNF:25
FNH:21
FNDA:0,deadline
FNDA:4,constructor
FNDA:1,initialize
FNDA:1,getVault
FNDA:14,getPoolId
FNDA:2,getFee
FNDA:1,setParams
FNDA:2,includeAsset
FNDA:0,viewParameters
FNDA:5,onSwap
FNDA:5,onJoinPool
FNDA:10,onExitPool
FNDA:2,setPaused
FNDA:2,setCap
FNDA:2,setEmergency
FNDA:1,setCollectorAddress
FNDA:5,liquidity
FNDA:0,assimilator
FNDA:5,viewDeposit
FNDA:10,viewWithdraw
FNDA:0,_convertToNumeraire
FNDA:28,_getAssetIndex
FNDA:5,_enforceCap
FNDA:5,_calculateAndStorePoolFee
FNDA:14,_mintProtocolFees
DA:62,0
DA:63,0
DA:76,4
DA:77,4
DA:79,4
DA:80,4
DA:83,4
DA:84,4
DA:85,4
DA:87,4
DA:92,1
DA:93,1
DA:95,1
DA:96,2
DA:98,2
DA:99,2
DA:101,2
DA:102,2
DA:104,2
DA:119,1
DA:125,14
DA:131,2
DA:134,2
DA:136,2
DA:137,4
DA:139,4
DA:141,4
DA:144,2
DA:155,1
DA:157,1
DA:159,1
DA:161,1
DA:163,1
DA:165,1
DA:167,1
DA:169,1
DA:171,1
DA:173,1
DA:175,1
DA:177,1
DA:179,1
DA:181,1
DA:193,2
DA:195,2
DA:197,2
DA:199,2
DA:201,2
DA:204,2
DA:206,2
DA:208,2
DA:210,2
DA:212,2
DA:214,2
DA:216,2
DA:218,2
DA:220,2
DA:222,2
DA:224,2
DA:226,2
DA:227,0
DA:243,0
DA:245,0
DA:247,0
DA:249,0
DA:251,0
DA:264,5
DA:266,5
DA:267,5
DA:268,5
DA:270,5
DA:272,1
DA:280,1
DA:288,4
DA:296,4
DA:304,5
DA:305,5
DA:306,5
DA:330,5
DA:336,5
DA:338,4
DA:343,4
DA:344,4
DA:345,4
DA:347,4
DA:348,4
DA:349,4
DA:350,4
DA:352,4
DA:354,4
DA:355,4
DA:356,4
DA:357,4
DA:358,4
DA:360,4
DA:361,4
DA:386,10
DA:388,10
DA:393,10
DA:394,10
DA:395,10
DA:396,10
DA:397,10
DA:398,10
DA:401,10
DA:402,10
DA:403,10
DA:404,10
DA:407,10
DA:408,10
DA:416,2
DA:418,2
DA:419,1
DA:421,1
DA:428,2
DA:429,2
DA:430,1
DA:436,2
DA:437,2
DA:443,1
DA:444,1
DA:453,5
DA:459,0
DA:464,5
DA:466,5
DA:471,10
DA:477,0
DA:479,0
DA:484,28
DA:489,28
DA:490,14
DA:492,14
DA:497,5
DA:499,1
DA:501,1
DA:506,5
DA:508,5
DA:510,5
DA:514,14
DA:515,14
DA:516,14
DA:517,14
DA:519,14
LF:142
LH:131
BRDA:62,1,0,0
BRDA:62,1,1,0
BRDA:92,2,0,1
BRDA:92,2,1,0
BRDA:93,3,0,1
BRDA:93,3,1,0
BRDA:102,4,0,0
BRDA:102,4,1,2
BRDA:155,5,0,1
BRDA:155,5,1,0
BRDA:157,6,0,1
BRDA:157,6,1,0
BRDA:159,7,0,1
BRDA:159,7,1,0
BRDA:161,8,0,1
BRDA:161,8,1,0
BRDA:163,9,0,1
BRDA:163,9,1,0
BRDA:179,10,0,1
BRDA:179,10,1,0
BRDA:193,11,0,2
BRDA:193,11,1,0
BRDA:195,12,0,2
BRDA:195,12,1,0
BRDA:197,13,0,2
BRDA:197,13,1,0
BRDA:199,14,0,2
BRDA:199,14,1,0
BRDA:201,15,0,2
BRDA:201,15,1,0
BRDA:226,16,0,0
BRDA:226,16,1,2
BRDA:264,17,0,5
BRDA:264,17,1,0
BRDA:270,18,0,1
BRDA:270,18,1,4
BRDA:418,19,0,1
BRDA:418,19,1,1
BRDA:429,20,0,1
BRDA:429,20,1,1
BRDA:484,21,0,28
BRDA:484,21,1,0
BRDA:489,22,0,14
BRDA:489,22,1,14
BRDA:497,23,0,4
BRDA:497,23,1,1
BRDA:501,24,0,0
BRDA:501,24,1,1
BRDA:514,25,0,14
BRDA:514,25,1,0
BRF:50
BRH:29
end_of_record
TN:
SF:/Users/ernestpascual/Downloads/projects/bigmochi/halodao-amm-v2/contracts/FXPoolFactory.sol
FN:39,getActiveFxPool
FN:47,getFxPools
FN:65,newFXPool
FNF:3
FNH:3
FNDA:2,getActiveFxPool
FNDA:1,getFxPools
FNDA:4,newFXPool
DA:41,2
DA:42,2
DA:49,1
DA:50,1
DA:67,4
DA:70,4
DA:71,4
DA:73,4
DA:74,4
DA:75,4
DA:77,4
DA:79,4
DA:81,4
DA:83,4
LF:14
LH:14
BRF:0
BRH:0
end_of_record
TN:
SF:/Users/ernestpascual/Downloads/projects/bigmochi/halodao-amm-v2/contracts/interfaces/IAsset.sol
FNF:0
FNH:0
LF:0
LH:0
BRF:0
BRH:0
end_of_record
TN:
SF:/Users/ernestpascual/Downloads/projects/bigmochi/halodao-amm-v2/contracts/interfaces/IAuthorizer.sol
FNF:0
FNH:0
LF:0
LH:0
BRF:0
BRH:0
end_of_record
TN:
SF:/Users/ernestpascual/Downloads/projects/bigmochi/halodao-amm-v2/contracts/interfaces/IFlashLoanRecipient.sol
FNF:0
FNH:0
LF:0
LH:0
BRF:0
BRH:0
end_of_record
TN:
SF:/Users/ernestpascual/Downloads/projects/bigmochi/halodao-amm-v2/contracts/interfaces/IProtocolFeesCollector.sol
FNF:0
FNH:0
LF:0
LH:0
BRF:0
BRH:0
end_of_record
TN:
SF:/Users/ernestpascual/Downloads/projects/bigmochi/halodao-amm-v2/contracts/interfaces/IVault.sol
FNF:0
FNH:0
LF:0
LH:0
BRF:0
BRH:0
end_of_record
TN:
SF:/Users/ernestpascual/Downloads/projects/bigmochi/halodao-amm-v2/contracts/interfaces/IVaultPoolBalances.sol
FNF:0
FNH:0
LF:0
LH:0
BRF:0
BRH:0
end_of_record
TN:
SF:/Users/ernestpascual/Downloads/projects/bigmochi/halodao-amm-v2/contracts/mock/dependencies/WETH9.sol
FN:36,deposit
FN:41,withdraw
FN:48,totalSupply
FN:52,approve
FN:58,transfer
FN:62,transferFrom
FNF:6
FNH:0
FNDA:0,deposit
FNDA:0,withdraw
FNDA:0,totalSupply
FNDA:0,approve
FNDA:0,transfer
FNDA:0,transferFrom
DA:33,0
DA:37,0
DA:38,0
DA:42,0
DA:43,0
DA:44,0
DA:45,0
DA:49,0
DA:53,0
DA:54,0
DA:55,0
DA:59,0
DA:67,0
DA:69,0
DA:70,0
DA:71,0
DA:74,0
DA:75,0
DA:77,0
DA:79,0
LF:20
LH:0
BRDA:42,1,0,0
BRDA:42,1,1,0
BRDA:67,2,0,0
BRDA:67,2,1,0
BRDA:69,3,0,0
BRDA:69,3,1,0
BRDA:70,4,0,0
BRDA:70,4,1,0
BRF:8
BRH:0
end_of_record
TN:
SF:/Users/ernestpascual/Downloads/projects/bigmochi/halodao-amm-v2/contracts/mock/MockABDK.sol
FN:10,mulu
FN:14,divu
FNF:2
FNH:0
FNDA:0,mulu
FNDA:0,divu
DA:11,0
DA:15,0
LF:2
LH:0
BRF:0
BRH:0
end_of_record
TN:
SF:/Users/ernestpascual/Downloads/projects/bigmochi/halodao-amm-v2/contracts/mock/MockAggregator.sol
FN:7,setAnswer
FN:11,latestAnswer
FN:15,latestRoundData
FNF:3
FNH:3
FNDA:10,setAnswer
FNDA:79,latestAnswer
FNDA:76,latestRoundData
DA:8,10
DA:12,79
DA:26,76
LF:3
LH:3
BRF:0
BRH:0
end_of_record
TN:
SF:/Users/ernestpascual/Downloads/projects/bigmochi/halodao-amm-v2/contracts/mock/MockMulticall.sol
FN:17,aggregate
FN:27,getEthBalance
FN:30,getBlockHash
FN:33,getLastBlockHash
FN:36,getCurrentBlockTimestamp
FN:39,getCurrentBlockDifficulty
FN:42,getCurrentBlockGasLimit
FN:45,getCurrentBlockCoinbase
FNF:8
FNH:0
FNDA:0,aggregate
FNDA:0,getEthBalance
FNDA:0,getBlockHash
FNDA:0,getLastBlockHash
FNDA:0,getCurrentBlockTimestamp
FNDA:0,getCurrentBlockDifficulty
FNDA:0,getCurrentBlockGasLimit
FNDA:0,getCurrentBlockCoinbase
DA:18,0
DA:19,0
DA:20,0
DA:21,0
DA:22,0
DA:23,0
DA:28,0
DA:31,0
DA:34,0
DA:37,0
DA:40,0
DA:43,0
DA:46,0
LF:13
LH:0
BRDA:22,1,0,0
BRDA:22,1,1,0
BRF:2
BRH:0
end_of_record
TN:
SF:/Users/ernestpascual/Downloads/projects/bigmochi/halodao-amm-v2/contracts/mock/MockToken.sol
FN:11,constructor
FN:15,mint
FNF:2
FNH:2
FNDA:24,constructor
FNDA:8,mint
DA:12,24
DA:16,8
LF:2
LH:2
BRF:0
BRH:0
end_of_record
TN:
SF:/Users/ernestpascual/Downloads/projects/bigmochi/halodao-amm-v2/contracts/mock/MockWeightedPoolFactory.sol
FN:22,constructor
FN:26,getCreationTime
FNF:2
FNH:1
FNDA:6,constructor
FNDA:0,getCreationTime
DA:23,6
DA:27,0
LF:2
LH:1
BRF:0
BRH:0
end_of_record
TN:
SF:/Users/ernestpascual/Downloads/projects/bigmochi/halodao-amm-v2/contracts/mock/MockWETH9.sol
FN:9,mint
FNF:1
FNH:0
FNDA:0,mint
DA:10,0
DA:11,0
LF:2
LH:0
BRF:0
BRH:0
end_of_record
TN:
SF:/Users/ernestpascual/Downloads/projects/bigmochi/halodao-amm-v2/contracts/mock/vault/AssetHelpers.sol
FN:31,constructor
FN:36,_WETH
FN:43,_isETH
FN:51,_translateToIERC20
FN:58,_translateToIERC20
FN:70,_asIERC20
FNF:6
FNH:5
FNDA:6,constructor
FNDA:0,_WETH
FNDA:119,_isETH
FNDA:68,_translateToIERC20
FNDA:15,_translateToIERC20
FNDA:106,_asIERC20
DA:32,6
DA:37,0
DA:44,119
DA:52,68
DA:59,15
DA:60,15
DA:61,30
DA:63,15
DA:71,106
LF:9
LH:8
BRF:0
BRH:0
end_of_record
TN:
SF:/Users/ernestpascual/Downloads/projects/bigmochi/halodao-amm-v2/contracts/mock/vault/AssetManagers.sol
FN:43,managePoolBalance
FN:75,_performPoolManagementOperation
FN:98,_withdrawPoolBalance
FN:128,_depositPoolBalance
FN:158,_updateManagedBalance
FN:179,_isTokenRegistered
FNF:6
FNH:0
FNDA:0,managePoolBalance
FNDA:0,_performPoolManagementOperation
FNDA:0,_withdrawPoolBalance
FNDA:0,_depositPoolBalance
FNDA:0,_updateManagedBalance
FNDA:0,_isTokenRegistered
DA:46,0
DA:48,0
DA:50,0
DA:52,0
DA:53,0
DA:55,0
DA:56,0
DA:57,0
DA:59,0
DA:60,0
DA:61,0
DA:63,0
DA:81,0
DA:83,0
DA:84,0
DA:86,0
DA:89,0
DA:104,0
DA:105,0
DA:107,0
DA:110,0
DA:113,0
DA:114,0
DA:119,0
DA:120,0
DA:134,0
DA:135,0
DA:137,0
DA:140,0
DA:143,0
DA:144,0
DA:149,0
DA:150,0
DA:164,0
DA:165,0
DA:167,0
DA:170,0
DA:173,0
DA:180,0
DA:181,0
DA:182,0
DA:184,0
DA:187,0
LF:43
LH:0
BRDA:83,1,0,0
BRDA:83,1,1,0
BRDA:85,2,0,0
BRDA:85,2,1,0
BRDA:104,3,0,0
BRDA:104,3,1,0
BRDA:106,4,0,0
BRDA:106,4,1,0
BRDA:113,5,0,0
BRDA:113,5,1,0
BRDA:134,6,0,0
BRDA:134,6,1,0
BRDA:136,7,0,0
BRDA:136,7,1,0
BRDA:143,8,0,0
BRDA:143,8,1,0
BRDA:164,9,0,0
BRDA:164,9,1,0
BRDA:166,10,0,0
BRDA:166,10,1,0
BRDA:181,11,0,0
BRDA:181,11,1,0
BRDA:183,12,0,0
BRDA:183,12,1,0
BRF:24
BRH:0
end_of_record
TN:
SF:/Users/ernestpascual/Downloads/projects/bigmochi/halodao-amm-v2/contracts/mock/vault/AssetTransfersHandler.sol
FN:45,_receiveAsset
FN:89,_sendAsset
FN:130,_handleRemainingEth
FNF:3
FNH:3
FNDA:13,_receiveAsset
FNDA:25,_sendAsset
FNDA:9,_handleRemainingEth
DA:51,13
DA:52,0
DA:55,13
DA:56,0
DA:63,0
DA:64,0
DA:66,13
DA:68,13
DA:70,0
DA:73,0
DA:76,13
DA:77,13
DA:95,25
DA:96,0
DA:99,25
DA:102,0
DA:106,0
DA:109,0
DA:111,25
DA:113,25
DA:114,0
DA:116,25
DA:131,9
DA:133,9
DA:134,9
DA:135,0
DA:150,0
LF:27
LH:14
BRDA:51,1,0,0
BRDA:51,1,1,13
BRDA:55,2,0,0
BRDA:55,2,1,13
BRDA:68,3,0,0
BRDA:68,3,1,13
BRDA:76,4,0,13
BRDA:76,4,1,0
BRDA:95,5,0,0
BRDA:95,5,1,25
BRDA:99,6,0,0
BRDA:99,6,1,25
BRDA:113,7,0,0
BRDA:113,7,1,25
BRDA:134,8,0,0
BRDA:134,8,1,9
BRF:16
BRH:8
end_of_record
TN:
SF:/Users/ernestpascual/Downloads/projects/bigmochi/halodao-amm-v2/contracts/mock/vault/Authorizer.sol
FN:49,constructor
FN:57,permissionId
FN:68,canPerform
FN:81,grantPermissions
FN:96,revokePermissions
FN:111,renouncePermissions
FN:118,_grantPermission
FN:130,_revokePermission
FN:142,_authenticate
FNF:9
FNH:0
FNDA:0,constructor
FNDA:0,permissionId
FNDA:0,canPerform
FNDA:0,grantPermissions
FNDA:0,revokePermissions
FNDA:0,renouncePermissions
FNDA:0,_grantPermission
FNDA:0,_revokePermission
FNDA:0,_authenticate
DA:50,0
DA:51,0
DA:62,0
DA:73,0
DA:86,0
DA:87,0
DA:88,0
DA:89,0
DA:101,0
DA:102,0
DA:103,0
DA:104,0
DA:112,0
DA:113,0
DA:114,0
DA:123,0
DA:124,0
DA:125,0
DA:126,0
DA:135,0
DA:136,0
DA:137,0
DA:138,0
DA:143,0
LF:24
LH:0
BRDA:124,1,0,0
BRDA:124,1,1,0
BRDA:136,2,0,0
BRDA:136,2,1,0
BRF:4
BRH:0
end_of_record
TN:
SF:/Users/ernestpascual/Downloads/projects/bigmochi/halodao-amm-v2/contracts/mock/vault/balances/BalanceAllocation.sol
FN:56,total
FN:65,cash
FN:73,managed
FN:81,lastChangeBlock
FN:89,managedDelta
FN:98,totalsAndLastChangeBlock
FN:120,isZero
FN:130,isNotZero
FN:139,toBalance
FN:160,increaseCash
FN:174,decreaseCash
FN:186,cashToManaged
FN:198,managedToCash
FN:212,setManaged
FN:238,_decodeBalanceA
FN:247,_decodeBalanceB
FN:257,fromSharedToBalanceA
FN:266,fromSharedToBalanceB
FN:275,toSharedCash
FN:286,toSharedManaged
FN:296,_pack
FNF:21
FNH:16
FNDA:294,total
FNDA:370,cash
FNDA:332,managed
FNDA:626,lastChangeBlock
FNDA:0,managedDelta
FNDA:142,totalsAndLastChangeBlock
FNDA:5,isZero
FNDA:5,isNotZero
FNDA:332,toBalance
FNDA:13,increaseCash
FNDA:25,decreaseCash
FNDA:0,cashToManaged
FNDA:0,managedToCash
FNDA:0,setManaged
FNDA:294,_decodeBalanceA
FNDA:294,_decodeBalanceB
FNDA:147,fromSharedToBalanceA
FNDA:147,fromSharedToBalanceB
FNDA:19,toSharedCash
FNDA:0,toSharedManaged
FNDA:351,_pack
DA:59,294
DA:66,370
DA:67,370
DA:74,332
DA:75,332
DA:82,626
DA:83,626
DA:91,0
DA:106,142
DA:107,142
DA:109,142
DA:110,284
DA:111,284
DA:112,284
DA:122,5
DA:123,5
DA:131,5
DA:144,332
DA:148,332
DA:151,332
DA:161,13
DA:162,13
DA:163,13
DA:165,13
DA:175,25
DA:176,25
DA:177,25
DA:179,25
DA:187,0
DA:188,0
DA:189,0
DA:191,0
DA:199,0
DA:200,0
DA:201,0
DA:203,0
DA:213,0
DA:214,0
DA:215,0
DA:239,294
DA:240,294
DA:248,294
DA:249,294
DA:260,147
DA:269,147
DA:278,19
DA:280,19
DA:288,0
DA:301,351
LF:49
LH:36
BRF:0
BRH:0
end_of_record
TN:
SF:/Users/ernestpascual/Downloads/projects/bigmochi/halodao-amm-v2/contracts/mock/vault/balances/GeneralPoolsBalance.sol
FN:51,_registerGeneralPoolTokens
FN:73,_deregisterGeneralPoolTokens
FN:92,_setGeneralPoolBalances
FN:108,_generalPoolCashToManaged
FN:122,_generalPoolManagedToCash
FN:138,_setGeneralPoolManagedBalance
FN:155,_updateGeneralPoolBalance
FN:176,_getGeneralPoolTokens
FN:201,_getGeneralPoolBalance
FN:210,_getGeneralPoolBalance
FN:223,_isGeneralPoolTokenRegistered
FNF:11
FNH:0
FNDA:0,_registerGeneralPoolTokens
FNDA:0,_deregisterGeneralPoolTokens
FNDA:0,_setGeneralPoolBalances
FNDA:0,_generalPoolCashToManaged
FNDA:0,_generalPoolManagedToCash
FNDA:0,_setGeneralPoolManagedBalance
FNDA:0,_updateGeneralPoolBalance
FNDA:0,_getGeneralPoolTokens
FNDA:0,_getGeneralPoolBalance
FNDA:0,_getGeneralPoolBalance
FNDA:0,_isGeneralPoolTokenRegistered
DA:52,0
DA:54,0
DA:57,0
DA:58,0
DA:74,0
DA:76,0
DA:77,0
DA:78,0
DA:79,0
DA:83,0
DA:93,0
DA:95,0
DA:98,0
DA:113,0
DA:127,0
DA:143,0
DA:161,0
DA:162,0
DA:164,0
DA:165,0
DA:167,0
DA:181,0
DA:182,0
DA:183,0
DA:185,0
DA:188,0
DA:202,0
DA:203,0
DA:215,0
DA:224,0
DA:225,0
LF:31
LH:0
BRF:0
BRH:0
end_of_record
TN:
SF:/Users/ernestpascual/Downloads/projects/bigmochi/halodao-amm-v2/contracts/mock/vault/balances/MinimalSwapInfoPoolsBalance.sol
FN:52,_registerMinimalSwapInfoPoolTokens
FN:74,_deregisterMinimalSwapInfoPoolTokens
FN:95,_setMinimalSwapInfoPoolBalances
FN:111,_minimalSwapInfoPoolCashToManaged
FN:125,_minimalSwapInfoPoolManagedToCash
FN:141,_setMinimalSwapInfoPoolManagedBalance
FN:158,_updateMinimalSwapInfoPoolBalance
FN:178,_getMinimalSwapInfoPoolTokens
FN:204,_getMinimalSwapInfoPoolBalance
FN:227,_isMinimalSwapInfoPoolTokenRegistered
FNF:10
FNH:0
FNDA:0,_registerMinimalSwapInfoPoolTokens
FNDA:0,_deregisterMinimalSwapInfoPoolTokens
FNDA:0,_setMinimalSwapInfoPoolBalances
FNDA:0,_minimalSwapInfoPoolCashToManaged
FNDA:0,_minimalSwapInfoPoolManagedToCash
FNDA:0,_setMinimalSwapInfoPoolManagedBalance
FNDA:0,_updateMinimalSwapInfoPoolBalance
FNDA:0,_getMinimalSwapInfoPoolTokens
FNDA:0,_getMinimalSwapInfoPoolBalance
FNDA:0,_isMinimalSwapInfoPoolTokenRegistered
DA:53,0
DA:55,0
DA:56,0
DA:57,0
DA:75,0
DA:77,0
DA:78,0
DA:79,0
DA:83,0
DA:85,0
DA:86,0
DA:100,0
DA:101,0
DA:116,0
DA:130,0
DA:146,0
DA:164,0
DA:166,0
DA:167,0
DA:169,0
DA:183,0
DA:184,0
DA:185,0
DA:187,0
DA:190,0
DA:191,0
DA:192,0
DA:205,0
DA:210,0
DA:212,0
DA:215,0
DA:216,0
DA:219,0
DA:228,0
DA:229,0
LF:35
LH:0
BRDA:212,1,0,0
BRDA:212,1,1,0
BRF:2
BRH:0
end_of_record
TN:
SF:/Users/ernestpascual/Downloads/projects/bigmochi/halodao-amm-v2/contracts/mock/vault/balances/TwoTokenPoolsBalance.sol
FN:78,_registerTwoTokenPoolTokens
FN:111,_deregisterTwoTokenPoolTokens
FN:136,_setTwoTokenPoolCashBalances
FN:154,_twoTokenPoolCashToManaged
FN:168,_twoTokenPoolManagedToCash
FN:184,_setTwoTokenPoolManagedBalance
FN:201,_updateTwoTokenPoolSharedBalance
FN:239,_getTwoTokenPoolTokens
FN:269,_getTwoTokenPoolBalances
FN:306,_getTwoTokenPoolBalance
FN:334,_getTwoTokenPoolSharedBalances
FN:380,_isTwoTokenPoolTokenRegistered
FN:390,_getTwoTokenPairHash
FN:397,_sortTwoTokens
FNF:14
FNH:7
FNDA:5,_registerTwoTokenPoolTokens
FNDA:0,_deregisterTwoTokenPoolTokens
FNDA:14,_setTwoTokenPoolCashBalances
FNDA:0,_twoTokenPoolCashToManaged
FNDA:0,_twoTokenPoolManagedToCash
FNDA:0,_setTwoTokenPoolManagedBalance
FNDA:0,_updateTwoTokenPoolSharedBalance
FNDA:142,_getTwoTokenPoolTokens
FNDA:142,_getTwoTokenPoolBalances
FNDA:0,_getTwoTokenPoolBalance
FNDA:5,_getTwoTokenPoolSharedBalances
FNDA:0,_isTwoTokenPoolTokenRegistered
FNDA:161,_getTwoTokenPairHash
FNDA:5,_sortTwoTokens
DA:85,5
DA:87,5
DA:90,5
DA:91,5
DA:94,5
DA:95,5
DA:116,0
DA:122,0
DA:124,0
DA:128,0
DA:143,14
DA:144,14
DA:145,14
DA:159,0
DA:173,0
DA:189,0
DA:207,0
DA:215,0
DA:216,0
DA:217,0
DA:218,0
DA:219,0
DA:222,0
DA:223,0
DA:224,0
DA:227,0
DA:228,0
DA:230,0
DA:244,142
DA:248,142
DA:249,0
DA:255,142
DA:256,142
DA:257,142
DA:259,142
DA:260,142
DA:261,142
DA:280,142
DA:281,142
DA:282,142
DA:284,142
DA:285,142
DA:287,142
DA:288,142
DA:290,142
DA:291,142
DA:309,0
DA:311,0
DA:312,0
DA:314,0
DA:316,0
DA:347,5
DA:348,5
DA:350,5
DA:354,5
DA:355,5
DA:360,5
DA:364,5
DA:367,0
DA:368,0
DA:371,5
DA:372,5
DA:381,0
DA:384,0
DA:391,161
DA:398,5
LF:66
LH:37
BRDA:216,1,0,0
BRDA:216,1,1,0
BRDA:248,2,0,0
BRDA:248,2,1,142
BRDA:311,3,0,0
BRDA:311,3,1,0
BRDA:313,4,0,0
BRDA:313,4,1,0
BRDA:364,5,0,0
BRDA:364,5,1,5
BRF:10
BRH:2
end_of_record
TN:
SF:/Users/ernestpascual/Downloads/projects/bigmochi/halodao-amm-v2/contracts/mock/vault/Fees.sol
FN:37,constructor
FN:41,getProtocolFeesCollector
FN:48,_getProtocolSwapFeePercentage
FN:55,_calculateFlashLoanFeeAmount
FN:62,_payFeeAmount
FNF:5
FNH:4
FNDA:6,constructor
FNDA:15,getProtocolFeesCollector
FNDA:15,_getProtocolSwapFeePercentage
FNDA:0,_calculateFlashLoanFeeAmount
FNDA:28,_payFeeAmount
DA:38,6
DA:42,15
DA:49,15
DA:58,0
DA:59,0
DA:63,28
DA:64,0
LF:7
LH:4
BRDA:63,1,0,0
BRDA:63,1,1,28
BRF:2
BRH:1
end_of_record
TN:
SF:/Users/ernestpascual/Downloads/projects/bigmochi/halodao-amm-v2/contracts/mock/vault/FlashLoans.sol
FN:42,flashLoan
FNF:1
FNH:0
FNDA:0,flashLoan
DA:43,0
DA:45,0
DA:46,0
DA:49,0
DA:51,0
DA:52,0
DA:53,0
DA:55,0
DA:56,0
DA:58,0
DA:59,0
DA:61,0
DA:62,0
DA:65,0
DA:67,0
DA:68,0
DA:69,0
DA:73,0
DA:74,0
DA:77,0
DA:78,0
DA:80,0
DA:81,0
LF:23
LH:0
BRF:0
BRH:0
end_of_record
TN:
SF:/Users/ernestpascual/Downloads/projects/bigmochi/halodao-amm-v2/contracts/mock/vault/interfaces/IBasePool.sol
FNF:0
FNH:0
LF:0
LH:0
BRF:0
BRH:0
end_of_record
TN:
SF:/Users/ernestpascual/Downloads/projects/bigmochi/halodao-amm-v2/contracts/mock/vault/interfaces/IGeneralPool.sol
FNF:0
FNH:0
LF:0
LH:0
BRF:0
BRH:0
end_of_record
TN:
SF:/Users/ernestpascual/Downloads/projects/bigmochi/halodao-amm-v2/contracts/mock/vault/interfaces/IMinimalSwapInfoPool.sol
FNF:0
FNH:0
LF:0
LH:0
BRF:0
BRH:0
end_of_record
TN:
SF:/Users/ernestpascual/Downloads/projects/bigmochi/halodao-amm-v2/contracts/mock/vault/interfaces/IPoolSwapStructs.sol
FNF:0
FNH:0
LF:0
LH:0
BRF:0
BRH:0
end_of_record
TN:
SF:/Users/ernestpascual/Downloads/projects/bigmochi/halodao-amm-v2/contracts/mock/vault/PoolBalances.sol
FN:48,joinPool
FN:56,exitPool
FN:79,_toPoolBalanceChange
FN:93,_toPoolBalanceChange
FN:113,_joinOrExit
FN:159,_callPoolBalanceChange
FN:213,_processJoinPoolTransfers
FN:257,_processExitPoolTransfers
FN:288,_validateTokensAndGetBalances
FN:308,_unsafeCastToInt256
FNF:10
FNH:10
FNDA:5,joinPool
FNDA:10,exitPool
FNDA:5,_toPoolBalanceChange
FNDA:10,_toPoolBalanceChange
FNDA:15,_joinOrExit
FNDA:15,_callPoolBalanceChange
FNDA:4,_processJoinPoolTransfers
FNDA:10,_processExitPoolTransfers
FNDA:15,_validateTokensAndGetBalances
FNDA:14,_unsafeCastToInt256
DA:53,5
DA:63,10
DA:85,5
DA:99,10
DA:118,15
DA:122,15
DA:123,15
DA:127,15
DA:134,14
DA:135,14
DA:136,14
DA:138,0
DA:141,0
DA:144,14
DA:145,14
DA:174,15
DA:176,15
DA:177,15
DA:197,14
DA:201,14
DA:221,4
DA:223,4
DA:224,4
DA:225,8
DA:226,8
DA:229,8
DA:230,8
DA:232,8
DA:233,0
DA:236,8
DA:237,8
DA:241,8
DA:247,4
DA:264,10
DA:265,10
DA:266,20
DA:267,20
DA:270,20
DA:272,20
DA:274,20
DA:275,20
DA:278,20
DA:293,15
DA:294,15
DA:295,15
DA:297,15
DA:298,30
DA:301,15
DA:313,14
DA:314,14
DA:315,28
LF:51
LH:48
BRDA:135,1,0,14
BRDA:135,1,1,0
BRDA:137,2,0,0
BRDA:137,2,1,0
BRDA:232,3,0,0
BRDA:232,3,1,8
BRF:6
BRH:2
end_of_record
TN:
SF:/Users/ernestpascual/Downloads/projects/bigmochi/halodao-amm-v2/contracts/mock/vault/PoolRegistry.sol
FN:39,withRegisteredPool
FN:47,onlyPool
FN:55,_ensureRegisteredPool
FN:62,_ensurePoolIsSender
FN:71,registerPool
FN:93,getPool
FN:115,_toPoolId
FN:134,_getPoolAddress
FN:145,_getPoolSpecialization
FNF:9
FNH:9
FNDA:143,withRegisteredPool
FNDA:5,onlyPool
FNDA:148,_ensureRegisteredPool
FNDA:5,_ensurePoolIsSender
FNDA:5,registerPool
FNDA:1,getPool
FNDA:5,_toPoolId
FNDA:26,_getPoolAddress
FNDA:167,_getPoolSpecialization
DA:40,143
DA:41,143
DA:48,5
DA:49,5
DA:56,148
DA:63,5
DA:64,5
DA:77,5
DA:79,5
DA:80,5
DA:82,5
DA:85,5
DA:86,5
DA:96,1
DA:120,5
DA:122,5
DA:123,5
DA:124,5
DA:126,5
DA:137,26
DA:147,167
DA:155,167
DA:159,167
LF:23
LH:23
BRF:0
BRH:0
end_of_record
TN:
SF:/Users/ernestpascual/Downloads/projects/bigmochi/halodao-amm-v2/contracts/mock/vault/PoolTokens.sol
FN:33,registerTokens
FN:63,deregisterTokens
FN:89,getPoolTokens
FN:105,getPoolTokenInfo
FN:134,_getPoolTokens
FNF:5
FNH:3
FNDA:5,registerTokens
FNDA:0,deregisterTokens
FNDA:127,getPoolTokens
FNDA:0,getPoolTokenInfo
FNDA:142,_getPoolTokens
DA:34,5
DA:37,5
DA:38,10
DA:39,10
DA:41,10
DA:44,5
DA:45,5
DA:46,5
DA:47,5
DA:49,0
DA:52,0
DA:55,5
DA:65,0
DA:66,0
DA:67,0
DA:68,0
DA:70,0
DA:73,0
DA:78,0
DA:79,0
DA:82,0
DA:96,127
DA:97,127
DA:98,127
DA:113,0
DA:114,0
DA:116,0
DA:117,0
DA:119,0
DA:122,0
DA:125,0
DA:126,0
DA:127,0
DA:128,0
DA:135,142
DA:136,142
DA:137,142
DA:139,0
DA:142,0
LF:39
LH:16
BRDA:45,1,0,5
BRDA:45,1,1,0
BRDA:48,2,0,0
BRDA:48,2,1,0
BRDA:66,3,0,0
BRDA:66,3,1,0
BRDA:69,4,0,0
BRDA:69,4,1,0
BRDA:116,5,0,0
BRDA:116,5,1,0
BRDA:118,6,0,0
BRDA:118,6,1,0
BRDA:136,7,0,142
BRDA:136,7,1,0
BRDA:138,8,0,0
BRDA:138,8,1,0
BRF:16
BRH:2
end_of_record
TN:
SF:/Users/ernestpascual/Downloads/projects/bigmochi/halodao-amm-v2/contracts/mock/vault/ProtocolFeesCollector.sol
FN:55,constructor
FN:64,withdrawCollectedFees
FN:74,setSwapFeePercentage
FN:80,setFlashLoanFeePercentage
FN:89,getSwapFeePercentage
FN:93,getFlashLoanFeePercentage
FN:97,getCollectedFeeAmounts
FN:109,getAuthorizer
FN:113,_canPerform
FN:117,_getAuthorizer
FNF:10
FNH:2
FNDA:6,constructor
FNDA:0,withdrawCollectedFees
FNDA:0,setSwapFeePercentage
FNDA:0,setFlashLoanFeePercentage
FNDA:15,getSwapFeePercentage
FNDA:0,getFlashLoanFeePercentage
FNDA:0,getCollectedFeeAmounts
FNDA:0,getAuthorizer
FNDA:0,_canPerform
FNDA:0,_getAuthorizer
DA:57,6
DA:65,0
DA:67,0
DA:68,0
DA:69,0
DA:70,0
DA:75,0
DA:76,0
DA:77,0
DA:81,0
DA:85,0
DA:86,0
DA:90,15
DA:94,0
DA:103,0
DA:104,0
DA:105,0
DA:110,0
DA:114,0
DA:118,0
LF:20
LH:2
BRF:0
BRH:0
end_of_record
TN:
SF:/Users/ernestpascual/Downloads/projects/bigmochi/halodao-amm-v2/contracts/mock/vault/Swaps.sol
FN:67,swap
FN:120,batchSwap
FN:165,_tokenGiven
FN:177,_tokenCalculated
FN:188,_getAmounts
FN:206,_swapWithPools
FN:276,_swapWithPool
FN:301,_processTwoTokenPoolSwapRequest
FN:343,_processMinimalSwapInfoPoolSwapRequest
FN:366,_callMinimalSwapInfoPoolOnSwapHook
FN:391,_processGeneralPoolSwapRequest
FN:447,queryBatchSwap
FNF:12
FNH:8
FNDA:2,swap
FNDA:3,batchSwap
FNDA:0,_tokenGiven
FNDA:3,_tokenCalculated
FNDA:10,_getAmounts
FNDA:3,_swapWithPools
FNDA:5,_swapWithPool
FNDA:5,_processTwoTokenPoolSwapRequest
FNDA:0,_processMinimalSwapInfoPoolSwapRequest
FNDA:5,_callMinimalSwapInfoPoolOnSwapHook
FNDA:0,_processGeneralPoolSwapRequest
FNDA:0,queryBatchSwap
DA:72,2
DA:76,2
DA:78,2
DA:79,2
DA:80,2
DA:83,2
DA:84,2
DA:85,2
DA:86,2
DA:87,2
DA:88,2
DA:89,2
DA:90,2
DA:91,2
DA:94,2
DA:95,2
DA:97,2
DA:98,2
DA:100,2
DA:101,2
DA:104,2
DA:125,3
DA:127,3
DA:130,3
DA:134,3
DA:135,3
DA:136,6
DA:137,6
DA:138,6
DA:141,6
DA:142,3
DA:143,3
DA:145,3
DA:146,0
DA:149,3
DA:150,3
DA:155,3
DA:170,0
DA:182,3
DA:193,10
DA:194,8
DA:197,2
DA:212,3
DA:216,3
DA:217,3
DA:220,3
DA:221,3
DA:223,3
DA:224,3
DA:226,3
DA:228,3
DA:230,3
DA:231,3
DA:232,3
DA:235,3
DA:239,0
DA:240,0
DA:241,0
DA:242,0
DA:246,3
DA:247,3
DA:248,3
DA:249,3
DA:250,3
DA:251,3
DA:252,3
DA:253,3
DA:256,3
DA:257,3
DA:258,3
DA:260,3
DA:263,3
DA:264,3
DA:285,5
DA:286,5
DA:288,5
DA:289,5
DA:291,0
DA:294,0
DA:297,5
DA:298,5
DA:308,5
DA:315,5
DA:316,5
DA:319,5
DA:321,3
DA:322,3
DA:325,2
DA:326,2
DA:330,5
DA:338,5
DA:347,0
DA:348,0
DA:351,0
DA:358,0
DA:359,0
DA:379,5
DA:380,5
DA:381,5
DA:384,5
DA:385,5
DA:387,5
DA:388,5
DA:395,0
DA:396,0
DA:399,0
DA:400,0
DA:401,0
DA:403,0
DA:406,0
DA:407,0
DA:412,0
DA:413,0
DA:415,0
DA:416,0
DA:418,0
DA:419,0
DA:422,0
DA:424,0
DA:425,0
DA:427,0
DA:428,0
DA:430,0
DA:435,0
DA:436,0
DA:437,0
DA:438,0
DA:442,0
DA:443,0
DA:468,0
DA:473,0
DA:476,0
DA:517,0
DA:520,0
LF:134
LH:90
BRDA:141,1,0,3
BRDA:141,1,1,3
BRDA:145,2,0,0
BRDA:145,2,1,3
BRDA:148,3,0,3
BRDA:148,3,1,0
BRDA:193,4,0,8
BRDA:193,4,1,2
BRDA:235,5,0,0
BRDA:235,5,1,3
BRDA:288,6,0,5
BRDA:288,6,1,0
BRDA:290,7,0,0
BRDA:290,7,1,0
BRDA:319,8,0,3
BRDA:319,8,1,2
BRDA:403,9,0,0
BRDA:403,9,1,0
BRDA:427,10,0,0
BRDA:427,10,1,0
BRDA:429,11,0,0
BRDA:429,11,1,0
BRDA:468,12,0,0
BRDA:468,12,1,0
BRF:24
BRH:10
end_of_record
TN:
SF:/Users/ernestpascual/Downloads/projects/bigmochi/halodao-amm-v2/contracts/mock/vault/UserBalance.sol
FN:47,getInternalBalance
FN:59,manageUserBalance
FN:119,_depositToInternalBalance
FN:129,_withdrawFromInternalBalance
FN:140,_transferInternalBalance
FN:151,_transferToExternalBalance
FN:166,_increaseInternalBalance
FN:181,_decreaseInternalBalance
FN:204,_setInternalBalance
FN:217,_getInternalBalance
FN:224,_validateUserBalanceOp
FNF:11
FNH:0
FNDA:0,getInternalBalance
FNDA:0,manageUserBalance
FNDA:0,_depositToInternalBalance
FNDA:0,_withdrawFromInternalBalance
FNDA:0,_transferInternalBalance
FNDA:0,_transferToExternalBalance
FNDA:0,_increaseInternalBalance
FNDA:0,_decreaseInternalBalance
FNDA:0,_setInternalBalance
FNDA:0,_getInternalBalance
FNDA:0,_validateUserBalanceOp
DA:53,0
DA:54,0
DA:55,0
DA:61,0
DA:64,0
DA:65,0
DA:67,0
DA:68,0
DA:69,0
DA:70,0
DA:71,0
DA:72,0
DA:75,0
DA:80,0
DA:82,0
DA:88,0
DA:89,0
DA:90,0
DA:93,0
DA:94,0
DA:97,0
DA:98,0
DA:102,0
DA:103,0
DA:105,0
DA:106,0
DA:109,0
DA:116,0
DA:125,0
DA:126,0
DA:136,0
DA:137,0
DA:147,0
DA:148,0
DA:157,0
DA:158,0
DA:159,0
DA:171,0
DA:172,0
DA:173,0
DA:187,0
DA:188,0
DA:190,0
DA:193,0
DA:194,0
DA:210,0
DA:211,0
DA:218,0
DA:238,0
DA:240,0
DA:245,0
DA:246,0
DA:247,0
DA:250,0
DA:253,0
LF:55
LH:0
BRDA:80,1,0,0
BRDA:80,1,1,0
BRDA:88,2,0,0
BRDA:88,2,1,0
BRDA:93,3,0,0
BRDA:93,3,1,0
BRDA:97,4,0,0
BRDA:97,4,1,0
BRDA:105,5,0,0
BRDA:105,5,1,0
BRDA:157,6,0,0
BRDA:157,6,1,0
BRDA:240,7,0,0
BRDA:240,7,1,0
BRDA:245,8,0,0
BRDA:245,8,1,0
BRF:16
BRH:0
end_of_record
TN:
SF:/Users/ernestpascual/Downloads/projects/bigmochi/halodao-amm-v2/contracts/mock/vault/Vault.sol
FN:67,constructor
FN:71,setPaused
FN:76,WETH
FNF:3
FNH:1
FNDA:6,constructor
FNDA:0,setPaused
FNDA:0,WETH
DA:72,0
DA:77,0
LF:2
LH:0
BRF:0
BRH:0
end_of_record
TN:
SF:/Users/ernestpascual/Downloads/projects/bigmochi/halodao-amm-v2/contracts/mock/vault/VaultAuthorization.sol
FN:71,authenticateFor
FN:79,constructor
FN:84,setAuthorizer
FN:88,_setAuthorizer
FN:93,getAuthorizer
FN:101,setRelayerApproval
FN:106,hasApprovedRelayer
FN:116,_authenticateFor
FN:132,_hasApprovedRelayer
FN:136,_canPerform
FN:141,_typeHash
FNF:11
FNH:4
FNDA:20,authenticateFor
FNDA:6,constructor
FNDA:0,setAuthorizer
FNDA:6,_setAuthorizer
FNDA:0,getAuthorizer
FNDA:0,setRelayerApproval
FNDA:0,hasApprovedRelayer
FNDA:20,_authenticateFor
FNDA:0,_hasApprovedRelayer
FNDA:0,_canPerform
FNDA:0,_typeHash
DA:72,20
DA:73,20
DA:81,6
DA:85,0
DA:89,6
DA:90,6
DA:94,0
DA:102,0
DA:103,0
DA:107,0
DA:117,20
DA:119,0
DA:123,0
DA:124,0
DA:133,0
DA:138,0
DA:145,0
LF:17
LH:6
BRDA:117,1,0,0
BRDA:117,1,1,20
BRDA:123,2,0,0
BRDA:123,2,1,0
BRF:4
BRH:1
end_of_record
